#
# There is insufficient memory for the Java Runtime Environment to continue.
# Native memory allocation (mmap) failed to map 99614720 bytes for Failed to commit area from 0x000000008fc00000 to 0x0000000095b00000 of length 99614720.
# Possible reasons:
#   The system is out of physical RAM or swap space
#   The process is running with CompressedOops enabled, and the Java Heap may be blocking the growth of the native heap
# Possible solutions:
#   Reduce memory load on the system
#   Increase physical memory or swap space
#   Check if swap backing store is full
#   Decrease Java heap size (-Xmx/-Xms)
#   Decrease number of Java threads
#   Decrease Java thread stack sizes (-Xss)
#   Set larger code cache with -XX:ReservedCodeCacheSize=
#   JVM is running with Unscaled Compressed Oops mode in which the Java heap is
#     placed in the first 4GB address space. The Java Heap base address is the
#     maximum limit for the native heap growth. Please use -XX:HeapBaseMinAddress
#     to set the Java Heap base and to place the Java Heap above 4GB virtual address.
# This output file may be truncated or incomplete.
#
#  Out of Memory Error (./src/hotspot/os/windows/os_windows.cpp:3619), pid=24240, tid=18424
#
# JRE version: OpenJDK Runtime Environment (11.0.13) (build 11.0.13+0-b1751.21-8125866)
# Java VM: OpenJDK 64-Bit Server VM (11.0.13+0-b1751.21-8125866, mixed mode, tiered, compressed oops, g1 gc, windows-amd64)
# No core dump will be written. Minidumps are not enabled by default on client versions of Windows
#

---------------  S U M M A R Y ------------

Command Line: --add-opens=java.base/java.util=ALL-UNNAMED --add-opens=java.base/java.lang=ALL-UNNAMED --add-opens=java.base/java.lang.invoke=ALL-UNNAMED --add-opens=java.base/java.util=ALL-UNNAMED --add-opens=java.prefs/java.util.prefs=ALL-UNNAMED --add-opens=java.prefs/java.util.prefs=ALL-UNNAMED --add-opens=java.base/java.nio.charset=ALL-UNNAMED --add-opens=java.base/java.net=ALL-UNNAMED --add-opens=java.base/java.util.concurrent.atomic=ALL-UNNAMED -Xmx2048m -Dfile.encoding=UTF-8 -Duser.country=RU -Duser.language=ru -Duser.variant org.gradle.launcher.daemon.bootstrap.GradleDaemon 7.4

Host: Intel(R) Core(TM) i7-4700MQ CPU @ 2.40GHz, 8 cores, 11G,  Windows 10 , 64 bit Build 19041 (10.0.19041.2364)
Time: Tue Dec 20 23:20:01 2022 Астраханское стандартное время elapsed time: 15.911975 seconds (0d 0h 0m 15s)

---------------  T H R E A D  ---------------

Current thread (0x000002becd957000):  VMThread "VM Thread" [stack: 0x000000eade900000,0x000000eadea00000] [id=18424]

Stack: [0x000000eade900000,0x000000eadea00000]
[error occurred during error reporting (printing stack bounds), id 0xc0000005, EXCEPTION_ACCESS_VIOLATION (0xc0000005) at pc=0x000002beb6f9112d]

Native frames: (J=compiled Java code, j=interpreted, Vv=VM code, C=native code)
V  [jvm.dll+0x6100fa]
V  [jvm.dll+0x747090]
V  [jvm.dll+0x7486ad]
V  [jvm.dll+0x748ce5]
V  [jvm.dll+0x748c9b]
V  [jvm.dll+0x60f224]
V  [jvm.dll+0x60f9b8]
C  [ntdll.dll+0xa241f]
C  [ntdll.dll+0x514a4]
C  [ntdll.dll+0xa0f4e]
C  0x000002beb6f9112d

VM_Operation (0x000000eae80fd410): G1CollectForAllocation, mode: safepoint, requested by thread 0x000002bed8048000


---------------  P R O C E S S  ---------------

Threads class SMR info:
_java_thread_list=0x000002bed70fb5b0, length=146, elements={
0x000002beb346d000, 0x000002becd95b000, 0x000002becd95c800, 0x000002bece17c000,
0x000002bece17d000, 0x000002bece17e000, 0x000002bece183800, 0x000002bece1d5800,
0x000002bece1d8800, 0x000002bece348800, 0x000002becfa87000, 0x000002bece690800,
0x000002becf757000, 0x000002bed09f5000, 0x000002bed0b4c800, 0x000002bed2062800,
0x000002bed2063800, 0x000002becf5b5800, 0x000002bed06c0800, 0x000002bed125e800,
0x000002bed1258800, 0x000002bed1257800, 0x000002bed1256800, 0x000002bed1259000,
0x000002bed125a000, 0x000002bed1255000, 0x000002bed1256000, 0x000002bed1254800,
0x000002bed125b000, 0x000002bed17db800, 0x000002bed17db000, 0x000002bed17dd000,
0x000002bed17df000, 0x000002bed17d9000, 0x000002bed17da000, 0x000002bed17e0800,
0x000002bed17e1800, 0x000002bed17e3800, 0x000002bed17e3000, 0x000002bed17e5800,
0x000002bed17e8000, 0x000002bed17e4800, 0x000002bed17e6000, 0x000002bed17e7000,
0x000002bed17e2000, 0x000002bed2978800, 0x000002bed2974800, 0x000002bed2979800,
0x000002bed2976000, 0x000002bed2975000, 0x000002bed297b000, 0x000002bed297a000,
0x000002bed297c000, 0x000002bed297c800, 0x000002bed2977000, 0x000002bed297d800,
0x000002bed2977800, 0x000002bed2981800, 0x000002bed2980800, 0x000002bed297e000,
0x000002bed2983000, 0x000002bed297f000, 0x000002bed2982800, 0x000002bed2980000,
0x000002bed2538000, 0x000002bed2539000, 0x000002bed2535800, 0x000002bed253a000,
0x000002bed2534000, 0x000002bed253a800, 0x000002bed2535000, 0x000002bed253b800,
0x000002bed2536800, 0x000002bed253c800, 0x000002bed2537800, 0x000002bed2541000,
0x000002bed2540800, 0x000002bed253e000, 0x000002bed253d000, 0x000002bed253e800,
0x000002bed253f800, 0x000002bed2542000, 0x000002bed2543000, 0x000002bed0885000,
0x000002bed0886000, 0x000002bed0883800, 0x000002bed0881000, 0x000002bed0881800,
0x000002bed0884000, 0x000002bed0880000, 0x000002bed0886800, 0x000002bed0887800,
0x000002bed0888000, 0x000002bed0882800, 0x000002bed0889000, 0x000002bed088d000,
0x000002bed088a000, 0x000002bed088e000, 0x000002bed088a800, 0x000002bed088b800,
0x000002bed088f000, 0x000002bed088c800, 0x000002bed2e12800, 0x000002bed2e0d000,
0x000002bed2e12000, 0x000002bed2e11000, 0x000002bed2e0e800, 0x000002bed2e13800,
0x000002bed2e0e000, 0x000002bed2e14800, 0x000002bed2e10000, 0x000002bed2e15000,
0x000002bed2e0f800, 0x000002bed2e1b000, 0x000002bed2e1a000, 0x000002bed2e17800,
0x000002bed2e19000, 0x000002bed2e1b800, 0x000002bed2e16000, 0x000002bed2e18800,
0x000002bed2e17000, 0x000002bed7282800, 0x000002bed727f000, 0x000002bed7284000,
0x000002bed7285000, 0x000002bed7280800, 0x000002bed7281800, 0x000002bed7285800,
0x000002bed7280000, 0x000002bed7287800, 0x000002bed728b800, 0x000002bed728c000,
0x000002bed181e000, 0x000002bed85d2800, 0x000002bed7286800, 0x000002bed728a800,
0x000002bed728d000, 0x000002bed7289800, 0x000002bed728e000, 0x000002bed7288000,
0x000002bed7289000, 0x000002bed8046800, 0x000002bed8048000, 0x000002bed8045800,
0x000002bed8042800, 0x000002bed8043000
}

Java Threads: ( => current thread )
  0x000002beb346d000 JavaThread "main" [_thread_blocked, id=24824, stack(0x000000eade300000,0x000000eade400000)]
  0x000002becd95b000 JavaThread "Reference Handler" daemon [_thread_blocked, id=10436, stack(0x000000eadea00000,0x000000eadeb00000)]
  0x000002becd95c800 JavaThread "Finalizer" daemon [_thread_blocked, id=10452, stack(0x000000eadeb00000,0x000000eadec00000)]
  0x000002bece17c000 JavaThread "Signal Dispatcher" daemon [_thread_blocked, id=3740, stack(0x000000eadec00000,0x000000eaded00000)]
  0x000002bece17d000 JavaThread "Attach Listener" daemon [_thread_blocked, id=11544, stack(0x000000eaded00000,0x000000eadee00000)]
  0x000002bece17e000 JavaThread "Service Thread" daemon [_thread_blocked, id=8532, stack(0x000000eadee00000,0x000000eadef00000)]
  0x000002bece183800 JavaThread "C2 CompilerThread0" daemon [_thread_blocked, id=2184, stack(0x000000eadef00000,0x000000eadf000000)]
  0x000002bece1d5800 JavaThread "C1 CompilerThread0" daemon [_thread_blocked, id=6740, stack(0x000000eadf000000,0x000000eadf100000)]
  0x000002bece1d8800 JavaThread "Sweeper thread" daemon [_thread_blocked, id=15436, stack(0x000000eadf100000,0x000000eadf200000)]
  0x000002bece348800 JavaThread "Common-Cleaner" daemon [_thread_blocked, id=9584, stack(0x000000eadf200000,0x000000eadf300000)]
  0x000002becfa87000 JavaThread "Daemon health stats" [_thread_blocked, id=28064, stack(0x000000eadf900000,0x000000eadfa00000)]
  0x000002bece690800 JavaThread "Incoming local TCP Connector on port 62608" [_thread_in_native, id=23632, stack(0x000000eadf400000,0x000000eadf500000)]
  0x000002becf757000 JavaThread "Daemon periodic checks" [_thread_blocked, id=24164, stack(0x000000eadf800000,0x000000eadf900000)]
  0x000002bed09f5000 JavaThread "Daemon" [_thread_blocked, id=26028, stack(0x000000eadfa00000,0x000000eadfb00000)]
  0x000002bed0b4c800 JavaThread "Handler for socket connection from /127.0.0.1:62608 to /127.0.0.1:62609" [_thread_in_native, id=24880, stack(0x000000eadfb00000,0x000000eadfc00000)]
  0x000002bed2062800 JavaThread "Cancel handler" [_thread_blocked, id=26796, stack(0x000000eadfc00000,0x000000eadfd00000)]
  0x000002bed2063800 JavaThread "Daemon worker" [_thread_blocked, id=27644, stack(0x000000eadfd00000,0x000000eadfe00000)]
  0x000002becf5b5800 JavaThread "Asynchronous log dispatcher for DefaultDaemonConnection: socket connection from /127.0.0.1:62608 to /127.0.0.1:62609" [_thread_blocked, id=26324, stack(0x000000eadfe00000,0x000000eadff00000)]
  0x000002bed06c0800 JavaThread "Stdin handler" [_thread_blocked, id=20288, stack(0x000000eadff00000,0x000000eae0000000)]
  0x000002bed125e800 JavaThread "Daemon client event forwarder" [_thread_blocked, id=25668, stack(0x000000eae0000000,0x000000eae0100000)]
  0x000002bed1258800 JavaThread "Cache worker for journal cache (C:\Users\rita\.gradle\caches\journal-1)" [_thread_blocked, id=14308, stack(0x000000eae0200000,0x000000eae0300000)]
  0x000002bed1257800 JavaThread "File lock request listener" [_thread_in_native, id=24660, stack(0x000000eae0300000,0x000000eae0400000)]
  0x000002bed1256800 JavaThread "Cache worker for file hash cache (C:\Users\rita\.gradle\caches\7.4\fileHashes)" [_thread_blocked, id=22728, stack(0x000000eae0400000,0x000000eae0500000)]
  0x000002bed1259000 JavaThread "File watcher server" daemon [_thread_blocked, id=22128, stack(0x000000eae0b00000,0x000000eae0c00000)]
  0x000002bed125a000 JavaThread "File watcher consumer" daemon [_thread_blocked, id=22580, stack(0x000000eae0c00000,0x000000eae0d00000)]
  0x000002bed1255000 JavaThread "Cache worker for checksums cache (F:\MobileDevelopment\Bank\.gradle\7.4\checksums)" [_thread_blocked, id=19544, stack(0x000000eae0d00000,0x000000eae0e00000)]
  0x000002bed1256000 JavaThread "Cache worker for cache directory md-rule (C:\Users\rita\.gradle\caches\7.4\md-rule)" [_thread_blocked, id=13156, stack(0x000000eae0e00000,0x000000eae0f00000)]
  0x000002bed1254800 JavaThread "Cache worker for file hash cache (F:\MobileDevelopment\Bank\.gradle\7.4\fileHashes)" [_thread_blocked, id=24960, stack(0x000000eae0f00000,0x000000eae1000000)]
  0x000002bed125b000 JavaThread "Cache worker for cache directory md-supplier (C:\Users\rita\.gradle\caches\7.4\md-supplier)" [_thread_blocked, id=18380, stack(0x000000eae1000000,0x000000eae1100000)]
  0x000002bed17db800 JavaThread "Cache worker for execution history cache (C:\Users\rita\.gradle\caches\7.4\executionHistory)" [_thread_blocked, id=24132, stack(0x000000eae1100000,0x000000eae1200000)]
  0x000002bed17db000 JavaThread "jar transforms" [_thread_blocked, id=25820, stack(0x000000eae1200000,0x000000eae1300000)]
  0x000002bed17dd000 JavaThread "Cache worker for file content cache (C:\Users\rita\.gradle\caches\7.4\fileContent)" [_thread_blocked, id=16568, stack(0x000000eae1300000,0x000000eae1400000)]
  0x000002bed17df000 JavaThread "jar transforms Thread 2" [_thread_blocked, id=13872, stack(0x000000eae1400000,0x000000eae1500000)]
  0x000002bed17d9000 JavaThread "Cache worker for dependencies-accessors (F:\MobileDevelopment\Bank\.gradle\7.4\dependencies-accessors)" [_thread_blocked, id=22484, stack(0x000000eae1500000,0x000000eae1600000)]
  0x000002bed17da000 JavaThread "jar transforms Thread 3" [_thread_blocked, id=21640, stack(0x000000eae1600000,0x000000eae1700000)]
  0x000002bed17e0800 JavaThread "Cache worker for Build Output Cleanup Cache (F:\MobileDevelopment\Bank\.gradle\buildOutputCleanup)" [_thread_blocked, id=15468, stack(0x000000eae1700000,0x000000eae1800000)]
  0x000002bed17e1800 JavaThread "Unconstrained build operations" [_thread_blocked, id=23880, stack(0x000000eae1800000,0x000000eae1900000)]
  0x000002bed17e3800 JavaThread "Unconstrained build operations Thread 2" [_thread_blocked, id=17752, stack(0x000000eae1900000,0x000000eae1a00000)]
  0x000002bed17e3000 JavaThread "Unconstrained build operations Thread 3" [_thread_blocked, id=22556, stack(0x000000eae1a00000,0x000000eae1b00000)]
  0x000002bed17e5800 JavaThread "Unconstrained build operations Thread 4" [_thread_blocked, id=26224, stack(0x000000eae1b00000,0x000000eae1c00000)]
  0x000002bed17e8000 JavaThread "Unconstrained build operations Thread 5" [_thread_blocked, id=26520, stack(0x000000eae1c00000,0x000000eae1d00000)]
  0x000002bed17e4800 JavaThread "Unconstrained build operations Thread 6" [_thread_blocked, id=12256, stack(0x000000eae1d00000,0x000000eae1e00000)]
  0x000002bed17e6000 JavaThread "Unconstrained build operations Thread 7" [_thread_blocked, id=14072, stack(0x000000eae1e00000,0x000000eae1f00000)]
  0x000002bed17e7000 JavaThread "Unconstrained build operations Thread 8" [_thread_blocked, id=19856, stack(0x000000eae1f00000,0x000000eae2000000)]
  0x000002bed17e2000 JavaThread "Unconstrained build operations Thread 9" [_thread_blocked, id=17372, stack(0x000000eae2000000,0x000000eae2100000)]
  0x000002bed2978800 JavaThread "Unconstrained build operations Thread 10" [_thread_blocked, id=13148, stack(0x000000eae2100000,0x000000eae2200000)]
  0x000002bed2974800 JavaThread "Unconstrained build operations Thread 11" [_thread_blocked, id=8512, stack(0x000000eae2200000,0x000000eae2300000)]
  0x000002bed2979800 JavaThread "Unconstrained build operations Thread 12" [_thread_blocked, id=18956, stack(0x000000eae2300000,0x000000eae2400000)]
  0x000002bed2976000 JavaThread "Unconstrained build operations Thread 13" [_thread_blocked, id=15188, stack(0x000000eae2400000,0x000000eae2500000)]
  0x000002bed2975000 JavaThread "Unconstrained build operations Thread 14" [_thread_blocked, id=22244, stack(0x000000eae2500000,0x000000eae2600000)]
  0x000002bed297b000 JavaThread "Unconstrained build operations Thread 15" [_thread_blocked, id=14416, stack(0x000000eae2600000,0x000000eae2700000)]
  0x000002bed297a000 JavaThread "Unconstrained build operations Thread 16" [_thread_blocked, id=18532, stack(0x000000eae2700000,0x000000eae2800000)]
  0x000002bed297c000 JavaThread "Unconstrained build operations Thread 17" [_thread_blocked, id=15956, stack(0x000000eae2800000,0x000000eae2900000)]
  0x000002bed297c800 JavaThread "Unconstrained build operations Thread 18" [_thread_blocked, id=13240, stack(0x000000eae2900000,0x000000eae2a00000)]
  0x000002bed2977000 JavaThread "Unconstrained build operations Thread 19" [_thread_blocked, id=1344, stack(0x000000eae2a00000,0x000000eae2b00000)]
  0x000002bed297d800 JavaThread "Unconstrained build operations Thread 20" [_thread_blocked, id=24832, stack(0x000000eae2b00000,0x000000eae2c00000)]
  0x000002bed2977800 JavaThread "Unconstrained build operations Thread 21" [_thread_blocked, id=14788, stack(0x000000eae2c00000,0x000000eae2d00000)]
  0x000002bed2981800 JavaThread "Unconstrained build operations Thread 22" [_thread_blocked, id=22064, stack(0x000000eae2d00000,0x000000eae2e00000)]
  0x000002bed2980800 JavaThread "Unconstrained build operations Thread 23" [_thread_blocked, id=20600, stack(0x000000eae2e00000,0x000000eae2f00000)]
  0x000002bed297e000 JavaThread "Unconstrained build operations Thread 24" [_thread_blocked, id=8632, stack(0x000000eae2f00000,0x000000eae3000000)]
  0x000002bed2983000 JavaThread "Unconstrained build operations Thread 25" [_thread_blocked, id=23712, stack(0x000000eae3000000,0x000000eae3100000)]
  0x000002bed297f000 JavaThread "Unconstrained build operations Thread 26" [_thread_blocked, id=24624, stack(0x000000eae3100000,0x000000eae3200000)]
  0x000002bed2982800 JavaThread "Unconstrained build operations Thread 27" [_thread_blocked, id=6440, stack(0x000000eae3200000,0x000000eae3300000)]
  0x000002bed2980000 JavaThread "Unconstrained build operations Thread 28" [_thread_blocked, id=16056, stack(0x000000eae3300000,0x000000eae3400000)]
  0x000002bed2538000 JavaThread "Unconstrained build operations Thread 29" [_thread_blocked, id=23028, stack(0x000000eae3400000,0x000000eae3500000)]
  0x000002bed2539000 JavaThread "Unconstrained build operations Thread 30" [_thread_blocked, id=16812, stack(0x000000eae3500000,0x000000eae3600000)]
  0x000002bed2535800 JavaThread "Unconstrained build operations Thread 31" [_thread_blocked, id=22208, stack(0x000000eae3600000,0x000000eae3700000)]
  0x000002bed253a000 JavaThread "Unconstrained build operations Thread 32" [_thread_blocked, id=5464, stack(0x000000eae3700000,0x000000eae3800000)]
  0x000002bed2534000 JavaThread "Unconstrained build operations Thread 33" [_thread_blocked, id=12684, stack(0x000000eae3800000,0x000000eae3900000)]
  0x000002bed253a800 JavaThread "Unconstrained build operations Thread 34" [_thread_blocked, id=19228, stack(0x000000eae3900000,0x000000eae3a00000)]
  0x000002bed2535000 JavaThread "Unconstrained build operations Thread 35" [_thread_blocked, id=24432, stack(0x000000eae3a00000,0x000000eae3b00000)]
  0x000002bed253b800 JavaThread "Unconstrained build operations Thread 36" [_thread_blocked, id=24568, stack(0x000000eae3b00000,0x000000eae3c00000)]
  0x000002bed2536800 JavaThread "Unconstrained build operations Thread 37" [_thread_blocked, id=25080, stack(0x000000eae3c00000,0x000000eae3d00000)]
  0x000002bed253c800 JavaThread "Unconstrained build operations Thread 38" [_thread_blocked, id=24584, stack(0x000000eae3d00000,0x000000eae3e00000)]
  0x000002bed2537800 JavaThread "Unconstrained build operations Thread 39" [_thread_blocked, id=26924, stack(0x000000eae3e00000,0x000000eae3f00000)]
  0x000002bed2541000 JavaThread "Unconstrained build operations Thread 40" [_thread_blocked, id=16792, stack(0x000000eae3f00000,0x000000eae4000000)]
  0x000002bed2540800 JavaThread "Unconstrained build operations Thread 41" [_thread_blocked, id=9908, stack(0x000000eae4000000,0x000000eae4100000)]
  0x000002bed253e000 JavaThread "Unconstrained build operations Thread 42" [_thread_blocked, id=6896, stack(0x000000eae4100000,0x000000eae4200000)]
  0x000002bed253d000 JavaThread "Unconstrained build operations Thread 43" [_thread_blocked, id=32, stack(0x000000eae4200000,0x000000eae4300000)]
  0x000002bed253e800 JavaThread "Unconstrained build operations Thread 44" [_thread_blocked, id=17568, stack(0x000000eae4300000,0x000000eae4400000)]
  0x000002bed253f800 JavaThread "Unconstrained build operations Thread 45" [_thread_blocked, id=14344, stack(0x000000eae4400000,0x000000eae4500000)]
  0x000002bed2542000 JavaThread "Unconstrained build operations Thread 46" [_thread_blocked, id=25636, stack(0x000000eae4500000,0x000000eae4600000)]
  0x000002bed2543000 JavaThread "Unconstrained build operations Thread 47" [_thread_blocked, id=21904, stack(0x000000eae4600000,0x000000eae4700000)]
  0x000002bed0885000 JavaThread "Unconstrained build operations Thread 48" [_thread_blocked, id=26472, stack(0x000000eae4700000,0x000000eae4800000)]
  0x000002bed0886000 JavaThread "Unconstrained build operations Thread 49" [_thread_blocked, id=15308, stack(0x000000eae4800000,0x000000eae4900000)]
  0x000002bed0883800 JavaThread "Unconstrained build operations Thread 50" [_thread_blocked, id=21260, stack(0x000000eae4900000,0x000000eae4a00000)]
  0x000002bed0881000 JavaThread "Unconstrained build operations Thread 51" [_thread_blocked, id=19276, stack(0x000000eae4a00000,0x000000eae4b00000)]
  0x000002bed0881800 JavaThread "Unconstrained build operations Thread 52" [_thread_blocked, id=13676, stack(0x000000eae4b00000,0x000000eae4c00000)]
  0x000002bed0884000 JavaThread "Unconstrained build operations Thread 53" [_thread_blocked, id=20412, stack(0x000000eae4c00000,0x000000eae4d00000)]
  0x000002bed0880000 JavaThread "Unconstrained build operations Thread 54" [_thread_blocked, id=3248, stack(0x000000eae4d00000,0x000000eae4e00000)]
  0x000002bed0886800 JavaThread "Unconstrained build operations Thread 55" [_thread_blocked, id=22240, stack(0x000000eae4e00000,0x000000eae4f00000)]
  0x000002bed0887800 JavaThread "Unconstrained build operations Thread 56" [_thread_blocked, id=27652, stack(0x000000eae4f00000,0x000000eae5000000)]
  0x000002bed0888000 JavaThread "Unconstrained build operations Thread 57" [_thread_blocked, id=21152, stack(0x000000eae5000000,0x000000eae5100000)]
  0x000002bed0882800 JavaThread "Unconstrained build operations Thread 58" [_thread_blocked, id=20740, stack(0x000000eae5100000,0x000000eae5200000)]
  0x000002bed0889000 JavaThread "Unconstrained build operations Thread 59" [_thread_blocked, id=2872, stack(0x000000eae5200000,0x000000eae5300000)]
  0x000002bed088d000 JavaThread "Unconstrained build operations Thread 60" [_thread_blocked, id=17592, stack(0x000000eae5300000,0x000000eae5400000)]
  0x000002bed088a000 JavaThread "Unconstrained build operations Thread 61" [_thread_blocked, id=8836, stack(0x000000eae5400000,0x000000eae5500000)]
  0x000002bed088e000 JavaThread "Unconstrained build operations Thread 62" [_thread_blocked, id=27128, stack(0x000000eae5500000,0x000000eae5600000)]
  0x000002bed088a800 JavaThread "Unconstrained build operations Thread 63" [_thread_blocked, id=20924, stack(0x000000eae5600000,0x000000eae5700000)]
  0x000002bed088b800 JavaThread "Unconstrained build operations Thread 64" [_thread_blocked, id=3448, stack(0x000000eae5700000,0x000000eae5800000)]
  0x000002bed088f000 JavaThread "Unconstrained build operations Thread 65" [_thread_blocked, id=5312, stack(0x000000eae5800000,0x000000eae5900000)]
  0x000002bed088c800 JavaThread "Unconstrained build operations Thread 66" [_thread_blocked, id=12604, stack(0x000000eae5900000,0x000000eae5a00000)]
  0x000002bed2e12800 JavaThread "Unconstrained build operations Thread 67" [_thread_blocked, id=14524, stack(0x000000eae5a00000,0x000000eae5b00000)]
  0x000002bed2e0d000 JavaThread "Unconstrained build operations Thread 68" [_thread_blocked, id=20256, stack(0x000000eae5b00000,0x000000eae5c00000)]
  0x000002bed2e12000 JavaThread "Unconstrained build operations Thread 69" [_thread_blocked, id=26116, stack(0x000000eae5c00000,0x000000eae5d00000)]
  0x000002bed2e11000 JavaThread "Unconstrained build operations Thread 70" [_thread_blocked, id=22448, stack(0x000000eae5d00000,0x000000eae5e00000)]
  0x000002bed2e0e800 JavaThread "Unconstrained build operations Thread 71" [_thread_blocked, id=16512, stack(0x000000eae5e00000,0x000000eae5f00000)]
  0x000002bed2e13800 JavaThread "Unconstrained build operations Thread 72" [_thread_blocked, id=14776, stack(0x000000eae5f00000,0x000000eae6000000)]
  0x000002bed2e0e000 JavaThread "Unconstrained build operations Thread 73" [_thread_blocked, id=27988, stack(0x000000eae6000000,0x000000eae6100000)]
  0x000002bed2e14800 JavaThread "Unconstrained build operations Thread 74" [_thread_blocked, id=26652, stack(0x000000eae6100000,0x000000eae6200000)]
  0x000002bed2e10000 JavaThread "Unconstrained build operations Thread 75" [_thread_blocked, id=13764, stack(0x000000eae6200000,0x000000eae6300000)]
  0x000002bed2e15000 JavaThread "Unconstrained build operations Thread 76" [_thread_blocked, id=21108, stack(0x000000eae6300000,0x000000eae6400000)]
  0x000002bed2e0f800 JavaThread "Unconstrained build operations Thread 77" [_thread_blocked, id=9712, stack(0x000000eae6400000,0x000000eae6500000)]
  0x000002bed2e1b000 JavaThread "Unconstrained build operations Thread 78" [_thread_blocked, id=18848, stack(0x000000eae6500000,0x000000eae6600000)]
  0x000002bed2e1a000 JavaThread "Unconstrained build operations Thread 79" [_thread_blocked, id=20192, stack(0x000000eae6600000,0x000000eae6700000)]
  0x000002bed2e17800 JavaThread "Unconstrained build operations Thread 80" [_thread_blocked, id=20572, stack(0x000000eae6700000,0x000000eae6800000)]
  0x000002bed2e19000 JavaThread "jar transforms Thread 4" [_thread_blocked, id=15672, stack(0x000000eae6800000,0x000000eae6900000)]
  0x000002bed2e1b800 JavaThread "jar transforms Thread 5" [_thread_blocked, id=6924, stack(0x000000eae6900000,0x000000eae6a00000)]
  0x000002bed2e16000 JavaThread "jar transforms Thread 6" [_thread_blocked, id=14628, stack(0x000000eae6a00000,0x000000eae6b00000)]
  0x000002bed2e18800 JavaThread "jar transforms Thread 7" [_thread_blocked, id=732, stack(0x000000eae6b00000,0x000000eae6c00000)]
  0x000002bed2e17000 JavaThread "jar transforms Thread 8" [_thread_blocked, id=2092, stack(0x000000eae6c00000,0x000000eae6d00000)]
  0x000002bed7282800 JavaThread "Memory manager" [_thread_blocked, id=12132, stack(0x000000eae6d00000,0x000000eae6e00000)]
  0x000002bed727f000 JavaThread "build event listener" [_thread_blocked, id=14612, stack(0x000000eae6e00000,0x000000eae6f00000)]
  0x000002bed7284000 JavaThread "included builds" [_thread_blocked, id=19360, stack(0x000000eae6f00000,0x000000eae7000000)]
  0x000002bed7285000 JavaThread "Execution worker for ':'" [_thread_blocked, id=5968, stack(0x000000eae7000000,0x000000eae7100000)]
  0x000002bed7280800 JavaThread "Execution worker for ':' Thread 2" [_thread_blocked, id=16728, stack(0x000000eae7100000,0x000000eae7200000)]
  0x000002bed7281800 JavaThread "Execution worker for ':' Thread 3" [_thread_blocked, id=26900, stack(0x000000eae7200000,0x000000eae7300000)]
  0x000002bed7285800 JavaThread "Execution worker for ':' Thread 4" [_thread_blocked, id=10856, stack(0x000000eae7300000,0x000000eae7400000)]
  0x000002bed7280000 JavaThread "Execution worker for ':' Thread 5" [_thread_blocked, id=23752, stack(0x000000eae7400000,0x000000eae7500000)]
  0x000002bed7287800 JavaThread "Execution worker for ':' Thread 6" [_thread_blocked, id=21692, stack(0x000000eae7500000,0x000000eae7600000)]
  0x000002bed728b800 JavaThread "Execution worker for ':' Thread 7" [_thread_blocked, id=2724, stack(0x000000eae7600000,0x000000eae7700000)]
  0x000002bed728c000 JavaThread "Cache worker for execution history cache (F:\MobileDevelopment\Bank\.gradle\7.4\executionHistory)" [_thread_blocked, id=9864, stack(0x000000eae7700000,0x000000eae7800000)]
  0x000002bed181e000 JavaThread "C2 CompilerThread1" daemon [_thread_blocked, id=13428, stack(0x000000eae0100000,0x000000eae0200000)]
  0x000002bed85d2800 JavaThread "C2 CompilerThread2" daemon [_thread_blocked, id=19264, stack(0x000000eae0a00000,0x000000eae0b00000)]
  0x000002bed7286800 JavaThread "WorkerExecutor Queue" [_thread_blocked, id=8072, stack(0x000000eae7800000,0x000000eae7900000)]
  0x000002bed728a800 JavaThread "WorkerExecutor Queue Thread 2" [_thread_blocked, id=26440, stack(0x000000eae7900000,0x000000eae7a00000)]
  0x000002bed728d000 JavaThread "WorkerExecutor Queue Thread 3" [_thread_blocked, id=9932, stack(0x000000eae7a00000,0x000000eae7b00000)]
  0x000002bed7289800 JavaThread "WorkerExecutor Queue Thread 4" [_thread_blocked, id=25308, stack(0x000000eae7b00000,0x000000eae7c00000)]
  0x000002bed728e000 JavaThread "WorkerExecutor Queue Thread 5" [_thread_blocked, id=13420, stack(0x000000eae7c00000,0x000000eae7d00000)]
  0x000002bed7288000 JavaThread "WorkerExecutor Queue Thread 6" [_thread_blocked, id=20564, stack(0x000000eae7d00000,0x000000eae7e00000)]
  0x000002bed7289000 JavaThread "WorkerExecutor Queue Thread 7" [_thread_blocked, id=14752, stack(0x000000eae7e00000,0x000000eae7f00000)]
  0x000002bed8046800 JavaThread "WorkerExecutor Queue Thread 8" [_thread_blocked, id=24604, stack(0x000000eae7f00000,0x000000eae8000000)]
  0x000002bed8048000 JavaThread "WorkerExecutor Queue Thread 9" [_thread_blocked, id=8892, stack(0x000000eae8000000,0x000000eae8100000)]
  0x000002bed8045800 JavaThread "pool-3-thread-1" [_thread_blocked, id=22292, stack(0x000000eae8100000,0x000000eae8200000)]
  0x000002bed8042800 JavaThread "stderr" [_thread_in_native, id=25904, stack(0x000000eae8200000,0x000000eae8300000)]
  0x000002bed8043000 JavaThread "stdout" [_thread_in_native, id=21400, stack(0x000000eae8300000,0x000000eae8400000)]

Other Threads:
=>0x000002becd957000 VMThread "VM Thread" [stack: 0x000000eade900000,0x000000eadea00000] [id=18424]
  0x000002bece350800 WatcherThread [stack: 0x000000eadf300000,0x000000eadf400000] [id=27912]
  0x000002beb3487800 GCTaskThread "GC Thread#0" [stack: 0x000000eade400000,0x000000eade500000] [id=5268]
  0x000002becedae800 GCTaskThread "GC Thread#1" [stack: 0x000000eadf500000,0x000000eadf600000] [id=17440]
  0x000002becea94800 GCTaskThread "GC Thread#2" [stack: 0x000000eadf600000,0x000000eadf700000] [id=13976]
  0x000002becee42000 GCTaskThread "GC Thread#3" [stack: 0x000000eadf700000,0x000000eadf800000] [id=14728]
  0x000002becf8d2800 GCTaskThread "GC Thread#4" [stack: 0x000000eae0500000,0x000000eae0600000] [id=20804]
  0x000002beced2e000 GCTaskThread "GC Thread#5" [stack: 0x000000eae0600000,0x000000eae0700000] [id=18544]
  0x000002bed0460800 GCTaskThread "GC Thread#6" [stack: 0x000000eae0700000,0x000000eae0800000] [id=6760]
  0x000002bed0f9d000 GCTaskThread "GC Thread#7" [stack: 0x000000eae0800000,0x000000eae0900000] [id=25836]
  0x000002beb34b8800 ConcurrentGCThread "G1 Main Marker" [stack: 0x000000eade500000,0x000000eade600000] [id=26272]
  0x000002beb34ba000 ConcurrentGCThread "G1 Conc#0" [stack: 0x000000eade600000,0x000000eade700000] [id=18780]
  0x000002bed0de6800 ConcurrentGCThread "G1 Conc#1" [stack: 0x000000eae0900000,0x000000eae0a00000] [id=17740]
  0x000002beb354d800 ConcurrentGCThread "G1 Refine#0" [stack: 0x000000eade700000,0x000000eade800000] [id=26668]
  0x000002bed733d800 ConcurrentGCThread "G1 Refine#1" [stack: 0x000000eae8400000,0x000000eae8500000] [id=17400]
  0x000002bed7339800 ConcurrentGCThread "G1 Refine#2" [stack: 0x000000eae8500000,0x000000eae8600000] [id=19944]
  0x000002bed733e800 ConcurrentGCThread "G1 Refine#3" [stack: 0x000000eae8600000,0x000000eae8700000] [id=10684]
  0x000002becd7a5800 ConcurrentGCThread "G1 Young RemSet Sampling" [stack: 0x000000eade800000,0x000000eade900000] [id=14748]

Threads with active compile tasks:

VM state:at safepoint (normal execution)

VM Mutex/Monitor currently owned by a thread:  ([mutex/lock_event])
[0x000002beb3468d20] Threads_lock - owner thread: 0x000002becd957000
[0x000002beb346a790] Heap_lock - owner thread: 0x000002bed8048000

Heap address: 0x0000000080000000, size: 2048 MB, Compressed Oops mode: 32-bit
Narrow klass base: 0x0000000000000000, Narrow klass shift: 3
Compressed class space size: 1073741824 Address: 0x0000000100000000

Heap:
 garbage-first heap   total 355328K, used 204322K [0x0000000080000000, 0x0000000100000000)
  region size 1024K, 3 young (3072K), 3 survivors (3072K)
 Metaspace       used 93318K, capacity 95533K, committed 96080K, reserved 1132544K
  class space    used 12026K, capacity 12869K, committed 13004K, reserved 1048576K
Heap Regions: E=young(eden), S=young(survivor), O=old, HS=humongous(starts), HC=humongous(continues), CS=collection set, F=free, A=archive, TAMS=top-at-mark-start (previous, next)
|   0|0x0000000080000000, 0x0000000080100000, 0x0000000080100000|100%| O|  |TAMS 0x0000000080100000, 0x0000000080000000| Updating 
|   1|0x0000000080100000, 0x0000000080200000, 0x0000000080200000|100%| O|  |TAMS 0x0000000080200000, 0x0000000080100000| Updating 
|   2|0x0000000080200000, 0x0000000080300000, 0x0000000080300000|100%| O|  |TAMS 0x0000000080300000, 0x0000000080200000| Updating 
|   3|0x0000000080300000, 0x0000000080400000, 0x0000000080400000|100%|HS|  |TAMS 0x0000000080400000, 0x0000000080300000| Complete 
|   4|0x0000000080400000, 0x0000000080500000, 0x0000000080500000|100%|HC|  |TAMS 0x0000000080500000, 0x0000000080400000| Complete 
|   5|0x0000000080500000, 0x0000000080600000, 0x0000000080600000|100%|HC|  |TAMS 0x0000000080600000, 0x0000000080500000| Complete 
|   6|0x0000000080600000, 0x0000000080700000, 0x0000000080700000|100%| O|  |TAMS 0x0000000080700000, 0x0000000080600000| Updating 
|   7|0x0000000080700000, 0x0000000080800000, 0x0000000080800000|100%| O|  |TAMS 0x0000000080800000, 0x0000000080700000| Updating 
|   8|0x0000000080800000, 0x0000000080900000, 0x0000000080900000|100%| O|  |TAMS 0x0000000080900000, 0x0000000080800000| Updating 
|   9|0x0000000080900000, 0x0000000080a00000, 0x0000000080a00000|100%| O|  |TAMS 0x0000000080a00000, 0x0000000080900000| Updating 
|  10|0x0000000080a00000, 0x0000000080b00000, 0x0000000080b00000|100%| O|  |TAMS 0x0000000080b00000, 0x0000000080a00000| Updating 
|  11|0x0000000080b00000, 0x0000000080c00000, 0x0000000080c00000|100%| O|  |TAMS 0x0000000080c00000, 0x0000000080b00000| Updating 
|  12|0x0000000080c00000, 0x0000000080d00000, 0x0000000080d00000|100%| O|  |TAMS 0x0000000080d00000, 0x0000000080c00000| Updating 
|  13|0x0000000080d00000, 0x0000000080e00000, 0x0000000080e00000|100%| O|  |TAMS 0x0000000080e00000, 0x0000000080d00000| Updating 
|  14|0x0000000080e00000, 0x0000000080f00000, 0x0000000080f00000|100%| O|  |TAMS 0x0000000080f00000, 0x0000000080e00000| Updating 
|  15|0x0000000080f00000, 0x0000000081000000, 0x0000000081000000|100%| O|  |TAMS 0x0000000081000000, 0x0000000080f00000| Updating 
|  16|0x0000000081000000, 0x0000000081100000, 0x0000000081100000|100%| O|  |TAMS 0x0000000081100000, 0x0000000081000000| Updating 
|  17|0x0000000081100000, 0x0000000081200000, 0x0000000081200000|100%|HS|  |TAMS 0x0000000081200000, 0x0000000081100000| Complete 
|  18|0x0000000081200000, 0x0000000081300000, 0x0000000081300000|100%|HS|  |TAMS 0x0000000081300000, 0x0000000081200000| Complete 
|  19|0x0000000081300000, 0x0000000081400000, 0x0000000081400000|100%| O|  |TAMS 0x0000000081400000, 0x0000000081300000| Updating 
|  20|0x0000000081400000, 0x0000000081500000, 0x0000000081500000|100%|HS|  |TAMS 0x0000000081500000, 0x0000000081400000| Complete 
|  21|0x0000000081500000, 0x0000000081600000, 0x0000000081600000|100%|HC|  |TAMS 0x0000000081600000, 0x0000000081500000| Complete 
|  22|0x0000000081600000, 0x0000000081700000, 0x0000000081700000|100%| O|  |TAMS 0x0000000081700000, 0x0000000081600000| Updating 
|  23|0x0000000081700000, 0x0000000081800000, 0x0000000081800000|100%| O|  |TAMS 0x0000000081800000, 0x0000000081700000| Updating 
|  24|0x0000000081800000, 0x0000000081900000, 0x0000000081900000|100%| O|  |TAMS 0x0000000081900000, 0x0000000081800000| Updating 
|  25|0x0000000081900000, 0x0000000081a00000, 0x0000000081a00000|100%| O|  |TAMS 0x0000000081a00000, 0x0000000081900000| Updating 
|  26|0x0000000081a00000, 0x0000000081b00000, 0x0000000081b00000|100%| O|  |TAMS 0x0000000081b00000, 0x0000000081a00000| Updating 
|  27|0x0000000081b00000, 0x0000000081c00000, 0x0000000081c00000|100%| O|  |TAMS 0x0000000081c00000, 0x0000000081b00000| Updating 
|  28|0x0000000081c00000, 0x0000000081d00000, 0x0000000081d00000|100%| O|  |TAMS 0x0000000081d00000, 0x0000000081c00000| Updating 
|  29|0x0000000081d00000, 0x0000000081e00000, 0x0000000081e00000|100%| O|  |TAMS 0x0000000081e00000, 0x0000000081d00000| Updating 
|  30|0x0000000081e00000, 0x0000000081f00000, 0x0000000081f00000|100%| O|  |TAMS 0x0000000081f00000, 0x0000000081e00000| Updating 
|  31|0x0000000081f00000, 0x0000000082000000, 0x0000000082000000|100%| O|  |TAMS 0x0000000082000000, 0x0000000081f00000| Updating 
|  32|0x0000000082000000, 0x0000000082100000, 0x0000000082100000|100%| O|  |TAMS 0x0000000082100000, 0x0000000082000000| Updating 
|  33|0x0000000082100000, 0x0000000082200000, 0x0000000082200000|100%| O|  |TAMS 0x0000000082200000, 0x0000000082100000| Updating 
|  34|0x0000000082200000, 0x0000000082300000, 0x0000000082300000|100%| O|  |TAMS 0x0000000082300000, 0x0000000082200000| Updating 
|  35|0x0000000082300000, 0x0000000082400000, 0x0000000082400000|100%| O|  |TAMS 0x0000000082400000, 0x0000000082300000| Updating 
|  36|0x0000000082400000, 0x0000000082500000, 0x0000000082500000|100%| O|  |TAMS 0x0000000082500000, 0x0000000082400000| Updating 
|  37|0x0000000082500000, 0x0000000082600000, 0x0000000082600000|100%| O|  |TAMS 0x0000000082600000, 0x0000000082500000| Updating 
|  38|0x0000000082600000, 0x0000000082700000, 0x0000000082700000|100%| O|  |TAMS 0x0000000082700000, 0x0000000082600000| Updating 
|  39|0x0000000082700000, 0x0000000082800000, 0x0000000082800000|100%| O|  |TAMS 0x0000000082800000, 0x0000000082700000| Updating 
|  40|0x0000000082800000, 0x0000000082900000, 0x0000000082900000|100%| O|  |TAMS 0x0000000082900000, 0x0000000082800000| Updating 
|  41|0x0000000082900000, 0x0000000082a00000, 0x0000000082a00000|100%| O|  |TAMS 0x0000000082a00000, 0x0000000082900000| Updating 
|  42|0x0000000082a00000, 0x0000000082b00000, 0x0000000082b00000|100%| O|  |TAMS 0x0000000082b00000, 0x0000000082a00000| Updating 
|  43|0x0000000082b00000, 0x0000000082c00000, 0x0000000082c00000|100%| O|  |TAMS 0x0000000082c00000, 0x0000000082b00000| Updating 
|  44|0x0000000082c00000, 0x0000000082d00000, 0x0000000082d00000|100%| O|  |TAMS 0x0000000082d00000, 0x0000000082c00000| Updating 
|  45|0x0000000082d00000, 0x0000000082e00000, 0x0000000082e00000|100%| O|  |TAMS 0x0000000082e00000, 0x0000000082d00000| Updating 
|  46|0x0000000082e00000, 0x0000000082f00000, 0x0000000082f00000|100%| O|  |TAMS 0x0000000082f00000, 0x0000000082e00000| Updating 
|  47|0x0000000082f00000, 0x0000000083000000, 0x0000000083000000|100%| O|  |TAMS 0x0000000083000000, 0x0000000082f00000| Updating 
|  48|0x0000000083000000, 0x0000000083100000, 0x0000000083100000|100%| O|  |TAMS 0x0000000083100000, 0x0000000083000000| Updating 
|  49|0x0000000083100000, 0x0000000083200000, 0x0000000083200000|100%| O|  |TAMS 0x0000000083200000, 0x0000000083100000| Updating 
|  50|0x0000000083200000, 0x0000000083300000, 0x0000000083300000|100%| O|  |TAMS 0x0000000083300000, 0x0000000083200000| Updating 
|  51|0x0000000083300000, 0x0000000083400000, 0x0000000083400000|100%| O|  |TAMS 0x0000000083400000, 0x0000000083300000| Updating 
|  52|0x0000000083400000, 0x0000000083500000, 0x0000000083500000|100%| O|  |TAMS 0x0000000083500000, 0x0000000083400000| Updating 
|  53|0x0000000083500000, 0x0000000083600000, 0x0000000083600000|100%| O|  |TAMS 0x0000000083600000, 0x0000000083500000| Updating 
|  54|0x0000000083600000, 0x0000000083700000, 0x0000000083700000|100%| O|  |TAMS 0x0000000083700000, 0x0000000083600000| Updating 
|  55|0x0000000083700000, 0x0000000083800000, 0x0000000083800000|100%| O|  |TAMS 0x0000000083800000, 0x0000000083700000| Updating 
|  56|0x0000000083800000, 0x0000000083900000, 0x0000000083900000|100%| O|  |TAMS 0x0000000083900000, 0x0000000083800000| Updating 
|  57|0x0000000083900000, 0x0000000083a00000, 0x0000000083a00000|100%| O|  |TAMS 0x0000000083a00000, 0x0000000083900000| Updating 
|  58|0x0000000083a00000, 0x0000000083b00000, 0x0000000083b00000|100%| O|  |TAMS 0x0000000083b00000, 0x0000000083a00000| Updating 
|  59|0x0000000083b00000, 0x0000000083c00000, 0x0000000083c00000|100%| O|  |TAMS 0x0000000083c00000, 0x0000000083b00000| Updating 
|  60|0x0000000083c00000, 0x0000000083d00000, 0x0000000083d00000|100%| O|  |TAMS 0x0000000083d00000, 0x0000000083c00000| Updating 
|  61|0x0000000083d00000, 0x0000000083e00000, 0x0000000083e00000|100%| O|  |TAMS 0x0000000083e00000, 0x0000000083d00000| Updating 
|  62|0x0000000083e00000, 0x0000000083f00000, 0x0000000083f00000|100%| O|  |TAMS 0x0000000083f00000, 0x0000000083e00000| Updating 
|  63|0x0000000083f00000, 0x0000000084000000, 0x0000000084000000|100%| O|  |TAMS 0x0000000084000000, 0x0000000083f00000| Updating 
|  64|0x0000000084000000, 0x0000000084100000, 0x0000000084100000|100%| O|  |TAMS 0x0000000084100000, 0x0000000084000000| Updating 
|  65|0x0000000084100000, 0x0000000084200000, 0x0000000084200000|100%| O|  |TAMS 0x0000000084200000, 0x0000000084100000| Updating 
|  66|0x0000000084200000, 0x0000000084300000, 0x0000000084300000|100%| O|  |TAMS 0x0000000084300000, 0x0000000084200000| Updating 
|  67|0x0000000084300000, 0x0000000084400000, 0x0000000084400000|100%|HS|  |TAMS 0x0000000084400000, 0x0000000084300000| Complete 
|  68|0x0000000084400000, 0x0000000084500000, 0x0000000084500000|100%|HC|  |TAMS 0x0000000084500000, 0x0000000084400000| Complete 
|  69|0x0000000084500000, 0x0000000084600000, 0x0000000084600000|100%|HS|  |TAMS 0x0000000084600000, 0x0000000084500000| Complete 
|  70|0x0000000084600000, 0x0000000084700000, 0x0000000084700000|100%|HS|  |TAMS 0x0000000084700000, 0x0000000084600000| Complete 
|  71|0x0000000084700000, 0x0000000084800000, 0x0000000084800000|100%|HS|  |TAMS 0x0000000084800000, 0x0000000084700000| Complete 
|  72|0x0000000084800000, 0x0000000084900000, 0x0000000084900000|100%|HS|  |TAMS 0x0000000084900000, 0x0000000084800000| Complete 
|  73|0x0000000084900000, 0x0000000084a00000, 0x0000000084a00000|100%|HC|  |TAMS 0x0000000084a00000, 0x0000000084900000| Complete 
|  74|0x0000000084a00000, 0x0000000084b00000, 0x0000000084b00000|100%|HS|  |TAMS 0x0000000084b00000, 0x0000000084a00000| Complete 
|  75|0x0000000084b00000, 0x0000000084c00000, 0x0000000084c00000|100%|HC|  |TAMS 0x0000000084c00000, 0x0000000084b00000| Complete 
|  76|0x0000000084c00000, 0x0000000084d00000, 0x0000000084d00000|100%|HS|  |TAMS 0x0000000084d00000, 0x0000000084c00000| Complete 
|  77|0x0000000084d00000, 0x0000000084e00000, 0x0000000084e00000|100%|HC|  |TAMS 0x0000000084e00000, 0x0000000084d00000| Complete 
|  78|0x0000000084e00000, 0x0000000084f00000, 0x0000000084f00000|100%|HC|  |TAMS 0x0000000084f00000, 0x0000000084e00000| Complete 
|  79|0x0000000084f00000, 0x0000000085000000, 0x0000000085000000|100%|HC|  |TAMS 0x0000000085000000, 0x0000000084f00000| Complete 
|  80|0x0000000085000000, 0x0000000085100000, 0x0000000085100000|100%|HC|  |TAMS 0x0000000085100000, 0x0000000085000000| Complete 
|  81|0x0000000085100000, 0x0000000085200000, 0x0000000085200000|100%|HS|  |TAMS 0x0000000085200000, 0x0000000085100000| Complete 
|  82|0x0000000085200000, 0x0000000085300000, 0x0000000085300000|100%|HC|  |TAMS 0x0000000085300000, 0x0000000085200000| Complete 
|  83|0x0000000085300000, 0x0000000085400000, 0x0000000085400000|100%|HS|  |TAMS 0x0000000085400000, 0x0000000085300000| Complete 
|  84|0x0000000085400000, 0x0000000085500000, 0x0000000085500000|100%|HC|  |TAMS 0x0000000085500000, 0x0000000085400000| Complete 
|  85|0x0000000085500000, 0x0000000085600000, 0x0000000085600000|100%|HC|  |TAMS 0x0000000085600000, 0x0000000085500000| Complete 
|  86|0x0000000085600000, 0x0000000085700000, 0x0000000085700000|100%| O|  |TAMS 0x0000000085700000, 0x0000000085600000| Updating 
|  87|0x0000000085700000, 0x0000000085800000, 0x0000000085800000|100%| O|  |TAMS 0x0000000085800000, 0x0000000085700000| Updating 
|  88|0x0000000085800000, 0x0000000085900000, 0x0000000085900000|100%| O|  |TAMS 0x0000000085900000, 0x0000000085800000| Updating 
|  89|0x0000000085900000, 0x0000000085a00000, 0x0000000085a00000|100%| O|  |TAMS 0x0000000085a00000, 0x0000000085900000| Updating 
|  90|0x0000000085a00000, 0x0000000085b00000, 0x0000000085b00000|100%| O|  |TAMS 0x0000000085b00000, 0x0000000085a00000| Updating 
|  91|0x0000000085b00000, 0x0000000085c00000, 0x0000000085c00000|100%| O|  |TAMS 0x0000000085c00000, 0x0000000085b00000| Updating 
|  92|0x0000000085c00000, 0x0000000085d00000, 0x0000000085d00000|100%| O|  |TAMS 0x0000000085d00000, 0x0000000085c00000| Updating 
|  93|0x0000000085d00000, 0x0000000085e00000, 0x0000000085e00000|100%| O|  |TAMS 0x0000000085e00000, 0x0000000085d00000| Updating 
|  94|0x0000000085e00000, 0x0000000085f00000, 0x0000000085f00000|100%| O|  |TAMS 0x0000000085f00000, 0x0000000085e00000| Updating 
|  95|0x0000000085f00000, 0x0000000086000000, 0x0000000086000000|100%|HS|  |TAMS 0x0000000086000000, 0x0000000085f00000| Complete 
|  96|0x0000000086000000, 0x0000000086100000, 0x0000000086100000|100%|HC|  |TAMS 0x0000000086100000, 0x0000000086000000| Complete 
|  97|0x0000000086100000, 0x0000000086200000, 0x0000000086200000|100%|HS|  |TAMS 0x0000000086200000, 0x0000000086100000| Complete 
|  98|0x0000000086200000, 0x0000000086300000, 0x0000000086300000|100%|HC|  |TAMS 0x0000000086300000, 0x0000000086200000| Complete 
|  99|0x0000000086300000, 0x0000000086400000, 0x0000000086400000|100%|HS|  |TAMS 0x0000000086400000, 0x0000000086300000| Complete 
| 100|0x0000000086400000, 0x0000000086500000, 0x0000000086500000|100%|HC|  |TAMS 0x0000000086500000, 0x0000000086400000| Complete 
| 101|0x0000000086500000, 0x0000000086600000, 0x0000000086600000|100%|HC|  |TAMS 0x0000000086600000, 0x0000000086500000| Complete 
| 102|0x0000000086600000, 0x0000000086700000, 0x0000000086700000|100%|HS|  |TAMS 0x0000000086700000, 0x0000000086600000| Complete 
| 103|0x0000000086700000, 0x0000000086800000, 0x0000000086800000|100%|HC|  |TAMS 0x0000000086800000, 0x0000000086700000| Complete 
| 104|0x0000000086800000, 0x0000000086900000, 0x0000000086900000|100%|HC|  |TAMS 0x0000000086900000, 0x0000000086800000| Complete 
| 105|0x0000000086900000, 0x0000000086a00000, 0x0000000086a00000|100%|HS|  |TAMS 0x0000000086a00000, 0x0000000086900000| Complete 
| 106|0x0000000086a00000, 0x0000000086b00000, 0x0000000086b00000|100%| O|  |TAMS 0x0000000086b00000, 0x0000000086a00000| Updating 
| 107|0x0000000086b00000, 0x0000000086c00000, 0x0000000086c00000|100%| O|  |TAMS 0x0000000086c00000, 0x0000000086b00000| Updating 
| 108|0x0000000086c00000, 0x0000000086d00000, 0x0000000086d00000|100%| O|  |TAMS 0x0000000086d00000, 0x0000000086c00000| Updating 
| 109|0x0000000086d00000, 0x0000000086e00000, 0x0000000086e00000|100%|HS|  |TAMS 0x0000000086e00000, 0x0000000086d00000| Complete 
| 110|0x0000000086e00000, 0x0000000086f00000, 0x0000000086f00000|100%|HC|  |TAMS 0x0000000086f00000, 0x0000000086e00000| Complete 
| 111|0x0000000086f00000, 0x0000000087000000, 0x0000000087000000|100%| O|  |TAMS 0x0000000087000000, 0x0000000086f00000| Updating 
| 112|0x0000000087000000, 0x0000000087100000, 0x0000000087100000|100%|HS|  |TAMS 0x0000000087100000, 0x0000000087000000| Complete 
| 113|0x0000000087100000, 0x0000000087200000, 0x0000000087200000|100%|HS|  |TAMS 0x0000000087200000, 0x0000000087100000| Complete 
| 114|0x0000000087200000, 0x0000000087300000, 0x0000000087300000|100%|HS|  |TAMS 0x0000000087300000, 0x0000000087200000| Complete 
| 115|0x0000000087300000, 0x0000000087400000, 0x0000000087400000|100%| O|  |TAMS 0x0000000087400000, 0x0000000087300000| Updating 
| 116|0x0000000087400000, 0x0000000087500000, 0x0000000087500000|100%|HS|  |TAMS 0x0000000087500000, 0x0000000087400000| Complete 
| 117|0x0000000087500000, 0x0000000087600000, 0x0000000087600000|100%| O|  |TAMS 0x0000000087600000, 0x0000000087500000| Updating 
| 118|0x0000000087600000, 0x0000000087700000, 0x0000000087700000|100%|HS|  |TAMS 0x0000000087700000, 0x0000000087600000| Complete 
| 119|0x0000000087700000, 0x0000000087800000, 0x0000000087800000|100%| O|  |TAMS 0x0000000087700000, 0x0000000087700000| Untracked 
| 120|0x0000000087800000, 0x0000000087900000, 0x0000000087900000|100%|HS|  |TAMS 0x0000000087900000, 0x0000000087800000| Complete 
| 121|0x0000000087900000, 0x0000000087a00000, 0x0000000087a00000|100%|HC|  |TAMS 0x0000000087a00000, 0x0000000087900000| Complete 
| 122|0x0000000087a00000, 0x0000000087b00000, 0x0000000087b00000|100%|HS|  |TAMS 0x0000000087b00000, 0x0000000087a00000| Complete 
| 123|0x0000000087b00000, 0x0000000087c00000, 0x0000000087c00000|100%|HC|  |TAMS 0x0000000087c00000, 0x0000000087b00000| Complete 
| 124|0x0000000087c00000, 0x0000000087d00000, 0x0000000087d00000|100%|HC|  |TAMS 0x0000000087d00000, 0x0000000087c00000| Complete 
| 125|0x0000000087d00000, 0x0000000087e00000, 0x0000000087e00000|100%|HS|  |TAMS 0x0000000087e00000, 0x0000000087d00000| Complete 
| 126|0x0000000087e00000, 0x0000000087f00000, 0x0000000087f00000|100%|HC|  |TAMS 0x0000000087f00000, 0x0000000087e00000| Complete 
| 127|0x0000000087f00000, 0x0000000088000000, 0x0000000088000000|100%| O|  |TAMS 0x0000000088000000, 0x0000000087f00000| Updating 
| 128|0x0000000088000000, 0x0000000088100000, 0x0000000088100000|100%| O|  |TAMS 0x0000000088100000, 0x0000000088000000| Updating 
| 129|0x0000000088100000, 0x0000000088200000, 0x0000000088200000|100%| O|  |TAMS 0x0000000088200000, 0x0000000088100000| Updating 
| 130|0x0000000088200000, 0x0000000088300000, 0x0000000088300000|100%| O|  |TAMS 0x0000000088300000, 0x0000000088200000| Updating 
| 131|0x0000000088300000, 0x0000000088400000, 0x0000000088400000|100%| O|  |TAMS 0x0000000088400000, 0x0000000088300000| Updating 
| 132|0x0000000088400000, 0x0000000088500000, 0x0000000088500000|100%| O|  |TAMS 0x0000000088500000, 0x0000000088400000| Updating 
| 133|0x0000000088500000, 0x0000000088600000, 0x0000000088600000|100%| O|  |TAMS 0x0000000088600000, 0x0000000088500000| Updating 
| 134|0x0000000088600000, 0x0000000088700000, 0x0000000088700000|100%| O|  |TAMS 0x0000000088700000, 0x0000000088600000| Updating 
| 135|0x0000000088700000, 0x0000000088800000, 0x0000000088800000|100%| O|  |TAMS 0x0000000088800000, 0x0000000088700000| Updating 
| 136|0x0000000088800000, 0x0000000088900000, 0x0000000088900000|100%| O|  |TAMS 0x0000000088900000, 0x0000000088800000| Updating 
| 137|0x0000000088900000, 0x0000000088a00000, 0x0000000088a00000|100%| O|  |TAMS 0x0000000088a00000, 0x0000000088900000| Updating 
| 138|0x0000000088a00000, 0x0000000088b00000, 0x0000000088b00000|100%|HS|  |TAMS 0x0000000088b00000, 0x0000000088a00000| Complete 
| 139|0x0000000088b00000, 0x0000000088c00000, 0x0000000088c00000|100%|HC|  |TAMS 0x0000000088c00000, 0x0000000088b00000| Complete 
| 140|0x0000000088c00000, 0x0000000088d00000, 0x0000000088d00000|100%|HC|  |TAMS 0x0000000088d00000, 0x0000000088c00000| Complete 
| 141|0x0000000088d00000, 0x0000000088e00000, 0x0000000088e00000|100%|HC|  |TAMS 0x0000000088e00000, 0x0000000088d00000| Complete 
| 142|0x0000000088e00000, 0x0000000088f00000, 0x0000000088f00000|100%|HC|  |TAMS 0x0000000088f00000, 0x0000000088e00000| Complete 
| 143|0x0000000088f00000, 0x0000000089000000, 0x0000000089000000|100%|HS|  |TAMS 0x0000000089000000, 0x0000000088f00000| Complete 
| 144|0x0000000089000000, 0x0000000089100000, 0x0000000089100000|100%|HC|  |TAMS 0x0000000089100000, 0x0000000089000000| Complete 
| 145|0x0000000089100000, 0x0000000089200000, 0x0000000089200000|100%| O|  |TAMS 0x0000000089200000, 0x0000000089100000| Updating 
| 146|0x0000000089200000, 0x0000000089300000, 0x0000000089300000|100%|HS|  |TAMS 0x0000000089300000, 0x0000000089200000| Complete 
| 147|0x0000000089300000, 0x0000000089400000, 0x0000000089400000|100%|HC|  |TAMS 0x0000000089400000, 0x0000000089300000| Complete 
| 148|0x0000000089400000, 0x0000000089500000, 0x0000000089500000|100%| O|  |TAMS 0x0000000089500000, 0x0000000089400000| Updating 
| 149|0x0000000089500000, 0x0000000089600000, 0x0000000089600000|100%| O|  |TAMS 0x0000000089600000, 0x0000000089500000| Updating 
| 150|0x0000000089600000, 0x0000000089700000, 0x0000000089700000|100%| O|  |TAMS 0x0000000089700000, 0x0000000089600000| Updating 
| 151|0x0000000089700000, 0x0000000089800000, 0x0000000089800000|100%| O|  |TAMS 0x0000000089800000, 0x0000000089700000| Updating 
| 152|0x0000000089800000, 0x0000000089900000, 0x0000000089900000|100%| O|  |TAMS 0x0000000089900000, 0x0000000089800000| Updating 
| 153|0x0000000089900000, 0x0000000089a00000, 0x0000000089a00000|100%| O|  |TAMS 0x0000000089a00000, 0x0000000089900000| Updating 
| 154|0x0000000089a00000, 0x0000000089b00000, 0x0000000089b00000|100%|HS|  |TAMS 0x0000000089b00000, 0x0000000089a00000| Complete 
| 155|0x0000000089b00000, 0x0000000089c00000, 0x0000000089c00000|100%|HC|  |TAMS 0x0000000089c00000, 0x0000000089b00000| Complete 
| 156|0x0000000089c00000, 0x0000000089d00000, 0x0000000089d00000|100%|HC|  |TAMS 0x0000000089d00000, 0x0000000089c00000| Complete 
| 157|0x0000000089d00000, 0x0000000089e00000, 0x0000000089e00000|100%| O|  |TAMS 0x0000000089e00000, 0x0000000089d00000| Updating 
| 158|0x0000000089e00000, 0x0000000089f00000, 0x0000000089f00000|100%| O|  |TAMS 0x0000000089f00000, 0x0000000089e00000| Updating 
| 159|0x0000000089f00000, 0x000000008a000000, 0x000000008a000000|100%| O|  |TAMS 0x000000008a000000, 0x0000000089f00000| Updating 
| 160|0x000000008a000000, 0x000000008a100000, 0x000000008a100000|100%| O|  |TAMS 0x000000008a100000, 0x000000008a000000| Updating 
| 161|0x000000008a100000, 0x000000008a200000, 0x000000008a200000|100%| O|  |TAMS 0x000000008a200000, 0x000000008a100000| Updating 
| 162|0x000000008a200000, 0x000000008a300000, 0x000000008a300000|100%| O|  |TAMS 0x000000008a300000, 0x000000008a200000| Updating 
| 163|0x000000008a300000, 0x000000008a400000, 0x000000008a400000|100%| O|  |TAMS 0x000000008a400000, 0x000000008a300000| Updating 
| 164|0x000000008a400000, 0x000000008a500000, 0x000000008a500000|100%| O|  |TAMS 0x000000008a500000, 0x000000008a400000| Updating 
| 165|0x000000008a500000, 0x000000008a600000, 0x000000008a600000|100%| O|  |TAMS 0x000000008a600000, 0x000000008a500000| Updating 
| 166|0x000000008a600000, 0x000000008a700000, 0x000000008a700000|100%| O|  |TAMS 0x000000008a700000, 0x000000008a600000| Updating 
| 167|0x000000008a700000, 0x000000008a800000, 0x000000008a800000|100%|HS|  |TAMS 0x000000008a800000, 0x000000008a700000| Complete 
| 168|0x000000008a800000, 0x000000008a900000, 0x000000008a900000|100%|HC|  |TAMS 0x000000008a900000, 0x000000008a800000| Complete 
| 169|0x000000008a900000, 0x000000008aa00000, 0x000000008aa00000|100%| O|  |TAMS 0x000000008a92e600, 0x000000008a900000| Updating 
| 170|0x000000008aa00000, 0x000000008ab00000, 0x000000008ab00000|100%|HS|  |TAMS 0x000000008aa00000, 0x000000008aa00000| Complete 
| 171|0x000000008ab00000, 0x000000008ac00000, 0x000000008ac00000|100%|HC|  |TAMS 0x000000008ab00000, 0x000000008ab00000| Complete 
| 172|0x000000008ac00000, 0x000000008ad00000, 0x000000008ad00000|100%|HS|  |TAMS 0x000000008ad00000, 0x000000008ac00000| Complete 
| 173|0x000000008ad00000, 0x000000008ae00000, 0x000000008ae00000|100%|HC|  |TAMS 0x000000008ae00000, 0x000000008ad00000| Complete 
| 174|0x000000008ae00000, 0x000000008af00000, 0x000000008af00000|100%| O|  |TAMS 0x000000008ae00000, 0x000000008ae00000| Untracked 
| 175|0x000000008af00000, 0x000000008b000000, 0x000000008b000000|100%| O|  |TAMS 0x000000008af00000, 0x000000008af00000| Untracked 
| 176|0x000000008b000000, 0x000000008b100000, 0x000000008b100000|100%| O|  |TAMS 0x000000008b000000, 0x000000008b000000| Untracked 
| 177|0x000000008b100000, 0x000000008b200000, 0x000000008b200000|100%| O|  |TAMS 0x000000008b100000, 0x000000008b100000| Untracked 
| 178|0x000000008b200000, 0x000000008b300000, 0x000000008b300000|100%| O|  |TAMS 0x000000008b200000, 0x000000008b200000| Untracked 
| 179|0x000000008b300000, 0x000000008b400000, 0x000000008b400000|100%| O|  |TAMS 0x000000008b300000, 0x000000008b300000| Untracked 
| 180|0x000000008b400000, 0x000000008b500000, 0x000000008b500000|100%| O|  |TAMS 0x000000008b400000, 0x000000008b400000| Updating 
| 181|0x000000008b500000, 0x000000008b600000, 0x000000008b600000|100%|HS|  |TAMS 0x000000008b500000, 0x000000008b500000| Complete 
| 182|0x000000008b600000, 0x000000008b700000, 0x000000008b700000|100%| O|  |TAMS 0x000000008b600000, 0x000000008b600000| Untracked 
| 183|0x000000008b700000, 0x000000008b800000, 0x000000008b800000|100%| O|  |TAMS 0x000000008b700000, 0x000000008b700000| Untracked 
| 184|0x000000008b800000, 0x000000008b900000, 0x000000008b900000|100%| O|  |TAMS 0x000000008b800000, 0x000000008b800000| Untracked 
| 185|0x000000008b900000, 0x000000008ba00000, 0x000000008ba00000|100%| O|  |TAMS 0x000000008b900000, 0x000000008b900000| Untracked 
| 186|0x000000008ba00000, 0x000000008ba88800, 0x000000008bb00000| 53%| O|  |TAMS 0x000000008ba00000, 0x000000008ba00000| Untracked 
| 187|0x000000008bb00000, 0x000000008bb00000, 0x000000008bc00000|  0%| F|  |TAMS 0x000000008bb00000, 0x000000008bb00000| Untracked 
| 188|0x000000008bc00000, 0x000000008bc00000, 0x000000008bd00000|  0%| F|  |TAMS 0x000000008bc00000, 0x000000008bc00000| Untracked 
| 189|0x000000008bd00000, 0x000000008bd00000, 0x000000008be00000|  0%| F|  |TAMS 0x000000008bd00000, 0x000000008bd00000| Untracked 
| 190|0x000000008be00000, 0x000000008be00000, 0x000000008bf00000|  0%| F|  |TAMS 0x000000008be00000, 0x000000008be00000| Untracked 
| 191|0x000000008bf00000, 0x000000008bf00000, 0x000000008c000000|  0%| F|  |TAMS 0x000000008bf00000, 0x000000008bf00000| Untracked 
| 192|0x000000008c000000, 0x000000008c000000, 0x000000008c100000|  0%| F|  |TAMS 0x000000008c000000, 0x000000008c000000| Untracked 
| 193|0x000000008c100000, 0x000000008c100000, 0x000000008c200000|  0%| F|  |TAMS 0x000000008c100000, 0x000000008c100000| Untracked 
| 194|0x000000008c200000, 0x000000008c200000, 0x000000008c300000|  0%| F|  |TAMS 0x000000008c200000, 0x000000008c200000| Untracked 
| 195|0x000000008c300000, 0x000000008c400000, 0x000000008c400000|100%|HS|  |TAMS 0x000000008c400000, 0x000000008c300000| Complete 
| 196|0x000000008c400000, 0x000000008c500000, 0x000000008c500000|100%|HC|  |TAMS 0x000000008c500000, 0x000000008c400000| Complete 
| 197|0x000000008c500000, 0x000000008c600000, 0x000000008c600000|100%|HC|  |TAMS 0x000000008c600000, 0x000000008c500000| Complete 
| 198|0x000000008c600000, 0x000000008c700000, 0x000000008c700000|100%| O|  |TAMS 0x000000008c700000, 0x000000008c600000| Updating 
| 199|0x000000008c700000, 0x000000008c700000, 0x000000008c800000|  0%| F|  |TAMS 0x000000008c700000, 0x000000008c700000| Untracked 
| 200|0x000000008c800000, 0x000000008c900000, 0x000000008c900000|100%| O|  |TAMS 0x000000008c900000, 0x000000008c800000| Updating 
| 201|0x000000008c900000, 0x000000008ca00000, 0x000000008ca00000|100%| O|  |TAMS 0x000000008ca00000, 0x000000008c900000| Updating 
| 202|0x000000008ca00000, 0x000000008cb00000, 0x000000008cb00000|100%| O|  |TAMS 0x000000008cb00000, 0x000000008ca00000| Updating 
| 203|0x000000008cb00000, 0x000000008cc00000, 0x000000008cc00000|100%| O|  |TAMS 0x000000008cc00000, 0x000000008cb00000| Updating 
| 204|0x000000008cc00000, 0x000000008cd00000, 0x000000008cd00000|100%| O|  |TAMS 0x000000008cd00000, 0x000000008cc00000| Updating 
| 205|0x000000008cd00000, 0x000000008cd00000, 0x000000008ce00000|  0%| F|  |TAMS 0x000000008cd00000, 0x000000008cd00000| Untracked 
| 206|0x000000008ce00000, 0x000000008ce00000, 0x000000008cf00000|  0%| F|  |TAMS 0x000000008ce00000, 0x000000008ce00000| Untracked 
| 207|0x000000008cf00000, 0x000000008cf00000, 0x000000008d000000|  0%| F|  |TAMS 0x000000008cf00000, 0x000000008cf00000| Untracked 
| 208|0x000000008d000000, 0x000000008d100000, 0x000000008d100000|100%| O|  |TAMS 0x000000008d100000, 0x000000008d000000| Updating 
| 209|0x000000008d100000, 0x000000008d100000, 0x000000008d200000|  0%| F|  |TAMS 0x000000008d100000, 0x000000008d100000| Untracked 
| 210|0x000000008d200000, 0x000000008d200000, 0x000000008d300000|  0%| F|  |TAMS 0x000000008d200000, 0x000000008d200000| Untracked 
| 211|0x000000008d300000, 0x000000008d300000, 0x000000008d400000|  0%| F|  |TAMS 0x000000008d300000, 0x000000008d300000| Untracked 
| 212|0x000000008d400000, 0x000000008d400000, 0x000000008d500000|  0%| F|  |TAMS 0x000000008d400000, 0x000000008d400000| Untracked 
| 213|0x000000008d500000, 0x000000008d500000, 0x000000008d600000|  0%| F|  |TAMS 0x000000008d500000, 0x000000008d500000| Untracked 
| 214|0x000000008d600000, 0x000000008d600000, 0x000000008d700000|  0%| F|  |TAMS 0x000000008d600000, 0x000000008d600000| Untracked 
| 215|0x000000008d700000, 0x000000008d700000, 0x000000008d800000|  0%| F|  |TAMS 0x000000008d700000, 0x000000008d700000| Untracked 
| 216|0x000000008d800000, 0x000000008d800000, 0x000000008d900000|  0%| F|  |TAMS 0x000000008d800000, 0x000000008d800000| Untracked 
| 217|0x000000008d900000, 0x000000008d900000, 0x000000008da00000|  0%| F|  |TAMS 0x000000008d900000, 0x000000008d900000| Untracked 
| 218|0x000000008da00000, 0x000000008da00000, 0x000000008db00000|  0%| F|  |TAMS 0x000000008da00000, 0x000000008da00000| Untracked 
| 219|0x000000008db00000, 0x000000008db00000, 0x000000008dc00000|  0%| F|  |TAMS 0x000000008db00000, 0x000000008db00000| Untracked 
| 220|0x000000008dc00000, 0x000000008dc00000, 0x000000008dd00000|  0%| F|  |TAMS 0x000000008dc00000, 0x000000008dc00000| Untracked 
| 221|0x000000008dd00000, 0x000000008dd00000, 0x000000008de00000|  0%| F|  |TAMS 0x000000008dd00000, 0x000000008dd00000| Untracked 
| 222|0x000000008de00000, 0x000000008de00000, 0x000000008df00000|  0%| F|  |TAMS 0x000000008de00000, 0x000000008de00000| Untracked 
| 223|0x000000008df00000, 0x000000008df00000, 0x000000008e000000|  0%| F|  |TAMS 0x000000008df00000, 0x000000008df00000| Untracked 
| 224|0x000000008e000000, 0x000000008e000000, 0x000000008e100000|  0%| F|  |TAMS 0x000000008e000000, 0x000000008e000000| Untracked 
| 225|0x000000008e100000, 0x000000008e100000, 0x000000008e200000|  0%| F|  |TAMS 0x000000008e100000, 0x000000008e100000| Untracked 
| 226|0x000000008e200000, 0x000000008e200000, 0x000000008e300000|  0%| F|  |TAMS 0x000000008e200000, 0x000000008e200000| Untracked 
| 227|0x000000008e300000, 0x000000008e300000, 0x000000008e400000|  0%| F|  |TAMS 0x000000008e300000, 0x000000008e300000| Untracked 
| 228|0x000000008e400000, 0x000000008e400000, 0x000000008e500000|  0%| F|  |TAMS 0x000000008e400000, 0x000000008e400000| Untracked 
| 229|0x000000008e500000, 0x000000008e500000, 0x000000008e600000|  0%| F|  |TAMS 0x000000008e500000, 0x000000008e500000| Untracked 
| 230|0x000000008e600000, 0x000000008e600000, 0x000000008e700000|  0%| F|  |TAMS 0x000000008e600000, 0x000000008e600000| Untracked 
| 231|0x000000008e700000, 0x000000008e700000, 0x000000008e800000|  0%| F|  |TAMS 0x000000008e700000, 0x000000008e700000| Untracked 
| 232|0x000000008e800000, 0x000000008e800000, 0x000000008e900000|  0%| F|  |TAMS 0x000000008e800000, 0x000000008e800000| Untracked 
| 233|0x000000008e900000, 0x000000008e900000, 0x000000008ea00000|  0%| F|  |TAMS 0x000000008e900000, 0x000000008e900000| Untracked 
| 234|0x000000008ea00000, 0x000000008ea00000, 0x000000008eb00000|  0%| F|  |TAMS 0x000000008ea00000, 0x000000008ea00000| Untracked 
| 235|0x000000008eb00000, 0x000000008ec00000, 0x000000008ec00000|100%| S|CS|TAMS 0x000000008eb00000, 0x000000008eb00000| Complete 
| 236|0x000000008ec00000, 0x000000008ed00000, 0x000000008ed00000|100%| S|CS|TAMS 0x000000008ec00000, 0x000000008ec00000| Complete 
| 237|0x000000008ed00000, 0x000000008ee00000, 0x000000008ee00000|100%| S|CS|TAMS 0x000000008ed00000, 0x000000008ed00000| Complete 
| 238|0x000000008ee00000, 0x000000008ee00000, 0x000000008ef00000|  0%| F|  |TAMS 0x000000008ee00000, 0x000000008ee00000| Untracked 
| 239|0x000000008ef00000, 0x000000008ef00000, 0x000000008f000000|  0%| F|  |TAMS 0x000000008ef00000, 0x000000008ef00000| Untracked 
| 240|0x000000008f000000, 0x000000008f000000, 0x000000008f100000|  0%| F|  |TAMS 0x000000008f000000, 0x000000008f000000| Untracked 
| 241|0x000000008f100000, 0x000000008f100000, 0x000000008f200000|  0%| F|  |TAMS 0x000000008f100000, 0x000000008f100000| Untracked 
| 242|0x000000008f200000, 0x000000008f200000, 0x000000008f300000|  0%| F|  |TAMS 0x000000008f200000, 0x000000008f200000| Untracked 
| 243|0x000000008f300000, 0x000000008f300000, 0x000000008f400000|  0%| F|  |TAMS 0x000000008f300000, 0x000000008f300000| Untracked 
| 244|0x000000008f400000, 0x000000008f400000, 0x000000008f500000|  0%| F|  |TAMS 0x000000008f400000, 0x000000008f400000| Untracked 
| 245|0x000000008f500000, 0x000000008f500000, 0x000000008f600000|  0%| F|  |TAMS 0x000000008f500000, 0x000000008f500000| Untracked 
| 246|0x000000008f600000, 0x000000008f600000, 0x000000008f700000|  0%| F|  |TAMS 0x000000008f600000, 0x000000008f600000| Untracked 
| 247|0x000000008f700000, 0x000000008f700000, 0x000000008f800000|  0%| F|  |TAMS 0x000000008f700000, 0x000000008f700000| Untracked 
| 248|0x000000008f800000, 0x000000008f800000, 0x000000008f900000|  0%| F|  |TAMS 0x000000008f800000, 0x000000008f800000| Untracked 
| 249|0x000000008f900000, 0x000000008f900000, 0x000000008fa00000|  0%| F|  |TAMS 0x000000008f900000, 0x000000008f900000| Untracked 
| 250|0x000000008fa00000, 0x000000008fa00000, 0x000000008fb00000|  0%| F|  |TAMS 0x000000008fa00000, 0x000000008fa00000| Untracked 
| 251|0x000000008fb00000, 0x000000008fb00000, 0x000000008fc00000|  0%| F|  |TAMS 0x000000008fb00000, 0x000000008fb00000| Untracked 

Card table byte_map: [0x000002bec66c0000,0x000002bec6ac0000] _byte_map_base: 0x000002bec62c0000

Marking Bits (Prev, Next): (CMBitMap*) 0x000002beb34afb48, (CMBitMap*) 0x000002beb34afb80
 Prev Bits: [0x000002bec6ec0000, 0x000002bec8ec0000)
 Next Bits: [0x000002bec8ec0000, 0x000002becaec0000)

Polling page: 0x000002beb1450000

Metaspace:

Usage:
  Non-class:     80.73 MB capacity,    79.39 MB ( 98%) used,     1.08 MB (  1%) free+waste,   260.94 KB ( <1%) overhead. 
      Class:     12.57 MB capacity,    11.74 MB ( 93%) used,   725.93 KB (  6%) free+waste,   116.75 KB ( <1%) overhead. 
       Both:     93.29 MB capacity,    91.13 MB ( 98%) used,     1.79 MB (  2%) free+waste,   377.69 KB ( <1%) overhead. 

Virtual space:
  Non-class space:       82.00 MB reserved,      81.13 MB ( 99%) committed 
      Class space:        1.00 GB reserved,      12.70 MB (  1%) committed 
             Both:        1.08 GB reserved,      93.83 MB (  8%) committed 

Chunk freelists:
   Non-Class:  220.00 KB
       Class:  123.00 KB
        Both:  343.00 KB

MaxMetaspaceSize: 17179869184.00 GB
CompressedClassSpaceSize: 1.00 GB
Initial GC threshold: 20.80 MB
Current GC threshold: 156.38 MB
CDS: off

CodeHeap 'non-profiled nmethods': size=120000Kb used=6953Kb max_used=6953Kb free=113046Kb
 bounds [0x000002bebea60000, 0x000002bebf130000, 0x000002bec5f90000]
CodeHeap 'profiled nmethods': size=120000Kb used=23912Kb max_used=23912Kb free=96087Kb
 bounds [0x000002beb7530000, 0x000002beb8c90000, 0x000002bebea60000]
CodeHeap 'non-nmethods': size=5760Kb used=2398Kb max_used=2472Kb free=3362Kb
 bounds [0x000002beb6f90000, 0x000002beb7210000, 0x000002beb7530000]
 total_blobs=11990 nmethods=11072 adapters=828
 compilation: enabled
              stopped_count=0, restarted_count=0
 full_count=0

Compilation events (20 events):
Event: 15.723 Thread 0x000002bece183800 11139       4       com.android.tools.r8.internal.NC::hasNext (20 bytes)
Event: 15.724 Thread 0x000002bece183800 nmethod 11139 0x000002bebf11a410 code [0x000002bebf11a5a0, 0x000002bebf11a638]
Event: 15.724 Thread 0x000002bed85d2800 nmethod 11137 0x000002bebf11a710 code [0x000002bebf11a900, 0x000002bebf11b078]
Event: 15.752 Thread 0x000002bece183800 11140       4       com.android.tools.r8.graph.X0::h (62 bytes)
Event: 15.761 Thread 0x000002bece183800 nmethod 11140 0x000002bebf11b610 code [0x000002bebf11b7c0, 0x000002bebf11bdf8]
Event: 15.777 Thread 0x000002bed85d2800 11141       4       com.android.tools.r8.internal.JC::next (60 bytes)
Event: 15.777 Thread 0x000002bece183800 11142       4       com.android.tools.r8.internal.FJ::a (185 bytes)
Event: 15.780 Thread 0x000002bed85d2800 nmethod 11141 0x000002bebf11c210 code [0x000002bebf11c3a0, 0x000002bebf11c5f8]
Event: 15.784 Thread 0x000002bece1d5800 11143       1       com.android.tools.r8.internal.ww::b (6 bytes)
Event: 15.785 Thread 0x000002bece1d5800 nmethod 11143 0x000002bebf11c710 code [0x000002bebf11c8c0, 0x000002bebf11c978]
Event: 15.815 Thread 0x000002bece183800 nmethod 11142 0x000002bebf11ca10 code [0x000002bebf11cc20, 0x000002bebf11d618]
Event: 15.828 Thread 0x000002bed85d2800 11144       4       com.android.tools.r8.internal.nb$$Lambda$1236/0x0000000100b49440::accept (12 bytes)
Event: 15.829 Thread 0x000002bece183800 11145       4       com.android.tools.r8.internal.uw::f (40 bytes)
Event: 15.830 Thread 0x000002bece183800 nmethod 11145 0x000002bebf11db10 code [0x000002bebf11dcc0, 0x000002bebf11dd98]
Event: 15.831 Thread 0x000002bece1d5800 11146       3       com.android.tools.r8.graph.X0::h (62 bytes)
Event: 15.831 Thread 0x000002bece1d5800 nmethod 11146 0x000002beb8c87e90 code [0x000002beb8c880e0, 0x000002beb8c88a88]
Event: 15.845 Thread 0x000002bece1d5800 11147       3       com.android.tools.r8.internal.FJ::d (195 bytes)
Event: 15.846 Thread 0x000002bece1d5800 nmethod 11147 0x000002beb8c88d10 code [0x000002beb8c88fa0, 0x000002beb8c89c38]
Event: 15.851 Thread 0x000002bed85d2800 nmethod 11144 0x000002bebf11de90 code [0x000002bebf11e0a0, 0x000002bebf11eb28]
Event: 15.873 Thread 0x000002bed181e000 nmethod 11001% 0x000002bebf11f210 code [0x000002bebf11f840, 0x000002bebf1261e8]

GC Heap History (20 events):
Event: 13.666 GC heap after
{Heap after GC invocations=16 (full 0):
 garbage-first heap   total 196608K, used 71680K [0x0000000080000000, 0x0000000100000000)
  region size 1024K, 3 young (3072K), 3 survivors (3072K)
 Metaspace       used 88316K, capacity 90573K, committed 90832K, reserved 1128448K
  class space    used 11460K, capacity 12304K, committed 12364K, reserved 1048576K
}
Event: 14.483 GC heap before
{Heap before GC invocations=16 (full 0):
 garbage-first heap   total 196608K, used 163840K [0x0000000080000000, 0x0000000100000000)
  region size 1024K, 87 young (89088K), 3 survivors (3072K)
 Metaspace       used 89729K, capacity 92017K, committed 92240K, reserved 1128448K
  class space    used 11584K, capacity 12438K, committed 12492K, reserved 1048576K
}
Event: 14.492 GC heap after
{Heap after GC invocations=17 (full 0):
 garbage-first heap   total 196608K, used 84881K [0x0000000080000000, 0x0000000100000000)
  region size 1024K, 9 young (9216K), 9 survivors (9216K)
 Metaspace       used 89729K, capacity 92017K, committed 92240K, reserved 1128448K
  class space    used 11584K, capacity 12438K, committed 12492K, reserved 1048576K
}
Event: 14.589 GC heap before
{Heap before GC invocations=17 (full 0):
 garbage-first heap   total 196608K, used 112529K [0x0000000080000000, 0x0000000100000000)
  region size 1024K, 26 young (26624K), 9 survivors (9216K)
 Metaspace       used 89795K, capacity 92060K, committed 92240K, reserved 1128448K
  class space    used 11592K, capacity 12445K, committed 12492K, reserved 1048576K
}
Event: 14.598 GC heap after
{Heap after GC invocations=18 (full 0):
 garbage-first heap   total 196608K, used 101206K [0x0000000080000000, 0x0000000100000000)
  region size 1024K, 5 young (5120K), 5 survivors (5120K)
 Metaspace       used 89795K, capacity 92060K, committed 92240K, reserved 1128448K
  class space    used 11592K, capacity 12445K, committed 12492K, reserved 1048576K
}
Event: 14.961 GC heap before
{Heap before GC invocations=19 (full 0):
 garbage-first heap   total 196608K, used 133974K [0x0000000080000000, 0x0000000100000000)
  region size 1024K, 28 young (28672K), 5 survivors (5120K)
 Metaspace       used 93011K, capacity 95203K, committed 95824K, reserved 1132544K
  class space    used 11983K, capacity 12803K, committed 13004K, reserved 1048576K
}
Event: 14.968 GC heap after
{Heap after GC invocations=20 (full 0):
 garbage-first heap   total 196608K, used 115528K [0x0000000080000000, 0x0000000100000000)
  region size 1024K, 7 young (7168K), 7 survivors (7168K)
 Metaspace       used 93011K, capacity 95203K, committed 95824K, reserved 1132544K
  class space    used 11983K, capacity 12803K, committed 13004K, reserved 1048576K
}
Event: 15.004 GC heap before
{Heap before GC invocations=20 (full 0):
 garbage-first heap   total 202752K, used 201544K [0x0000000080000000, 0x0000000100000000)
  region size 1024K, 22 young (22528K), 7 survivors (7168K)
 Metaspace       used 93019K, capacity 95203K, committed 95824K, reserved 1132544K
  class space    used 11983K, capacity 12803K, committed 13004K, reserved 1048576K
}
Event: 15.012 GC heap after
{Heap after GC invocations=21 (full 0):
 garbage-first heap   total 215040K, used 146336K [0x0000000080000000, 0x0000000100000000)
  region size 1024K, 5 young (5120K), 5 survivors (5120K)
 Metaspace       used 93019K, capacity 95203K, committed 95824K, reserved 1132544K
  class space    used 11983K, capacity 12803K, committed 13004K, reserved 1048576K
}
Event: 15.340 GC heap before
{Heap before GC invocations=22 (full 0):
 garbage-first heap   total 215040K, used 187296K [0x0000000080000000, 0x0000000100000000)
  region size 1024K, 35 young (35840K), 5 survivors (5120K)
 Metaspace       used 93317K, capacity 95533K, committed 96080K, reserved 1132544K
  class space    used 12026K, capacity 12869K, committed 13004K, reserved 1048576K
}
Event: 15.353 GC heap after
{Heap after GC invocations=23 (full 0):
 garbage-first heap   total 215040K, used 163266K [0x0000000080000000, 0x0000000100000000)
  region size 1024K, 5 young (5120K), 5 survivors (5120K)
 Metaspace       used 93317K, capacity 95533K, committed 96080K, reserved 1132544K
  class space    used 12026K, capacity 12869K, committed 13004K, reserved 1048576K
}
Event: 15.357 GC heap before
{Heap before GC invocations=23 (full 0):
 garbage-first heap   total 215040K, used 163266K [0x0000000080000000, 0x0000000100000000)
  region size 1024K, 6 young (6144K), 5 survivors (5120K)
 Metaspace       used 93317K, capacity 95533K, committed 96080K, reserved 1132544K
  class space    used 12026K, capacity 12869K, committed 13004K, reserved 1048576K
}
Event: 15.373 GC heap after
{Heap after GC invocations=24 (full 0):
 garbage-first heap   total 258048K, used 164362K [0x0000000080000000, 0x0000000100000000)
  region size 1024K, 1 young (1024K), 1 survivors (1024K)
 Metaspace       used 93317K, capacity 95533K, committed 96080K, reserved 1132544K
  class space    used 12026K, capacity 12869K, committed 13004K, reserved 1048576K
}
Event: 15.586 GC heap before
{Heap before GC invocations=24 (full 0):
 garbage-first heap   total 258048K, used 195082K [0x0000000080000000, 0x0000000100000000)
  region size 1024K, 28 young (28672K), 1 survivors (1024K)
 Metaspace       used 93317K, capacity 95533K, committed 96080K, reserved 1132544K
  class space    used 12026K, capacity 12869K, committed 13004K, reserved 1048576K
}
Event: 15.614 GC heap after
{Heap after GC invocations=25 (full 0):
 garbage-first heap   total 258048K, used 181813K [0x0000000080000000, 0x0000000100000000)
  region size 1024K, 4 young (4096K), 4 survivors (4096K)
 Metaspace       used 93317K, capacity 95533K, committed 96080K, reserved 1132544K
  class space    used 12026K, capacity 12869K, committed 13004K, reserved 1048576K
}
Event: 15.677 GC heap before
{Heap before GC invocations=26 (full 0):
 garbage-first heap   total 258048K, used 194101K [0x0000000080000000, 0x0000000100000000)
  region size 1024K, 18 young (18432K), 4 survivors (4096K)
 Metaspace       used 93318K, capacity 95533K, committed 96080K, reserved 1132544K
  class space    used 12026K, capacity 12869K, committed 13004K, reserved 1048576K
}
Event: 15.696 GC heap after
{Heap after GC invocations=27 (full 0):
 garbage-first heap   total 258048K, used 188601K [0x0000000080000000, 0x0000000100000000)
  region size 1024K, 3 young (3072K), 3 survivors (3072K)
 Metaspace       used 93318K, capacity 95533K, committed 96080K, reserved 1132544K
  class space    used 12026K, capacity 12869K, committed 13004K, reserved 1048576K
}
Event: 15.789 GC heap before
{Heap before GC invocations=27 (full 0):
 garbage-first heap   total 258048K, used 208057K [0x0000000080000000, 0x0000000100000000)
  region size 1024K, 20 young (20480K), 3 survivors (3072K)
 Metaspace       used 93318K, capacity 95533K, committed 96080K, reserved 1132544K
  class space    used 12026K, capacity 12869K, committed 13004K, reserved 1048576K
}
Event: 15.808 GC heap after
{Heap after GC invocations=28 (full 0):
 garbage-first heap   total 258048K, used 197987K [0x0000000080000000, 0x0000000100000000)
  region size 1024K, 3 young (3072K), 3 survivors (3072K)
 Metaspace       used 93318K, capacity 95533K, committed 96080K, reserved 1132544K
  class space    used 12026K, capacity 12869K, committed 13004K, reserved 1048576K
}
Event: 15.895 GC heap before
{Heap before GC invocations=28 (full 0):
 garbage-first heap   total 258048K, used 211299K [0x0000000080000000, 0x0000000100000000)
  region size 1024K, 17 young (17408K), 3 survivors (3072K)
 Metaspace       used 93318K, capacity 95533K, committed 96080K, reserved 1132544K
  class space    used 12026K, capacity 12869K, committed 13004K, reserved 1048576K
}

Deoptimization events (20 events):
Event: 15.171 Thread 0x000002bed8048000 DEOPT PACKING pc=0x000002beb8afb0f6 sp=0x000000eae80fd2b0
Event: 15.171 Thread 0x000002bed8048000 DEOPT UNPACKING pc=0x000002beb6fda95e sp=0x000000eae80fc7d0 mode 0
Event: 15.174 Thread 0x000002bed8048000 DEOPT PACKING pc=0x000002beb8afb0f6 sp=0x000000eae80fd2b0
Event: 15.174 Thread 0x000002bed8048000 DEOPT UNPACKING pc=0x000002beb6fda95e sp=0x000000eae80fc7d0 mode 0
Event: 15.177 Thread 0x000002bed8048000 DEOPT PACKING pc=0x000002beb8afb0f6 sp=0x000000eae80fd2b0
Event: 15.177 Thread 0x000002bed8048000 DEOPT UNPACKING pc=0x000002beb6fda95e sp=0x000000eae80fc7d0 mode 0
Event: 15.179 Thread 0x000002bed8048000 DEOPT PACKING pc=0x000002beb8c62465 sp=0x000000eae80fd310
Event: 15.179 Thread 0x000002bed8048000 DEOPT UNPACKING pc=0x000002beb6fda95e sp=0x000000eae80fc850 mode 0
Event: 15.181 Thread 0x000002bed8048000 DEOPT PACKING pc=0x000002beb8afb0f6 sp=0x000000eae80fd2b0
Event: 15.181 Thread 0x000002bed8048000 DEOPT UNPACKING pc=0x000002beb6fda95e sp=0x000000eae80fc7d0 mode 0
Event: 15.189 Thread 0x000002bed8048000 DEOPT PACKING pc=0x000002beb8afb0f6 sp=0x000000eae80fd2b0
Event: 15.189 Thread 0x000002bed8048000 DEOPT UNPACKING pc=0x000002beb6fda95e sp=0x000000eae80fc7d0 mode 0
Event: 15.449 Thread 0x000002bed8048000 DEOPT PACKING pc=0x000002beb8c68b9b sp=0x000000eae80fd1e0
Event: 15.449 Thread 0x000002bed8048000 DEOPT UNPACKING pc=0x000002beb6fda95e sp=0x000000eae80fc7a0 mode 0
Event: 15.830 Thread 0x000002bed8048000 Uncommon trap: trap_request=0xffffff4d fr.pc=0x000002bebf11bc30 relative=0x0000000000000470
Event: 15.830 Thread 0x000002bed8048000 Uncommon trap: reason=unstable_if action=reinterpret pc=0x000002bebf11bc30 method=com.android.tools.r8.graph.c1.equals(Ljava/lang/Object;)Z @ 28 c2
Event: 15.830 Thread 0x000002bed8048000 DEOPT PACKING pc=0x000002bebf11bc30 sp=0x000000eae80fd420
Event: 15.830 Thread 0x000002bed8048000 DEOPT UNPACKING pc=0x000002beb6fda1af sp=0x000000eae80fd358 mode 2
Event: 15.873 Thread 0x000002bed8048000 DEOPT PACKING pc=0x000002beb8c2f46a sp=0x000000eae80fd580
Event: 15.873 Thread 0x000002bed8048000 DEOPT UNPACKING pc=0x000002beb6fda95e sp=0x000000eae80fcc70 mode 0

Classes redefined (0 events):
No events

Internal exceptions (20 events):
Event: 14.665 Thread 0x000002bed7281800 Exception <a 'sun/nio/fs/WindowsException'{0x000000008bbeda60}> (0x000000008bbeda60) thrown at [./src/hotspot/share/prims/jni.cpp, line 616]
Event: 14.666 Thread 0x000002bed7281800 Exception <a 'sun/nio/fs/WindowsException'{0x000000008bbedd98}> (0x000000008bbedd98) thrown at [./src/hotspot/share/prims/jni.cpp, line 616]
Event: 14.666 Thread 0x000002bed7281800 Exception <a 'sun/nio/fs/WindowsException'{0x000000008bbeec10}> (0x000000008bbeec10) thrown at [./src/hotspot/share/prims/jni.cpp, line 616]
Event: 14.667 Thread 0x000002bed7281800 Exception <a 'sun/nio/fs/WindowsException'{0x000000008bbeef10}> (0x000000008bbeef10) thrown at [./src/hotspot/share/prims/jni.cpp, line 616]
Event: 14.667 Thread 0x000002bed7281800 Exception <a 'sun/nio/fs/WindowsException'{0x000000008bbefda0}> (0x000000008bbefda0) thrown at [./src/hotspot/share/prims/jni.cpp, line 616]
Event: 14.667 Thread 0x000002bed7281800 Exception <a 'sun/nio/fs/WindowsException'{0x000000008bbf0040}> (0x000000008bbf0040) thrown at [./src/hotspot/share/prims/jni.cpp, line 616]
Event: 14.667 Thread 0x000002bed7281800 Exception <a 'sun/nio/fs/WindowsException'{0x000000008bbf0ea0}> (0x000000008bbf0ea0) thrown at [./src/hotspot/share/prims/jni.cpp, line 616]
Event: 14.667 Thread 0x000002bed7281800 Exception <a 'sun/nio/fs/WindowsException'{0x000000008bbf1140}> (0x000000008bbf1140) thrown at [./src/hotspot/share/prims/jni.cpp, line 616]
Event: 14.684 Thread 0x000002bed7281800 Exception <a 'java/lang/NoSuchMethodError'{0x000000008b95f740}: <clinit>> (0x000000008b95f740) thrown at [./src/hotspot/share/prims/jni.cpp, line 1366]
Event: 14.687 Thread 0x000002bed7281800 Exception <a 'java/lang/NoSuchMethodError'{0x000000008b99db68}: <clinit>> (0x000000008b99db68) thrown at [./src/hotspot/share/prims/jni.cpp, line 1366]
Event: 14.688 Thread 0x000002bed7281800 Exception <a 'java/lang/NoSuchMethodError'{0x000000008b9b0318}: <clinit>> (0x000000008b9b0318) thrown at [./src/hotspot/share/prims/jni.cpp, line 1366]
Event: 14.772 Thread 0x000002bed7289800 Exception <a 'java/lang/NoSuchMethodError'{0x000000008b4daa88}: 'void java.lang.invoke.DirectMethodHandle$Holder.invokeStatic(java.lang.Object, long)'> (0x000000008b4daa88) thrown at [./src/hotspot/share/interpreter/linkResolver.cpp, line 773]
Event: 14.775 Thread 0x000002bed7289800 Exception <a 'java/lang/NoSuchMethodError'{0x000000008b3234f0}: 'java.lang.Object java.lang.invoke.DirectMethodHandle$Holder.invokeStatic(java.lang.Object, long)'> (0x000000008b3234f0) thrown at [./src/hotspot/share/interpreter/linkResolver.cpp, line 773]
Event: 14.778 Thread 0x000002bed7289800 Exception <a 'java/lang/NoSuchMethodError'{0x000000008b350718}: 'java.lang.Object java.lang.invoke.DirectMethodHandle$Holder.invokeStaticInit(java.lang.Object, java.lang.Object, long, java.lang.Object)'> (0x000000008b350718) thrown at [./src/hotspot/share/interpreter/linkResolver.cpp, line 773]
Event: 14.779 Thread 0x000002bed7289800 Exception <a 'java/lang/NoSuchMethodError'{0x000000008b360df0}: 'java.lang.Object java.lang.invoke.DirectMethodHandle$Holder.invokeStatic(java.lang.Object, java.lang.Object, long)'> (0x000000008b360df0) thrown at [./src/hotspot/share/interpreter/linkResolver.cpp, line 773]
Event: 14.779 Thread 0x000002bed7289800 Exception <a 'java/lang/NoSuchMethodError'{0x000000008b367ce0}: 'java.lang.Object java.lang.invoke.Invokers$Holder.linkToTargetMethod(java.lang.Object, long, java.lang.Object)'> (0x000000008b367ce0) thrown at [./src/hotspot/share/interpreter/linkResolver.cpp, line 773]
Event: 14.785 Thread 0x000002bed8048000 Exception <a 'sun/nio/fs/WindowsException'{0x000000008b390988}> (0x000000008b390988) thrown at [./src/hotspot/share/prims/jni.cpp, line 616]
Event: 14.826 Thread 0x000002bed8048000 Exception <a 'java/lang/NoSuchMethodError'{0x000000008b17f158}: 'java.lang.Object java.lang.invoke.DirectMethodHandle$Holder.newInvokeSpecial(java.lang.Object, int)'> (0x000000008b17f158) thrown at [./src/hotspot/share/interpreter/linkResolver.cpp, line 773]
Event: 14.955 Thread 0x000002bed8048000 Exception <a 'java/lang/NoSuchMethodError'{0x000000008a59cd40}: 'java.lang.Object java.lang.invoke.DirectMethodHandle$Holder.invokeStaticInit(java.lang.Object, java.lang.Object, java.lang.Object, java.lang.Object, java.lang.Object, java.lang.Object, java.lang.Object, java.lang.Object, java.lang.Object, java.lang.Object, java.lang.Object, java.lang.Object, java.lang.Object, java.lang.Object, java.lang.Object, java.lang.Object, java.lang.Object, java.lang.Object, int, java.lang.Object, java.lang.Object)'> (0
Event: 14.960 Thread 0x000002bed7289800 Exception <a 'java/lang/NoSuchMethodError'{0x000000008a41d958}: 'int java.lang.invoke.DirectMethodHandle$Holder.invokeSpecialIFC(java.lang.Object, java.lang.Object, java.lang.Object)'> (0x000000008a41d958) thrown at [./src/hotspot/share/interpreter/linkResolver.cpp, line 773]

Events (20 events):
Event: 15.126 Executing VM operation: CGC_Operation done
Event: 15.192 Executing VM operation: CGC_Operation
Event: 15.193 Executing VM operation: CGC_Operation done
Event: 15.340 Executing VM operation: G1CollectForAllocation
Event: 15.353 Executing VM operation: G1CollectForAllocation done
Event: 15.357 Executing VM operation: G1CollectForAllocation
Event: 15.373 Executing VM operation: G1CollectForAllocation done
Event: 15.522 Executing VM operation: CGC_Operation
Event: 15.533 Executing VM operation: CGC_Operation done
Event: 15.585 Executing VM operation: G1CollectForAllocation
Event: 15.614 Executing VM operation: G1CollectForAllocation done
Event: 15.634 Executing VM operation: CGC_Operation
Event: 15.634 Executing VM operation: CGC_Operation done
Event: 15.677 Executing VM operation: G1CollectForAllocation
Event: 15.696 Executing VM operation: G1CollectForAllocation done
Event: 15.789 Executing VM operation: G1CollectForAllocation
Event: 15.808 Executing VM operation: G1CollectForAllocation done
Event: 15.885 Executing VM operation: CGC_Operation
Event: 15.893 Executing VM operation: CGC_Operation done
Event: 15.894 Executing VM operation: G1CollectForAllocation


Dynamic libraries:
0x00007ff6fa600000 - 0x00007ff6fa60a000 	F:\Android\Android Studio\jre\bin\java.exe
0x00007ffacb690000 - 0x00007ffacb888000 	C:\Windows\SYSTEM32\ntdll.dll
0x00007ffacb090000 - 0x00007ffacb14f000 	C:\Windows\System32\KERNEL32.DLL
0x00007ffac90d0000 - 0x00007ffac93a2000 	C:\Windows\System32\KERNELBASE.dll
0x00007ffac9510000 - 0x00007ffac9610000 	C:\Windows\System32\ucrtbase.dll
0x00007ffa836e0000 - 0x00007ffa836f7000 	F:\Android\Android Studio\jre\bin\VCRUNTIME140.dll
0x00007ffa83390000 - 0x00007ffa833a9000 	F:\Android\Android Studio\jre\bin\jli.dll
0x00007ffac96d0000 - 0x00007ffac9871000 	C:\Windows\System32\USER32.dll
0x00007ffac96a0000 - 0x00007ffac96c2000 	C:\Windows\System32\win32u.dll
0x00007ffab2e30000 - 0x00007ffab30ca000 	C:\Windows\WinSxS\amd64_microsoft.windows.common-controls_6595b64144ccf1df_6.0.19041.1110_none_60b5254171f9507e\COMCTL32.dll
0x00007ffacaf90000 - 0x00007ffacafbb000 	C:\Windows\System32\GDI32.dll
0x00007ffac8e20000 - 0x00007ffac8f2f000 	C:\Windows\System32\gdi32full.dll
0x00007ffacaae0000 - 0x00007ffacab7e000 	C:\Windows\System32\msvcrt.dll
0x00007ffac8fe0000 - 0x00007ffac907d000 	C:\Windows\System32\msvcp_win.dll
0x00007ffac9cf0000 - 0x00007ffac9d22000 	C:\Windows\System32\IMM32.DLL
0x00007ffa6a770000 - 0x00007ffa6a80d000 	F:\Android\Android Studio\jre\bin\msvcp140.dll
0x00007ffa5bd50000 - 0x00007ffa5c852000 	F:\Android\Android Studio\jre\bin\server\jvm.dll
0x00007ffacaee0000 - 0x00007ffacaf8e000 	C:\Windows\System32\ADVAPI32.dll
0x00007ffac9880000 - 0x00007ffac991c000 	C:\Windows\System32\sechost.dll
0x00007ffac9920000 - 0x00007ffac9a45000 	C:\Windows\System32\RPCRT4.dll
0x00007ffacb3b0000 - 0x00007ffacb3b8000 	C:\Windows\System32\PSAPI.DLL
0x00007ffaa91e0000 - 0x00007ffaa91e9000 	C:\Windows\SYSTEM32\WSOCK32.dll
0x00007ffac4100000 - 0x00007ffac410a000 	C:\Windows\SYSTEM32\VERSION.dll
0x00007ffac48f0000 - 0x00007ffac4917000 	C:\Windows\SYSTEM32\WINMM.dll
0x00007ffaca9c0000 - 0x00007ffacaa2b000 	C:\Windows\System32\WS2_32.dll
0x00007ffac6c40000 - 0x00007ffac6c52000 	C:\Windows\SYSTEM32\kernel.appcore.dll
0x00007ffa83670000 - 0x00007ffa83681000 	F:\Android\Android Studio\jre\bin\verify.dll
0x00007ffac3590000 - 0x00007ffac3774000 	C:\Windows\SYSTEM32\DBGHELP.DLL
0x00007ffac16f0000 - 0x00007ffac1725000 	C:\Windows\SYSTEM32\dbgcore.DLL
0x00007ffac9610000 - 0x00007ffac9692000 	C:\Windows\System32\bcryptPrimitives.dll
0x00007ffa83640000 - 0x00007ffa83669000 	F:\Android\Android Studio\jre\bin\java.dll
0x00007ffa83630000 - 0x00007ffa8363b000 	F:\Android\Android Studio\jre\bin\jimage.dll
0x00007ffa83610000 - 0x00007ffa83628000 	F:\Android\Android Studio\jre\bin\zip.dll
0x00007ffac9d30000 - 0x00007ffaca474000 	C:\Windows\System32\SHELL32.dll
0x00007ffac6e40000 - 0x00007ffac75d2000 	C:\Windows\SYSTEM32\windows.storage.dll
0x00007ffacab80000 - 0x00007ffacaed5000 	C:\Windows\System32\combase.dll
0x00007ffac8700000 - 0x00007ffac8730000 	C:\Windows\SYSTEM32\Wldp.dll
0x00007ffacaa30000 - 0x00007ffacaadd000 	C:\Windows\System32\SHCORE.dll
0x00007ffacafc0000 - 0x00007ffacb015000 	C:\Windows\System32\shlwapi.dll
0x00007ffac8cc0000 - 0x00007ffac8cdf000 	C:\Windows\SYSTEM32\profapi.dll
0x00007ffa835f0000 - 0x00007ffa8360a000 	F:\Android\Android Studio\jre\bin\net.dll
0x00007ffac3440000 - 0x00007ffac354c000 	C:\Windows\SYSTEM32\WINHTTP.dll
0x00007ffac8460000 - 0x00007ffac84ca000 	C:\Windows\system32\mswsock.dll
0x00007ffa835d0000 - 0x00007ffa835e4000 	F:\Android\Android Studio\jre\bin\nio.dll
0x00007ffa88bc0000 - 0x00007ffa88be7000 	C:\Users\rita\.gradle\native\e1d6ef7f7dcc3fd88c89a11ec53ec762bb8ba0a96d01ffa2cd45eb1d1d8dd5c5\windows-amd64\native-platform.dll
0x00007ffa6a620000 - 0x00007ffa6a764000 	C:\Users\rita\.gradle\native\0d407fdbe67a94daf76414ababcb853783967236a71b16ec16e742cd7a986fd3\windows-amd64\native-platform-file-events.dll
0x00007ffa835c0000 - 0x00007ffa835ca000 	F:\Android\Android Studio\jre\bin\management.dll
0x00007ffa835b0000 - 0x00007ffa835bd000 	F:\Android\Android Studio\jre\bin\management_ext.dll
0x00007ffac8650000 - 0x00007ffac8668000 	C:\Windows\SYSTEM32\CRYPTSP.dll
0x00007ffac7d80000 - 0x00007ffac7db4000 	C:\Windows\system32\rsaenh.dll
0x00007ffac8d80000 - 0x00007ffac8da7000 	C:\Windows\System32\bcrypt.dll
0x00007ffac8c40000 - 0x00007ffac8c6e000 	C:\Windows\SYSTEM32\USERENV.dll
0x00007ffac8670000 - 0x00007ffac867c000 	C:\Windows\SYSTEM32\CRYPTBASE.dll
0x00007ffac8150000 - 0x00007ffac818b000 	C:\Windows\SYSTEM32\IPHLPAPI.DLL
0x00007ffacb080000 - 0x00007ffacb088000 	C:\Windows\System32\NSI.dll
0x00007ffac40b0000 - 0x00007ffac40c7000 	C:\Windows\SYSTEM32\dhcpcsvc6.DLL
0x00007ffac3f80000 - 0x00007ffac3f9d000 	C:\Windows\SYSTEM32\dhcpcsvc.DLL
0x00007ffac8190000 - 0x00007ffac825a000 	C:\Windows\SYSTEM32\DNSAPI.dll

dbghelp: loaded successfully - version: 4.0.5 - missing functions: none
symbol engine: initialized successfully - sym options: 0x614 - pdb path: .;F:\Android\Android Studio\jre\bin;C:\Windows\SYSTEM32;C:\Windows\WinSxS\amd64_microsoft.windows.common-controls_6595b64144ccf1df_6.0.19041.1110_none_60b5254171f9507e;F:\Android\Android Studio\jre\bin\server;C:\Users\rita\.gradle\native\e1d6ef7f7dcc3fd88c89a11ec53ec762bb8ba0a96d01ffa2cd45eb1d1d8dd5c5\windows-amd64;C:\Users\rita\.gradle\native\0d407fdbe67a94daf76414ababcb853783967236a71b16ec16e742cd7a986fd3\windows-amd64

VM Arguments:
jvm_args: --add-opens=java.base/java.util=ALL-UNNAMED --add-opens=java.base/java.lang=ALL-UNNAMED --add-opens=java.base/java.lang.invoke=ALL-UNNAMED --add-opens=java.base/java.util=ALL-UNNAMED --add-opens=java.prefs/java.util.prefs=ALL-UNNAMED --add-opens=java.prefs/java.util.prefs=ALL-UNNAMED --add-opens=java.base/java.nio.charset=ALL-UNNAMED --add-opens=java.base/java.net=ALL-UNNAMED --add-opens=java.base/java.util.concurrent.atomic=ALL-UNNAMED -Xmx2048m -Dfile.encoding=UTF-8 -Duser.country=RU -Duser.language=ru -Duser.variant 
java_command: org.gradle.launcher.daemon.bootstrap.GradleDaemon 7.4
java_class_path (initial): C:\Users\rita\.gradle\wrapper\dists\gradle-7.4-bin\c0gwcg53nkjbqw7r0h0umtfvt\gradle-7.4\lib\gradle-launcher-7.4.jar
Launcher Type: SUN_STANDARD

[Global flags]
     intx CICompilerCount                          = 4                                         {product} {ergonomic}
     uint ConcGCThreads                            = 2                                         {product} {ergonomic}
     uint G1ConcRefinementThreads                  = 8                                         {product} {ergonomic}
   size_t G1HeapRegionSize                         = 1048576                                   {product} {ergonomic}
    uintx GCDrainStackTargetSize                   = 64                                        {product} {ergonomic}
   size_t InitialHeapSize                          = 201326592                                 {product} {ergonomic}
   size_t MarkStackSize                            = 4194304                                   {product} {ergonomic}
   size_t MaxHeapSize                              = 2147483648                                {product} {command line}
   size_t MaxNewSize                               = 1287651328                                {product} {ergonomic}
   size_t MinHeapDeltaBytes                        = 1048576                                   {product} {ergonomic}
    uintx NonNMethodCodeHeapSize                   = 5836300                                {pd product} {ergonomic}
    uintx NonProfiledCodeHeapSize                  = 122910970                              {pd product} {ergonomic}
    uintx ProfiledCodeHeapSize                     = 122910970                              {pd product} {ergonomic}
    uintx ReservedCodeCacheSize                    = 251658240                              {pd product} {ergonomic}
     bool SegmentedCodeCache                       = true                                      {product} {ergonomic}
     bool UseCompressedClassPointers               = true                                 {lp64_product} {ergonomic}
     bool UseCompressedOops                        = true                                 {lp64_product} {ergonomic}
     bool UseG1GC                                  = true                                      {product} {ergonomic}
     bool UseLargePagesIndividualAllocation        = false                                  {pd product} {ergonomic}

Logging:
Log output configuration:
 #0: stdout all=warning uptime,level,tags
 #1: stderr all=off uptime,level,tags

Environment Variables:
JAVA_HOME=C:\Program Files\Java\jdk-17.0.2
PATH=C:\Program Files\Common Files\Oracle\Java\javapath;C:\Program Files (x86)\Common Files\Oracle\Java\javapath;C:\Windows\system32;C:\Windows;C:\Windows\System32\Wbem;C:\Windows\System32\WindowsPowerShell\v1.0\;C:\Windows\System32\OpenSSH\;F:\jdk\bin;C:\Program Files\dotnet\;C:\Program Files\Java\jdk-17.0.2\bin;C:\Program Files\Git\cmd;C:\Program Files\Microsoft SQL Server\Client SDK\ODBC\170\Tools\Binn\;C:\Program Files (x86)\Microsoft SQL Server\150\Tools\Binn\;C:\Program Files\Microsoft SQL Server\150\Tools\Binn\;C:\Program Files\Microsoft SQL Server\150\DTS\Binn\;C:\Users\rita\AppData\Local\Programs\Python\Python310\Scripts\;C:\Users\rita\AppData\Local\Programs\Python\Python310\;C:\Users\rita\AppData\Local\Microsoft\WindowsApps;F:\IntelliJ IDEA Community Edition 2021.3.1\bin;;F:\jdk\bin;C:\Users\rita\.dotnet\tools;C:\Program Files\Java\jdk-17.0.2\bin;;F:\JetBrains\PyCharm Community Edition 2022.2.2\bin;
USERNAME=rita
OS=Windows_NT
PROCESSOR_IDENTIFIER=Intel64 Family 6 Model 60 Stepping 3, GenuineIntel



---------------  S Y S T E M  ---------------

OS: Windows 10 , 64 bit Build 19041 (10.0.19041.2364)
OS uptime: 5 days 2:46 hours

CPU:total 8 (initial active 8) (4 cores per cpu, 2 threads per core) family 6 model 60 stepping 3 microcode 0x27, cmov, cx8, fxsr, mmx, sse, sse2, sse3, ssse3, sse4.1, sse4.2, popcnt, avx, avx2, aes, clmul, erms, lzcnt, ht, tsc, tscinvbit, bmi1, bmi2, fma

Memory: 4k page, system-wide physical 12208M (1407M free)
TotalPageFile size 16382M (AvailPageFile size 18M)
current process WorkingSet (physical memory assigned to process): 518M, peak: 521M
current process commit charge ("private bytes"): 570M, peak: 665M

vm_info: OpenJDK 64-Bit Server VM (11.0.13+0-b1751.21-8125866) for windows-amd64 JRE (11.0.13+0-b1751.21-8125866), built on Feb  2 2022 03:00:22 by "builder" with MS VC++ 14.0 (VS2015)

END.
