#
# There is insufficient memory for the Java Runtime Environment to continue.
# Native memory allocation (mmap) failed to map 148897792 bytes for Failed to commit area from 0x000000008fc00000 to 0x0000000098a00000 of length 148897792.
# Possible reasons:
#   The system is out of physical RAM or swap space
#   The process is running with CompressedOops enabled, and the Java Heap may be blocking the growth of the native heap
# Possible solutions:
#   Reduce memory load on the system
#   Increase physical memory or swap space
#   Check if swap backing store is full
#   Decrease Java heap size (-Xmx/-Xms)
#   Decrease number of Java threads
#   Decrease Java thread stack sizes (-Xss)
#   Set larger code cache with -XX:ReservedCodeCacheSize=
#   JVM is running with Unscaled Compressed Oops mode in which the Java heap is
#     placed in the first 4GB address space. The Java Heap base address is the
#     maximum limit for the native heap growth. Please use -XX:HeapBaseMinAddress
#     to set the Java Heap base and to place the Java Heap above 4GB virtual address.
# This output file may be truncated or incomplete.
#
#  Out of Memory Error (./src/hotspot/os/windows/os_windows.cpp:3619), pid=16624, tid=19508
#
# JRE version: OpenJDK Runtime Environment (11.0.13) (build 11.0.13+0-b1751.21-8125866)
# Java VM: OpenJDK 64-Bit Server VM (11.0.13+0-b1751.21-8125866, mixed mode, tiered, compressed oops, g1 gc, windows-amd64)
# No core dump will be written. Minidumps are not enabled by default on client versions of Windows
#

---------------  S U M M A R Y ------------

Command Line: --add-opens=java.base/java.util=ALL-UNNAMED --add-opens=java.base/java.lang=ALL-UNNAMED --add-opens=java.base/java.lang.invoke=ALL-UNNAMED --add-opens=java.base/java.util=ALL-UNNAMED --add-opens=java.prefs/java.util.prefs=ALL-UNNAMED --add-opens=java.prefs/java.util.prefs=ALL-UNNAMED --add-opens=java.base/java.nio.charset=ALL-UNNAMED --add-opens=java.base/java.net=ALL-UNNAMED --add-opens=java.base/java.util.concurrent.atomic=ALL-UNNAMED -Xmx2048m -Dfile.encoding=UTF-8 -Duser.country=RU -Duser.language=ru -Duser.variant org.gradle.launcher.daemon.bootstrap.GradleDaemon 7.4

Host: Intel(R) Core(TM) i7-4700MQ CPU @ 2.40GHz, 8 cores, 11G,  Windows 10 , 64 bit Build 19041 (10.0.19041.2364)
Time: Tue Dec 20 23:18:27 2022 Астраханское стандартное время elapsed time: 20.666431 seconds (0d 0h 0m 20s)

---------------  T H R E A D  ---------------

Current thread (0x000002331c5c6800):  VMThread "VM Thread" [stack: 0x000000baeb600000,0x000000baeb700000] [id=19508]

Stack: [0x000000baeb600000,0x000000baeb700000]
[error occurred during error reporting (printing stack bounds), id 0xc0000005, EXCEPTION_ACCESS_VIOLATION (0xc0000005) at pc=0x000002330546112d]

Native frames: (J=compiled Java code, j=interpreted, Vv=VM code, C=native code)
V  [jvm.dll+0x6100fa]
V  [jvm.dll+0x747090]
V  [jvm.dll+0x7486ad]
V  [jvm.dll+0x748ce5]
V  [jvm.dll+0x748c9b]
V  [jvm.dll+0x60f224]
V  [jvm.dll+0x60f9b8]
C  [ntdll.dll+0xa241f]
C  [ntdll.dll+0x514a4]
C  [ntdll.dll+0xa0f4e]
C  0x000002330546112d

VM_Operation (0x000000baf47fced0): G1CollectForAllocation, mode: safepoint, requested by thread 0x000002331f644000


---------------  P R O C E S S  ---------------

Threads class SMR info:
_java_thread_list=0x0000023325917570, length=140, elements={
0x000002330015d000, 0x000002331c5c8800, 0x000002331cdd2800, 0x000002331cdee800,
0x000002331cdef800, 0x000002331cdf1000, 0x000002331cdf4000, 0x000002331ce44800,
0x000002331ce4b800, 0x000002331cfb7800, 0x000002331f5fb800, 0x000002331e3f7000,
0x000002331e9bf000, 0x000002331f456800, 0x000002331e8ee000, 0x000002331e516000,
0x000002331e516800, 0x000002331e599800, 0x000002331f40e000, 0x000002331f40f000,
0x000002331e998000, 0x000002331e998800, 0x000002331e994000, 0x000002331f4df800,
0x000002331e994800, 0x000002331e999800, 0x000002331e995800, 0x000002331e99a800,
0x000002331e996800, 0x000002331e997000, 0x0000023322246800, 0x0000023322248000,
0x0000023322249000, 0x0000023322244000, 0x0000023322247800, 0x0000023322245800,
0x0000023322245000, 0x000002332224e800, 0x000002332224a800, 0x000002332224b800,
0x000002332224d000, 0x000002332224f800, 0x000002332224e000, 0x0000023322250800,
0x0000023322251000, 0x0000023322252000, 0x000002332224c000, 0x0000023322252800,
0x0000023320560000, 0x000002332055f000, 0x000002332055e000, 0x0000023320562000,
0x0000023320560800, 0x0000023320561800, 0x000002332055c800, 0x0000023320563000,
0x000002332055d800, 0x0000023320565800, 0x0000023320568000, 0x0000023320568800,
0x0000023320569800, 0x0000023320564800, 0x0000023320567000, 0x0000023320564000,
0x000002332056a800, 0x0000023320566800, 0x000002332056b000, 0x0000023322b3f000,
0x0000023322b40000, 0x0000023322b3b800, 0x0000023322b3e000, 0x0000023322b40800,
0x0000023322b3b000, 0x0000023322b41800, 0x0000023322b3d800, 0x0000023322b3c800,
0x0000023322b44000, 0x0000023322b43000, 0x0000023322b44800, 0x0000023322b45800,
0x0000023322b46800, 0x0000023322b47000, 0x0000023322b48000, 0x0000023322b42000,
0x0000023322b48800, 0x0000023322b49800, 0x0000023322e84800, 0x0000023322e86000,
0x0000023322e87000, 0x0000023322e88800, 0x0000023322e87800, 0x0000023322e89800,
0x0000023322e8b000, 0x0000023322e8a000, 0x0000023322e85000, 0x0000023322e8d800,
0x0000023322e8e000, 0x0000023322e8f000, 0x0000023322e91800, 0x0000023322e90800,
0x0000023322e8c800, 0x0000023322e8b800, 0x0000023322e90000, 0x0000023322e92800,
0x0000023322e93000, 0x0000023325523000, 0x0000023325524000, 0x0000023325522800,
0x000002332551e800, 0x0000023325520000, 0x0000023325525000, 0x000002332551f000,
0x0000023325525800, 0x0000023325526800, 0x0000023325521800, 0x0000023325520800,
0x000002332552a800, 0x000002332552c000, 0x000002332552b800, 0x000002332552d000,
0x0000023325527800, 0x0000023325529800, 0x0000023325529000, 0x000002331f641800,
0x000002331f63f000, 0x000002331f640000, 0x000002331f63c000, 0x000002331f640800,
0x000002331f642800, 0x000002331f63d800, 0x000002331f63c800, 0x000002331f645000,
0x000002331f643000, 0x000002331f645800, 0x000002331f649800, 0x000002331f644000,
0x000002331f64a800, 0x000002331f646800, 0x000002331f647000, 0x000002331f648000
}

Java Threads: ( => current thread )
  0x000002330015d000 JavaThread "main" [_thread_blocked, id=15096, stack(0x000000baeb000000,0x000000baeb100000)]
  0x000002331c5c8800 JavaThread "Reference Handler" daemon [_thread_blocked, id=7072, stack(0x000000baeb700000,0x000000baeb800000)]
  0x000002331cdd2800 JavaThread "Finalizer" daemon [_thread_blocked, id=14220, stack(0x000000baeb800000,0x000000baeb900000)]
  0x000002331cdee800 JavaThread "Signal Dispatcher" daemon [_thread_blocked, id=25044, stack(0x000000baeb900000,0x000000baeba00000)]
  0x000002331cdef800 JavaThread "Attach Listener" daemon [_thread_blocked, id=13296, stack(0x000000baeba00000,0x000000baebb00000)]
  0x000002331cdf1000 JavaThread "Service Thread" daemon [_thread_blocked, id=23860, stack(0x000000baebb00000,0x000000baebc00000)]
  0x000002331cdf4000 JavaThread "C2 CompilerThread0" daemon [_thread_blocked, id=22096, stack(0x000000baebc00000,0x000000baebd00000)]
  0x000002331ce44800 JavaThread "C1 CompilerThread0" daemon [_thread_blocked, id=2960, stack(0x000000baebd00000,0x000000baebe00000)]
  0x000002331ce4b800 JavaThread "Sweeper thread" daemon [_thread_blocked, id=24632, stack(0x000000baebe00000,0x000000baebf00000)]
  0x000002331cfb7800 JavaThread "Common-Cleaner" daemon [_thread_blocked, id=24444, stack(0x000000baebf00000,0x000000baec000000)]
  0x000002331f5fb800 JavaThread "Daemon health stats" [_thread_blocked, id=11536, stack(0x000000baec600000,0x000000baec700000)]
  0x000002331e3f7000 JavaThread "Incoming local TCP Connector on port 62590" [_thread_in_native, id=10964, stack(0x000000baec100000,0x000000baec200000)]
  0x000002331e9bf000 JavaThread "Daemon periodic checks" [_thread_blocked, id=20180, stack(0x000000baec500000,0x000000baec600000)]
  0x000002331f456800 JavaThread "Daemon" [_thread_blocked, id=12680, stack(0x000000baec700000,0x000000baec800000)]
  0x000002331e8ee000 JavaThread "Handler for socket connection from /127.0.0.1:62590 to /127.0.0.1:62591" [_thread_in_native, id=15100, stack(0x000000baec800000,0x000000baec900000)]
  0x000002331e516000 JavaThread "Cancel handler" [_thread_blocked, id=19412, stack(0x000000baec900000,0x000000baeca00000)]
  0x000002331e516800 JavaThread "Daemon worker" [_thread_blocked, id=23988, stack(0x000000baeca00000,0x000000baecb00000)]
  0x000002331e599800 JavaThread "Asynchronous log dispatcher for DefaultDaemonConnection: socket connection from /127.0.0.1:62590 to /127.0.0.1:62591" [_thread_blocked, id=18700, stack(0x000000baecb00000,0x000000baecc00000)]
  0x000002331f40e000 JavaThread "Stdin handler" [_thread_blocked, id=7840, stack(0x000000baecc00000,0x000000baecd00000)]
  0x000002331f40f000 JavaThread "Daemon client event forwarder" [_thread_blocked, id=20388, stack(0x000000baecd00000,0x000000baece00000)]
  0x000002331e998000 JavaThread "Cache worker for journal cache (C:\Users\rita\.gradle\caches\journal-1)" [_thread_blocked, id=22060, stack(0x000000baece00000,0x000000baecf00000)]
  0x000002331e998800 JavaThread "File lock request listener" [_thread_in_native, id=26884, stack(0x000000baecf00000,0x000000baed000000)]
  0x000002331e994000 JavaThread "Cache worker for file hash cache (C:\Users\rita\.gradle\caches\7.4\fileHashes)" [_thread_blocked, id=13744, stack(0x000000baed000000,0x000000baed100000)]
  0x000002331f4df800 JavaThread "C2 CompilerThread1" daemon [_thread_in_native, id=21228, stack(0x000000baed600000,0x000000baed700000)]
  0x000002331e994800 JavaThread "File watcher server" daemon [_thread_blocked, id=15216, stack(0x000000baed800000,0x000000baed900000)]
  0x000002331e999800 JavaThread "File watcher consumer" daemon [_thread_blocked, id=22092, stack(0x000000baed900000,0x000000baeda00000)]
  0x000002331e995800 JavaThread "Cache worker for checksums cache (F:\MobileDevelopment\Bank\.gradle\7.4\checksums)" [_thread_blocked, id=21156, stack(0x000000baeda00000,0x000000baedb00000)]
  0x000002331e99a800 JavaThread "Cache worker for cache directory md-rule (C:\Users\rita\.gradle\caches\7.4\md-rule)" [_thread_blocked, id=6240, stack(0x000000baedb00000,0x000000baedc00000)]
  0x000002331e996800 JavaThread "Cache worker for file hash cache (F:\MobileDevelopment\Bank\.gradle\7.4\fileHashes)" [_thread_blocked, id=14128, stack(0x000000baedc00000,0x000000baedd00000)]
  0x000002331e997000 JavaThread "Cache worker for cache directory md-supplier (C:\Users\rita\.gradle\caches\7.4\md-supplier)" [_thread_blocked, id=27428, stack(0x000000baedd00000,0x000000baede00000)]
  0x0000023322246800 JavaThread "Cache worker for execution history cache (C:\Users\rita\.gradle\caches\7.4\executionHistory)" [_thread_blocked, id=17696, stack(0x000000baede00000,0x000000baedf00000)]
  0x0000023322248000 JavaThread "jar transforms" [_thread_blocked, id=26216, stack(0x000000baedf00000,0x000000baee000000)]
  0x0000023322249000 JavaThread "Cache worker for file content cache (C:\Users\rita\.gradle\caches\7.4\fileContent)" [_thread_blocked, id=18360, stack(0x000000baee000000,0x000000baee100000)]
  0x0000023322244000 JavaThread "jar transforms Thread 2" [_thread_blocked, id=26240, stack(0x000000baee100000,0x000000baee200000)]
  0x0000023322247800 JavaThread "Cache worker for dependencies-accessors (F:\MobileDevelopment\Bank\.gradle\7.4\dependencies-accessors)" [_thread_blocked, id=16904, stack(0x000000baee200000,0x000000baee300000)]
  0x0000023322245800 JavaThread "jar transforms Thread 3" [_thread_blocked, id=26968, stack(0x000000baee300000,0x000000baee400000)]
  0x0000023322245000 JavaThread "Cache worker for Build Output Cleanup Cache (F:\MobileDevelopment\Bank\.gradle\buildOutputCleanup)" [_thread_blocked, id=16096, stack(0x000000baee400000,0x000000baee500000)]
  0x000002332224e800 JavaThread "Unconstrained build operations" [_thread_blocked, id=17924, stack(0x000000baee500000,0x000000baee600000)]
  0x000002332224a800 JavaThread "Unconstrained build operations Thread 2" [_thread_blocked, id=22956, stack(0x000000baee600000,0x000000baee700000)]
  0x000002332224b800 JavaThread "Unconstrained build operations Thread 3" [_thread_blocked, id=16160, stack(0x000000baee700000,0x000000baee800000)]
  0x000002332224d000 JavaThread "Unconstrained build operations Thread 4" [_thread_blocked, id=12824, stack(0x000000baee800000,0x000000baee900000)]
  0x000002332224f800 JavaThread "Unconstrained build operations Thread 5" [_thread_blocked, id=4376, stack(0x000000baee900000,0x000000baeea00000)]
  0x000002332224e000 JavaThread "Unconstrained build operations Thread 6" [_thread_blocked, id=18500, stack(0x000000baeea00000,0x000000baeeb00000)]
  0x0000023322250800 JavaThread "Unconstrained build operations Thread 7" [_thread_blocked, id=25884, stack(0x000000baeeb00000,0x000000baeec00000)]
  0x0000023322251000 JavaThread "Unconstrained build operations Thread 8" [_thread_blocked, id=13096, stack(0x000000baeec00000,0x000000baeed00000)]
  0x0000023322252000 JavaThread "Unconstrained build operations Thread 9" [_thread_blocked, id=18972, stack(0x000000baeed00000,0x000000baeee00000)]
  0x000002332224c000 JavaThread "Unconstrained build operations Thread 10" [_thread_blocked, id=11976, stack(0x000000baeee00000,0x000000baeef00000)]
  0x0000023322252800 JavaThread "Unconstrained build operations Thread 11" [_thread_blocked, id=21540, stack(0x000000baeef00000,0x000000baef000000)]
  0x0000023320560000 JavaThread "Unconstrained build operations Thread 12" [_thread_blocked, id=28092, stack(0x000000baef000000,0x000000baef100000)]
  0x000002332055f000 JavaThread "Unconstrained build operations Thread 13" [_thread_blocked, id=25732, stack(0x000000baef100000,0x000000baef200000)]
  0x000002332055e000 JavaThread "Unconstrained build operations Thread 14" [_thread_blocked, id=25208, stack(0x000000baef200000,0x000000baef300000)]
  0x0000023320562000 JavaThread "Unconstrained build operations Thread 15" [_thread_blocked, id=19272, stack(0x000000baef300000,0x000000baef400000)]
  0x0000023320560800 JavaThread "Unconstrained build operations Thread 16" [_thread_blocked, id=10840, stack(0x000000baef400000,0x000000baef500000)]
  0x0000023320561800 JavaThread "Unconstrained build operations Thread 17" [_thread_blocked, id=18880, stack(0x000000baef500000,0x000000baef600000)]
  0x000002332055c800 JavaThread "Unconstrained build operations Thread 18" [_thread_blocked, id=27324, stack(0x000000baef600000,0x000000baef700000)]
  0x0000023320563000 JavaThread "Unconstrained build operations Thread 19" [_thread_blocked, id=26944, stack(0x000000baef700000,0x000000baef800000)]
  0x000002332055d800 JavaThread "Unconstrained build operations Thread 20" [_thread_blocked, id=2024, stack(0x000000baef800000,0x000000baef900000)]
  0x0000023320565800 JavaThread "Unconstrained build operations Thread 21" [_thread_blocked, id=19148, stack(0x000000baef900000,0x000000baefa00000)]
  0x0000023320568000 JavaThread "Unconstrained build operations Thread 22" [_thread_blocked, id=25648, stack(0x000000baefa00000,0x000000baefb00000)]
  0x0000023320568800 JavaThread "Unconstrained build operations Thread 23" [_thread_blocked, id=19024, stack(0x000000baefb00000,0x000000baefc00000)]
  0x0000023320569800 JavaThread "Unconstrained build operations Thread 24" [_thread_blocked, id=20332, stack(0x000000baefc00000,0x000000baefd00000)]
  0x0000023320564800 JavaThread "Unconstrained build operations Thread 25" [_thread_blocked, id=16412, stack(0x000000baefd00000,0x000000baefe00000)]
  0x0000023320567000 JavaThread "Unconstrained build operations Thread 26" [_thread_blocked, id=23824, stack(0x000000baefe00000,0x000000baeff00000)]
  0x0000023320564000 JavaThread "Unconstrained build operations Thread 27" [_thread_blocked, id=21092, stack(0x000000baeff00000,0x000000baf0000000)]
  0x000002332056a800 JavaThread "Unconstrained build operations Thread 28" [_thread_blocked, id=2928, stack(0x000000baf0000000,0x000000baf0100000)]
  0x0000023320566800 JavaThread "Unconstrained build operations Thread 29" [_thread_blocked, id=20100, stack(0x000000baf0100000,0x000000baf0200000)]
  0x000002332056b000 JavaThread "Unconstrained build operations Thread 30" [_thread_blocked, id=17780, stack(0x000000baf0200000,0x000000baf0300000)]
  0x0000023322b3f000 JavaThread "Unconstrained build operations Thread 31" [_thread_blocked, id=20636, stack(0x000000baf0300000,0x000000baf0400000)]
  0x0000023322b40000 JavaThread "Unconstrained build operations Thread 32" [_thread_blocked, id=28592, stack(0x000000baf0400000,0x000000baf0500000)]
  0x0000023322b3b800 JavaThread "Unconstrained build operations Thread 33" [_thread_blocked, id=19136, stack(0x000000baf0500000,0x000000baf0600000)]
  0x0000023322b3e000 JavaThread "Unconstrained build operations Thread 34" [_thread_blocked, id=23648, stack(0x000000baf0600000,0x000000baf0700000)]
  0x0000023322b40800 JavaThread "Unconstrained build operations Thread 35" [_thread_blocked, id=8812, stack(0x000000baf0700000,0x000000baf0800000)]
  0x0000023322b3b000 JavaThread "Unconstrained build operations Thread 36" [_thread_blocked, id=9116, stack(0x000000baf0800000,0x000000baf0900000)]
  0x0000023322b41800 JavaThread "Unconstrained build operations Thread 37" [_thread_blocked, id=23912, stack(0x000000baf0900000,0x000000baf0a00000)]
  0x0000023322b3d800 JavaThread "Unconstrained build operations Thread 38" [_thread_blocked, id=13548, stack(0x000000baf0a00000,0x000000baf0b00000)]
  0x0000023322b3c800 JavaThread "Unconstrained build operations Thread 39" [_thread_blocked, id=15660, stack(0x000000baf0b00000,0x000000baf0c00000)]
  0x0000023322b44000 JavaThread "Unconstrained build operations Thread 40" [_thread_blocked, id=12676, stack(0x000000baf0c00000,0x000000baf0d00000)]
  0x0000023322b43000 JavaThread "Unconstrained build operations Thread 41" [_thread_blocked, id=404, stack(0x000000baf0d00000,0x000000baf0e00000)]
  0x0000023322b44800 JavaThread "Unconstrained build operations Thread 42" [_thread_blocked, id=13904, stack(0x000000baf0e00000,0x000000baf0f00000)]
  0x0000023322b45800 JavaThread "Unconstrained build operations Thread 43" [_thread_blocked, id=23376, stack(0x000000baf0f00000,0x000000baf1000000)]
  0x0000023322b46800 JavaThread "Unconstrained build operations Thread 44" [_thread_blocked, id=9664, stack(0x000000baf1000000,0x000000baf1100000)]
  0x0000023322b47000 JavaThread "Unconstrained build operations Thread 45" [_thread_blocked, id=4516, stack(0x000000baf1100000,0x000000baf1200000)]
  0x0000023322b48000 JavaThread "Unconstrained build operations Thread 46" [_thread_blocked, id=22652, stack(0x000000baf1200000,0x000000baf1300000)]
  0x0000023322b42000 JavaThread "Unconstrained build operations Thread 47" [_thread_blocked, id=18964, stack(0x000000baf1300000,0x000000baf1400000)]
  0x0000023322b48800 JavaThread "Unconstrained build operations Thread 48" [_thread_blocked, id=21652, stack(0x000000baf1400000,0x000000baf1500000)]
  0x0000023322b49800 JavaThread "Unconstrained build operations Thread 49" [_thread_blocked, id=8620, stack(0x000000baf1500000,0x000000baf1600000)]
  0x0000023322e84800 JavaThread "Unconstrained build operations Thread 50" [_thread_blocked, id=22396, stack(0x000000baf1600000,0x000000baf1700000)]
  0x0000023322e86000 JavaThread "Unconstrained build operations Thread 51" [_thread_blocked, id=11096, stack(0x000000baf1700000,0x000000baf1800000)]
  0x0000023322e87000 JavaThread "Unconstrained build operations Thread 52" [_thread_blocked, id=16076, stack(0x000000baf1800000,0x000000baf1900000)]
  0x0000023322e88800 JavaThread "Unconstrained build operations Thread 53" [_thread_blocked, id=8760, stack(0x000000baf1900000,0x000000baf1a00000)]
  0x0000023322e87800 JavaThread "Unconstrained build operations Thread 54" [_thread_blocked, id=6216, stack(0x000000baf1a00000,0x000000baf1b00000)]
  0x0000023322e89800 JavaThread "Unconstrained build operations Thread 55" [_thread_blocked, id=25888, stack(0x000000baf1b00000,0x000000baf1c00000)]
  0x0000023322e8b000 JavaThread "Unconstrained build operations Thread 56" [_thread_blocked, id=20460, stack(0x000000baf1c00000,0x000000baf1d00000)]
  0x0000023322e8a000 JavaThread "Unconstrained build operations Thread 57" [_thread_blocked, id=22844, stack(0x000000baf1d00000,0x000000baf1e00000)]
  0x0000023322e85000 JavaThread "Unconstrained build operations Thread 58" [_thread_blocked, id=13772, stack(0x000000baf1e00000,0x000000baf1f00000)]
  0x0000023322e8d800 JavaThread "Unconstrained build operations Thread 59" [_thread_blocked, id=18004, stack(0x000000baf1f00000,0x000000baf2000000)]
  0x0000023322e8e000 JavaThread "Unconstrained build operations Thread 60" [_thread_blocked, id=25468, stack(0x000000baf2000000,0x000000baf2100000)]
  0x0000023322e8f000 JavaThread "Unconstrained build operations Thread 61" [_thread_blocked, id=17304, stack(0x000000baf2100000,0x000000baf2200000)]
  0x0000023322e91800 JavaThread "Unconstrained build operations Thread 62" [_thread_blocked, id=23984, stack(0x000000baf2200000,0x000000baf2300000)]
  0x0000023322e90800 JavaThread "Unconstrained build operations Thread 63" [_thread_blocked, id=25840, stack(0x000000baf2300000,0x000000baf2400000)]
  0x0000023322e8c800 JavaThread "Unconstrained build operations Thread 64" [_thread_blocked, id=24580, stack(0x000000baf2400000,0x000000baf2500000)]
  0x0000023322e8b800 JavaThread "Unconstrained build operations Thread 65" [_thread_blocked, id=18968, stack(0x000000baf2500000,0x000000baf2600000)]
  0x0000023322e90000 JavaThread "Unconstrained build operations Thread 66" [_thread_blocked, id=27744, stack(0x000000baf2600000,0x000000baf2700000)]
  0x0000023322e92800 JavaThread "Unconstrained build operations Thread 67" [_thread_blocked, id=11464, stack(0x000000baf2700000,0x000000baf2800000)]
  0x0000023322e93000 JavaThread "Unconstrained build operations Thread 68" [_thread_blocked, id=22516, stack(0x000000baf2800000,0x000000baf2900000)]
  0x0000023325523000 JavaThread "Unconstrained build operations Thread 69" [_thread_blocked, id=8068, stack(0x000000baf2900000,0x000000baf2a00000)]
  0x0000023325524000 JavaThread "Unconstrained build operations Thread 70" [_thread_blocked, id=14228, stack(0x000000baf2a00000,0x000000baf2b00000)]
  0x0000023325522800 JavaThread "Unconstrained build operations Thread 71" [_thread_blocked, id=19260, stack(0x000000baf2b00000,0x000000baf2c00000)]
  0x000002332551e800 JavaThread "Unconstrained build operations Thread 72" [_thread_blocked, id=14248, stack(0x000000baf2c00000,0x000000baf2d00000)]
  0x0000023325520000 JavaThread "Unconstrained build operations Thread 73" [_thread_blocked, id=25064, stack(0x000000baf2d00000,0x000000baf2e00000)]
  0x0000023325525000 JavaThread "Unconstrained build operations Thread 74" [_thread_blocked, id=26608, stack(0x000000baf2e00000,0x000000baf2f00000)]
  0x000002332551f000 JavaThread "Unconstrained build operations Thread 75" [_thread_blocked, id=25388, stack(0x000000baf2f00000,0x000000baf3000000)]
  0x0000023325525800 JavaThread "Unconstrained build operations Thread 76" [_thread_blocked, id=17428, stack(0x000000baf3000000,0x000000baf3100000)]
  0x0000023325526800 JavaThread "Unconstrained build operations Thread 77" [_thread_blocked, id=10524, stack(0x000000baf3100000,0x000000baf3200000)]
  0x0000023325521800 JavaThread "Unconstrained build operations Thread 78" [_thread_blocked, id=5304, stack(0x000000baf3200000,0x000000baf3300000)]
  0x0000023325520800 JavaThread "Unconstrained build operations Thread 79" [_thread_blocked, id=12184, stack(0x000000baf3300000,0x000000baf3400000)]
  0x000002332552a800 JavaThread "Unconstrained build operations Thread 80" [_thread_blocked, id=15632, stack(0x000000baf3400000,0x000000baf3500000)]
  0x000002332552c000 JavaThread "jar transforms Thread 4" [_thread_blocked, id=18576, stack(0x000000baf3500000,0x000000baf3600000)]
  0x000002332552b800 JavaThread "jar transforms Thread 5" [_thread_blocked, id=22604, stack(0x000000baf3600000,0x000000baf3700000)]
  0x000002332552d000 JavaThread "jar transforms Thread 6" [_thread_blocked, id=23236, stack(0x000000baf3700000,0x000000baf3800000)]
  0x0000023325527800 JavaThread "jar transforms Thread 7" [_thread_blocked, id=5960, stack(0x000000baf3800000,0x000000baf3900000)]
  0x0000023325529800 JavaThread "jar transforms Thread 8" [_thread_blocked, id=25364, stack(0x000000baf3900000,0x000000baf3a00000)]
  0x0000023325529000 JavaThread "Memory manager" [_thread_blocked, id=11436, stack(0x000000baf3a00000,0x000000baf3b00000)]
  0x000002331f641800 JavaThread "build event listener" [_thread_blocked, id=28428, stack(0x000000baf3b00000,0x000000baf3c00000)]
  0x000002331f63f000 JavaThread "included builds" [_thread_blocked, id=13124, stack(0x000000baf3c00000,0x000000baf3d00000)]
  0x000002331f640000 JavaThread "Execution worker for ':'" [_thread_blocked, id=20124, stack(0x000000baf3d00000,0x000000baf3e00000)]
  0x000002331f63c000 JavaThread "Execution worker for ':' Thread 2" [_thread_blocked, id=11956, stack(0x000000baf3e00000,0x000000baf3f00000)]
  0x000002331f640800 JavaThread "Execution worker for ':' Thread 3" [_thread_blocked, id=19324, stack(0x000000baf3f00000,0x000000baf4000000)]
  0x000002331f642800 JavaThread "Execution worker for ':' Thread 4" [_thread_blocked, id=3780, stack(0x000000baf4000000,0x000000baf4100000)]
  0x000002331f63d800 JavaThread "Execution worker for ':' Thread 5" [_thread_blocked, id=22696, stack(0x000000baf4100000,0x000000baf4200000)]
  0x000002331f63c800 JavaThread "Execution worker for ':' Thread 6" [_thread_blocked, id=14400, stack(0x000000baf4200000,0x000000baf4300000)]
  0x000002331f645000 JavaThread "Execution worker for ':' Thread 7" [_thread_blocked, id=28156, stack(0x000000baf4300000,0x000000baf4400000)]
  0x000002331f643000 JavaThread "Cache worker for execution history cache (F:\MobileDevelopment\Bank\.gradle\7.4\executionHistory)" [_thread_blocked, id=9848, stack(0x000000baf4400000,0x000000baf4500000)]
  0x000002331f645800 JavaThread "WorkerExecutor Queue" [_thread_blocked, id=28340, stack(0x000000baf4500000,0x000000baf4600000)]
  0x000002331f649800 JavaThread "WorkerExecutor Queue Thread 2" [_thread_blocked, id=13736, stack(0x000000baf4600000,0x000000baf4700000)]
  0x000002331f644000 JavaThread "WorkerExecutor Queue Thread 3" [_thread_blocked, id=23064, stack(0x000000baf4700000,0x000000baf4800000)]
  0x000002331f64a800 JavaThread "WorkerExecutor Queue Thread 4" [_thread_blocked, id=27112, stack(0x000000baf4800000,0x000000baf4900000)]
  0x000002331f646800 JavaThread "pool-3-thread-1" [_thread_blocked, id=17164, stack(0x000000baf4900000,0x000000baf4a00000)]
  0x000002331f647000 JavaThread "stderr" [_thread_in_native, id=21240, stack(0x000000baf4a00000,0x000000baf4b00000)]
  0x000002331f648000 JavaThread "stdout" [_thread_in_native, id=22660, stack(0x000000baf4b00000,0x000000baf4c00000)]

Other Threads:
=>0x000002331c5c6800 VMThread "VM Thread" [stack: 0x000000baeb600000,0x000000baeb700000] [id=19508]
  0x000002331cfe3000 WatcherThread [stack: 0x000000baec000000,0x000000baec100000] [id=13888]
  0x0000023300177000 GCTaskThread "GC Thread#0" [stack: 0x000000baeb100000,0x000000baeb200000] [id=21412]
  0x000002331df34800 GCTaskThread "GC Thread#1" [stack: 0x000000baec200000,0x000000baec300000] [id=17436]
  0x000002331df51000 GCTaskThread "GC Thread#2" [stack: 0x000000baec300000,0x000000baec400000] [id=9336]
  0x000002331d3be000 GCTaskThread "GC Thread#3" [stack: 0x000000baec400000,0x000000baec500000] [id=27972]
  0x000002331ef7d800 GCTaskThread "GC Thread#4" [stack: 0x000000baed100000,0x000000baed200000] [id=22588]
  0x000002331f56e800 GCTaskThread "GC Thread#5" [stack: 0x000000baed200000,0x000000baed300000] [id=5788]
  0x000002331e009800 GCTaskThread "GC Thread#6" [stack: 0x000000baed300000,0x000000baed400000] [id=11744]
  0x000002331f185800 GCTaskThread "GC Thread#7" [stack: 0x000000baed400000,0x000000baed500000] [id=9044]
  0x00000233001ab000 ConcurrentGCThread "G1 Main Marker" [stack: 0x000000baeb200000,0x000000baeb300000] [id=19752]
  0x00000233001ac000 ConcurrentGCThread "G1 Conc#0" [stack: 0x000000baeb300000,0x000000baeb400000] [id=14364]
  0x000002331f02b800 ConcurrentGCThread "G1 Conc#1" [stack: 0x000000baed500000,0x000000baed600000] [id=28464]
  0x000002331c414800 ConcurrentGCThread "G1 Refine#0" [stack: 0x000000baeb400000,0x000000baeb500000] [id=8716]
  0x0000023320c87800 ConcurrentGCThread "G1 Refine#1" [stack: 0x000000baf4c00000,0x000000baf4d00000] [id=21780]
  0x0000023320c85800 ConcurrentGCThread "G1 Refine#2" [stack: 0x000000baed700000,0x000000baed800000] [id=18476]
  0x000002331c415800 ConcurrentGCThread "G1 Young RemSet Sampling" [stack: 0x000000baeb500000,0x000000baeb600000] [id=14684]

Threads with active compile tasks:
C2 CompilerThread1  20698 11063       4       com.android.tools.r8.dex.i::l (2158 bytes)

VM state:at safepoint (normal execution)

VM Mutex/Monitor currently owned by a thread:  ([mutex/lock_event])
[0x000002330015a920] Threads_lock - owner thread: 0x000002331c5c6800
[0x0000023300158e20] Heap_lock - owner thread: 0x000002331f644000

Heap address: 0x0000000080000000, size: 2048 MB, Compressed Oops mode: 32-bit
Narrow klass base: 0x0000000000000000, Narrow klass shift: 3
Compressed class space size: 1073741824 Address: 0x0000000100000000

Heap:
 garbage-first heap   total 403456K, used 203305K [0x0000000080000000, 0x0000000100000000)
  region size 1024K, 2 young (2048K), 2 survivors (2048K)
 Metaspace       used 91769K, capacity 93874K, committed 94416K, reserved 1130496K
  class space    used 11828K, capacity 12598K, committed 12800K, reserved 1048576K
Heap Regions: E=young(eden), S=young(survivor), O=old, HS=humongous(starts), HC=humongous(continues), CS=collection set, F=free, A=archive, TAMS=top-at-mark-start (previous, next)
|   0|0x0000000080000000, 0x0000000080100000, 0x0000000080100000|100%| O|  |TAMS 0x0000000080100000, 0x0000000080100000| Untracked 
|   1|0x0000000080100000, 0x0000000080200000, 0x0000000080200000|100%| O|  |TAMS 0x0000000080200000, 0x0000000080200000| Untracked 
|   2|0x0000000080200000, 0x0000000080300000, 0x0000000080300000|100%| O|  |TAMS 0x0000000080300000, 0x0000000080300000| Untracked 
|   3|0x0000000080300000, 0x0000000080400000, 0x0000000080400000|100%|HS|  |TAMS 0x0000000080400000, 0x0000000080400000| Complete 
|   4|0x0000000080400000, 0x0000000080500000, 0x0000000080500000|100%|HC|  |TAMS 0x0000000080500000, 0x0000000080500000| Complete 
|   5|0x0000000080500000, 0x0000000080600000, 0x0000000080600000|100%|HC|  |TAMS 0x0000000080600000, 0x0000000080600000| Complete 
|   6|0x0000000080600000, 0x0000000080700000, 0x0000000080700000|100%| O|  |TAMS 0x0000000080700000, 0x0000000080700000| Untracked 
|   7|0x0000000080700000, 0x0000000080800000, 0x0000000080800000|100%| O|  |TAMS 0x0000000080800000, 0x0000000080800000| Untracked 
|   8|0x0000000080800000, 0x0000000080900000, 0x0000000080900000|100%| O|  |TAMS 0x0000000080900000, 0x0000000080900000| Untracked 
|   9|0x0000000080900000, 0x0000000080a00000, 0x0000000080a00000|100%| O|  |TAMS 0x0000000080a00000, 0x0000000080a00000| Untracked 
|  10|0x0000000080a00000, 0x0000000080b00000, 0x0000000080b00000|100%| O|  |TAMS 0x0000000080b00000, 0x0000000080b00000| Untracked 
|  11|0x0000000080b00000, 0x0000000080c00000, 0x0000000080c00000|100%| O|  |TAMS 0x0000000080c00000, 0x0000000080c00000| Untracked 
|  12|0x0000000080c00000, 0x0000000080d00000, 0x0000000080d00000|100%| O|  |TAMS 0x0000000080d00000, 0x0000000080d00000| Untracked 
|  13|0x0000000080d00000, 0x0000000080e00000, 0x0000000080e00000|100%| O|  |TAMS 0x0000000080e00000, 0x0000000080e00000| Untracked 
|  14|0x0000000080e00000, 0x0000000080f00000, 0x0000000080f00000|100%| O|  |TAMS 0x0000000080f00000, 0x0000000080f00000| Untracked 
|  15|0x0000000080f00000, 0x0000000081000000, 0x0000000081000000|100%| O|  |TAMS 0x0000000081000000, 0x0000000081000000| Untracked 
|  16|0x0000000081000000, 0x0000000081100000, 0x0000000081100000|100%| O|  |TAMS 0x0000000081100000, 0x0000000081100000| Untracked 
|  17|0x0000000081100000, 0x0000000081200000, 0x0000000081200000|100%|HS|  |TAMS 0x0000000081200000, 0x0000000081200000| Complete 
|  18|0x0000000081200000, 0x0000000081300000, 0x0000000081300000|100%|HS|  |TAMS 0x0000000081300000, 0x0000000081300000| Complete 
|  19|0x0000000081300000, 0x0000000081400000, 0x0000000081400000|100%| O|  |TAMS 0x0000000081400000, 0x0000000081400000| Untracked 
|  20|0x0000000081400000, 0x0000000081500000, 0x0000000081500000|100%|HS|  |TAMS 0x0000000081500000, 0x0000000081500000| Complete 
|  21|0x0000000081500000, 0x0000000081600000, 0x0000000081600000|100%|HC|  |TAMS 0x0000000081600000, 0x0000000081600000| Complete 
|  22|0x0000000081600000, 0x0000000081700000, 0x0000000081700000|100%| O|  |TAMS 0x0000000081700000, 0x0000000081700000| Untracked 
|  23|0x0000000081700000, 0x0000000081800000, 0x0000000081800000|100%| O|  |TAMS 0x0000000081800000, 0x0000000081800000| Untracked 
|  24|0x0000000081800000, 0x0000000081900000, 0x0000000081900000|100%| O|  |TAMS 0x0000000081900000, 0x0000000081900000| Untracked 
|  25|0x0000000081900000, 0x0000000081a00000, 0x0000000081a00000|100%| O|  |TAMS 0x0000000081a00000, 0x0000000081a00000| Untracked 
|  26|0x0000000081a00000, 0x0000000081b00000, 0x0000000081b00000|100%| O|  |TAMS 0x0000000081b00000, 0x0000000081b00000| Untracked 
|  27|0x0000000081b00000, 0x0000000081c00000, 0x0000000081c00000|100%| O|  |TAMS 0x0000000081c00000, 0x0000000081c00000| Untracked 
|  28|0x0000000081c00000, 0x0000000081d00000, 0x0000000081d00000|100%| O|  |TAMS 0x0000000081d00000, 0x0000000081d00000| Untracked 
|  29|0x0000000081d00000, 0x0000000081e00000, 0x0000000081e00000|100%| O|  |TAMS 0x0000000081e00000, 0x0000000081e00000| Untracked 
|  30|0x0000000081e00000, 0x0000000081f00000, 0x0000000081f00000|100%| O|  |TAMS 0x0000000081f00000, 0x0000000081f00000| Untracked 
|  31|0x0000000081f00000, 0x0000000082000000, 0x0000000082000000|100%| O|  |TAMS 0x0000000082000000, 0x0000000082000000| Untracked 
|  32|0x0000000082000000, 0x0000000082100000, 0x0000000082100000|100%| O|  |TAMS 0x0000000082100000, 0x0000000082100000| Untracked 
|  33|0x0000000082100000, 0x0000000082200000, 0x0000000082200000|100%| O|  |TAMS 0x0000000082200000, 0x0000000082200000| Untracked 
|  34|0x0000000082200000, 0x0000000082300000, 0x0000000082300000|100%| O|  |TAMS 0x0000000082300000, 0x0000000082300000| Untracked 
|  35|0x0000000082300000, 0x0000000082400000, 0x0000000082400000|100%| O|  |TAMS 0x0000000082400000, 0x0000000082400000| Untracked 
|  36|0x0000000082400000, 0x0000000082500000, 0x0000000082500000|100%| O|  |TAMS 0x0000000082500000, 0x0000000082500000| Untracked 
|  37|0x0000000082500000, 0x0000000082600000, 0x0000000082600000|100%| O|  |TAMS 0x0000000082600000, 0x0000000082600000| Untracked 
|  38|0x0000000082600000, 0x0000000082700000, 0x0000000082700000|100%| O|  |TAMS 0x0000000082700000, 0x0000000082700000| Untracked 
|  39|0x0000000082700000, 0x0000000082800000, 0x0000000082800000|100%| O|  |TAMS 0x0000000082800000, 0x0000000082800000| Untracked 
|  40|0x0000000082800000, 0x0000000082900000, 0x0000000082900000|100%| O|  |TAMS 0x0000000082900000, 0x0000000082900000| Untracked 
|  41|0x0000000082900000, 0x0000000082a00000, 0x0000000082a00000|100%| O|  |TAMS 0x0000000082a00000, 0x0000000082a00000| Untracked 
|  42|0x0000000082a00000, 0x0000000082b00000, 0x0000000082b00000|100%| O|  |TAMS 0x0000000082b00000, 0x0000000082b00000| Untracked 
|  43|0x0000000082b00000, 0x0000000082c00000, 0x0000000082c00000|100%| O|  |TAMS 0x0000000082c00000, 0x0000000082c00000| Untracked 
|  44|0x0000000082c00000, 0x0000000082d00000, 0x0000000082d00000|100%| O|  |TAMS 0x0000000082d00000, 0x0000000082d00000| Untracked 
|  45|0x0000000082d00000, 0x0000000082e00000, 0x0000000082e00000|100%| O|  |TAMS 0x0000000082e00000, 0x0000000082e00000| Untracked 
|  46|0x0000000082e00000, 0x0000000082f00000, 0x0000000082f00000|100%| O|  |TAMS 0x0000000082f00000, 0x0000000082f00000| Untracked 
|  47|0x0000000082f00000, 0x0000000083000000, 0x0000000083000000|100%| O|  |TAMS 0x0000000083000000, 0x0000000083000000| Untracked 
|  48|0x0000000083000000, 0x0000000083100000, 0x0000000083100000|100%| O|  |TAMS 0x0000000083100000, 0x0000000083100000| Untracked 
|  49|0x0000000083100000, 0x0000000083200000, 0x0000000083200000|100%| O|  |TAMS 0x0000000083200000, 0x0000000083200000| Untracked 
|  50|0x0000000083200000, 0x0000000083300000, 0x0000000083300000|100%| O|  |TAMS 0x0000000083300000, 0x0000000083300000| Untracked 
|  51|0x0000000083300000, 0x0000000083400000, 0x0000000083400000|100%| O|  |TAMS 0x0000000083400000, 0x0000000083400000| Untracked 
|  52|0x0000000083400000, 0x0000000083500000, 0x0000000083500000|100%| O|  |TAMS 0x0000000083500000, 0x0000000083500000| Untracked 
|  53|0x0000000083500000, 0x0000000083600000, 0x0000000083600000|100%| O|  |TAMS 0x0000000083600000, 0x0000000083600000| Untracked 
|  54|0x0000000083600000, 0x0000000083700000, 0x0000000083700000|100%| O|  |TAMS 0x0000000083700000, 0x0000000083700000| Untracked 
|  55|0x0000000083700000, 0x0000000083800000, 0x0000000083800000|100%| O|  |TAMS 0x0000000083800000, 0x0000000083800000| Untracked 
|  56|0x0000000083800000, 0x0000000083900000, 0x0000000083900000|100%| O|  |TAMS 0x0000000083900000, 0x0000000083900000| Untracked 
|  57|0x0000000083900000, 0x0000000083a00000, 0x0000000083a00000|100%| O|  |TAMS 0x0000000083a00000, 0x0000000083a00000| Untracked 
|  58|0x0000000083a00000, 0x0000000083b00000, 0x0000000083b00000|100%| O|  |TAMS 0x0000000083b00000, 0x0000000083b00000| Untracked 
|  59|0x0000000083b00000, 0x0000000083c00000, 0x0000000083c00000|100%| O|  |TAMS 0x0000000083c00000, 0x0000000083c00000| Untracked 
|  60|0x0000000083c00000, 0x0000000083d00000, 0x0000000083d00000|100%| O|  |TAMS 0x0000000083d00000, 0x0000000083d00000| Untracked 
|  61|0x0000000083d00000, 0x0000000083e00000, 0x0000000083e00000|100%| O|  |TAMS 0x0000000083e00000, 0x0000000083e00000| Untracked 
|  62|0x0000000083e00000, 0x0000000083f00000, 0x0000000083f00000|100%| O|  |TAMS 0x0000000083f00000, 0x0000000083f00000| Untracked 
|  63|0x0000000083f00000, 0x0000000084000000, 0x0000000084000000|100%|HS|  |TAMS 0x0000000084000000, 0x0000000084000000| Complete 
|  64|0x0000000084000000, 0x0000000084100000, 0x0000000084100000|100%|HC|  |TAMS 0x0000000084100000, 0x0000000084100000| Complete 
|  65|0x0000000084100000, 0x0000000084200000, 0x0000000084200000|100%|HS|  |TAMS 0x0000000084200000, 0x0000000084200000| Complete 
|  66|0x0000000084200000, 0x0000000084300000, 0x0000000084300000|100%|HS|  |TAMS 0x0000000084300000, 0x0000000084300000| Complete 
|  67|0x0000000084300000, 0x0000000084400000, 0x0000000084400000|100%|HS|  |TAMS 0x0000000084400000, 0x0000000084400000| Complete 
|  68|0x0000000084400000, 0x0000000084500000, 0x0000000084500000|100%|HS|  |TAMS 0x0000000084500000, 0x0000000084500000| Complete 
|  69|0x0000000084500000, 0x0000000084600000, 0x0000000084600000|100%|HC|  |TAMS 0x0000000084600000, 0x0000000084600000| Complete 
|  70|0x0000000084600000, 0x0000000084700000, 0x0000000084700000|100%|HS|  |TAMS 0x0000000084700000, 0x0000000084700000| Complete 
|  71|0x0000000084700000, 0x0000000084800000, 0x0000000084800000|100%|HC|  |TAMS 0x0000000084800000, 0x0000000084800000| Complete 
|  72|0x0000000084800000, 0x0000000084900000, 0x0000000084900000|100%|HS|  |TAMS 0x0000000084900000, 0x0000000084900000| Complete 
|  73|0x0000000084900000, 0x0000000084a00000, 0x0000000084a00000|100%|HC|  |TAMS 0x0000000084a00000, 0x0000000084a00000| Complete 
|  74|0x0000000084a00000, 0x0000000084b00000, 0x0000000084b00000|100%|HC|  |TAMS 0x0000000084b00000, 0x0000000084b00000| Complete 
|  75|0x0000000084b00000, 0x0000000084c00000, 0x0000000084c00000|100%|HC|  |TAMS 0x0000000084c00000, 0x0000000084c00000| Complete 
|  76|0x0000000084c00000, 0x0000000084d00000, 0x0000000084d00000|100%|HC|  |TAMS 0x0000000084d00000, 0x0000000084d00000| Complete 
|  77|0x0000000084d00000, 0x0000000084e00000, 0x0000000084e00000|100%|HS|  |TAMS 0x0000000084e00000, 0x0000000084e00000| Complete 
|  78|0x0000000084e00000, 0x0000000084f00000, 0x0000000084f00000|100%|HC|  |TAMS 0x0000000084f00000, 0x0000000084f00000| Complete 
|  79|0x0000000084f00000, 0x0000000085000000, 0x0000000085000000|100%|HS|  |TAMS 0x0000000085000000, 0x0000000085000000| Complete 
|  80|0x0000000085000000, 0x0000000085100000, 0x0000000085100000|100%|HC|  |TAMS 0x0000000085100000, 0x0000000085100000| Complete 
|  81|0x0000000085100000, 0x0000000085200000, 0x0000000085200000|100%|HC|  |TAMS 0x0000000085200000, 0x0000000085200000| Complete 
|  82|0x0000000085200000, 0x0000000085300000, 0x0000000085300000|100%| O|  |TAMS 0x0000000085300000, 0x0000000085300000| Untracked 
|  83|0x0000000085300000, 0x0000000085400000, 0x0000000085400000|100%| O|  |TAMS 0x0000000085400000, 0x0000000085400000| Untracked 
|  84|0x0000000085400000, 0x0000000085500000, 0x0000000085500000|100%| O|  |TAMS 0x0000000085500000, 0x0000000085500000| Untracked 
|  85|0x0000000085500000, 0x0000000085600000, 0x0000000085600000|100%| O|  |TAMS 0x0000000085600000, 0x0000000085600000| Untracked 
|  86|0x0000000085600000, 0x0000000085700000, 0x0000000085700000|100%| O|  |TAMS 0x0000000085700000, 0x0000000085700000| Untracked 
|  87|0x0000000085700000, 0x0000000085800000, 0x0000000085800000|100%| O|  |TAMS 0x0000000085800000, 0x0000000085800000| Untracked 
|  88|0x0000000085800000, 0x0000000085900000, 0x0000000085900000|100%| O|  |TAMS 0x0000000085900000, 0x0000000085900000| Untracked 
|  89|0x0000000085900000, 0x0000000085a00000, 0x0000000085a00000|100%| O|  |TAMS 0x0000000085a00000, 0x0000000085a00000| Untracked 
|  90|0x0000000085a00000, 0x0000000085b00000, 0x0000000085b00000|100%| O|  |TAMS 0x0000000085b00000, 0x0000000085b00000| Untracked 
|  91|0x0000000085b00000, 0x0000000085c00000, 0x0000000085c00000|100%| O|  |TAMS 0x0000000085c00000, 0x0000000085c00000| Untracked 
|  92|0x0000000085c00000, 0x0000000085d00000, 0x0000000085d00000|100%| O|  |TAMS 0x0000000085d00000, 0x0000000085d00000| Untracked 
|  93|0x0000000085d00000, 0x0000000085e00000, 0x0000000085e00000|100%| O|  |TAMS 0x0000000085e00000, 0x0000000085e00000| Untracked 
|  94|0x0000000085e00000, 0x0000000085f00000, 0x0000000085f00000|100%|HS|  |TAMS 0x0000000085f00000, 0x0000000085f00000| Complete 
|  95|0x0000000085f00000, 0x0000000086000000, 0x0000000086000000|100%|HC|  |TAMS 0x0000000086000000, 0x0000000086000000| Complete 
|  96|0x0000000086000000, 0x0000000086100000, 0x0000000086100000|100%|HS|  |TAMS 0x0000000086100000, 0x0000000086100000| Complete 
|  97|0x0000000086100000, 0x0000000086200000, 0x0000000086200000|100%|HC|  |TAMS 0x0000000086200000, 0x0000000086200000| Complete 
|  98|0x0000000086200000, 0x0000000086300000, 0x0000000086300000|100%|HS|  |TAMS 0x0000000086300000, 0x0000000086300000| Complete 
|  99|0x0000000086300000, 0x0000000086400000, 0x0000000086400000|100%| O|  |TAMS 0x0000000086400000, 0x0000000086400000| Untracked 
| 100|0x0000000086400000, 0x0000000086500000, 0x0000000086500000|100%| O|  |TAMS 0x0000000086500000, 0x0000000086500000| Untracked 
| 101|0x0000000086500000, 0x0000000086600000, 0x0000000086600000|100%| O|  |TAMS 0x0000000086600000, 0x0000000086600000| Untracked 
| 102|0x0000000086600000, 0x0000000086700000, 0x0000000086700000|100%|HS|  |TAMS 0x0000000086700000, 0x0000000086700000| Complete 
| 103|0x0000000086700000, 0x0000000086800000, 0x0000000086800000|100%|HC|  |TAMS 0x0000000086800000, 0x0000000086800000| Complete 
| 104|0x0000000086800000, 0x0000000086900000, 0x0000000086900000|100%|HC|  |TAMS 0x0000000086900000, 0x0000000086900000| Complete 
| 105|0x0000000086900000, 0x0000000086a00000, 0x0000000086a00000|100%| O|  |TAMS 0x0000000086a00000, 0x0000000086a00000| Untracked 
| 106|0x0000000086a00000, 0x0000000086b00000, 0x0000000086b00000|100%| O|  |TAMS 0x0000000086b00000, 0x0000000086b00000| Untracked 
| 107|0x0000000086b00000, 0x0000000086c00000, 0x0000000086c00000|100%| O|  |TAMS 0x0000000086c00000, 0x0000000086c00000| Untracked 
| 108|0x0000000086c00000, 0x0000000086d00000, 0x0000000086d00000|100%|HS|  |TAMS 0x0000000086d00000, 0x0000000086d00000| Complete 
| 109|0x0000000086d00000, 0x0000000086e00000, 0x0000000086e00000|100%|HC|  |TAMS 0x0000000086e00000, 0x0000000086e00000| Complete 
| 110|0x0000000086e00000, 0x0000000086f00000, 0x0000000086f00000|100%|HC|  |TAMS 0x0000000086f00000, 0x0000000086f00000| Complete 
| 111|0x0000000086f00000, 0x0000000087000000, 0x0000000087000000|100%| O|  |TAMS 0x0000000087000000, 0x0000000087000000| Untracked 
| 112|0x0000000087000000, 0x0000000087100000, 0x0000000087100000|100%| O|  |TAMS 0x0000000087100000, 0x0000000087100000| Untracked 
| 113|0x0000000087100000, 0x0000000087200000, 0x0000000087200000|100%|HS|  |TAMS 0x0000000087200000, 0x0000000087200000| Complete 
| 114|0x0000000087200000, 0x0000000087300000, 0x0000000087300000|100%|HC|  |TAMS 0x0000000087300000, 0x0000000087300000| Complete 
| 115|0x0000000087300000, 0x0000000087400000, 0x0000000087400000|100%| O|  |TAMS 0x0000000087400000, 0x0000000087400000| Untracked 
| 116|0x0000000087400000, 0x0000000087500000, 0x0000000087500000|100%|HS|  |TAMS 0x0000000087500000, 0x0000000087500000| Complete 
| 117|0x0000000087500000, 0x0000000087600000, 0x0000000087600000|100%|HS|  |TAMS 0x0000000087600000, 0x0000000087600000| Complete 
| 118|0x0000000087600000, 0x0000000087700000, 0x0000000087700000|100%|HS|  |TAMS 0x0000000087700000, 0x0000000087700000| Complete 
| 119|0x0000000087700000, 0x0000000087800000, 0x0000000087800000|100%| O|  |TAMS 0x0000000087800000, 0x0000000087800000| Untracked 
| 120|0x0000000087800000, 0x0000000087900000, 0x0000000087900000|100%|HS|  |TAMS 0x0000000087900000, 0x0000000087900000| Complete 
| 121|0x0000000087900000, 0x0000000087a00000, 0x0000000087a00000|100%| O|  |TAMS 0x0000000087a00000, 0x0000000087a00000| Untracked 
| 122|0x0000000087a00000, 0x0000000087b00000, 0x0000000087b00000|100%|HS|  |TAMS 0x0000000087b00000, 0x0000000087b00000| Complete 
| 123|0x0000000087b00000, 0x0000000087c00000, 0x0000000087c00000|100%| O|  |TAMS 0x0000000087c00000, 0x0000000087c00000| Untracked 
| 124|0x0000000087c00000, 0x0000000087d00000, 0x0000000087d00000|100%|HS|  |TAMS 0x0000000087d00000, 0x0000000087d00000| Complete 
| 125|0x0000000087d00000, 0x0000000087e00000, 0x0000000087e00000|100%|HC|  |TAMS 0x0000000087e00000, 0x0000000087e00000| Complete 
| 126|0x0000000087e00000, 0x0000000087f00000, 0x0000000087f00000|100%|HS|  |TAMS 0x0000000087f00000, 0x0000000087f00000| Complete 
| 127|0x0000000087f00000, 0x0000000088000000, 0x0000000088000000|100%|HC|  |TAMS 0x0000000088000000, 0x0000000088000000| Complete 
| 128|0x0000000088000000, 0x0000000088100000, 0x0000000088100000|100%|HC|  |TAMS 0x0000000088100000, 0x0000000088100000| Complete 
| 129|0x0000000088100000, 0x0000000088200000, 0x0000000088200000|100%|HS|  |TAMS 0x0000000088200000, 0x0000000088200000| Complete 
| 130|0x0000000088200000, 0x0000000088300000, 0x0000000088300000|100%|HC|  |TAMS 0x0000000088300000, 0x0000000088300000| Complete 
| 131|0x0000000088300000, 0x0000000088400000, 0x0000000088400000|100%| O|  |TAMS 0x0000000088400000, 0x0000000088400000| Untracked 
| 132|0x0000000088400000, 0x0000000088500000, 0x0000000088500000|100%| O|  |TAMS 0x0000000088500000, 0x0000000088500000| Untracked 
| 133|0x0000000088500000, 0x0000000088600000, 0x0000000088600000|100%| O|  |TAMS 0x0000000088600000, 0x0000000088600000| Untracked 
| 134|0x0000000088600000, 0x0000000088700000, 0x0000000088700000|100%| O|  |TAMS 0x0000000088700000, 0x0000000088700000| Untracked 
| 135|0x0000000088700000, 0x0000000088800000, 0x0000000088800000|100%| O|  |TAMS 0x0000000088800000, 0x0000000088800000| Untracked 
| 136|0x0000000088800000, 0x0000000088900000, 0x0000000088900000|100%| O|  |TAMS 0x0000000088900000, 0x0000000088900000| Untracked 
| 137|0x0000000088900000, 0x0000000088a00000, 0x0000000088a00000|100%| O|  |TAMS 0x0000000088a00000, 0x0000000088a00000| Untracked 
| 138|0x0000000088a00000, 0x0000000088b00000, 0x0000000088b00000|100%| O|  |TAMS 0x0000000088b00000, 0x0000000088b00000| Untracked 
| 139|0x0000000088b00000, 0x0000000088c00000, 0x0000000088c00000|100%| O|  |TAMS 0x0000000088c00000, 0x0000000088c00000| Untracked 
| 140|0x0000000088c00000, 0x0000000088d00000, 0x0000000088d00000|100%| O|  |TAMS 0x0000000088d00000, 0x0000000088d00000| Untracked 
| 141|0x0000000088d00000, 0x0000000088e00000, 0x0000000088e00000|100%| O|  |TAMS 0x0000000088e00000, 0x0000000088e00000| Untracked 
| 142|0x0000000088e00000, 0x0000000088f00000, 0x0000000088f00000|100%|HS|  |TAMS 0x0000000088f00000, 0x0000000088f00000| Complete 
| 143|0x0000000088f00000, 0x0000000089000000, 0x0000000089000000|100%|HC|  |TAMS 0x0000000089000000, 0x0000000089000000| Complete 
| 144|0x0000000089000000, 0x0000000089100000, 0x0000000089100000|100%|HC|  |TAMS 0x0000000089100000, 0x0000000089100000| Complete 
| 145|0x0000000089100000, 0x0000000089200000, 0x0000000089200000|100%|HC|  |TAMS 0x0000000089200000, 0x0000000089200000| Complete 
| 146|0x0000000089200000, 0x0000000089300000, 0x0000000089300000|100%|HC|  |TAMS 0x0000000089300000, 0x0000000089300000| Complete 
| 147|0x0000000089300000, 0x0000000089400000, 0x0000000089400000|100%| O|  |TAMS 0x0000000089400000, 0x0000000089400000| Untracked 
| 148|0x0000000089400000, 0x0000000089500000, 0x0000000089500000|100%| O|  |TAMS 0x0000000089500000, 0x0000000089500000| Untracked 
| 149|0x0000000089500000, 0x0000000089600000, 0x0000000089600000|100%| O|  |TAMS 0x0000000089600000, 0x0000000089600000| Untracked 
| 150|0x0000000089600000, 0x0000000089700000, 0x0000000089700000|100%|HS|  |TAMS 0x0000000089700000, 0x0000000089700000| Complete 
| 151|0x0000000089700000, 0x0000000089800000, 0x0000000089800000|100%|HC|  |TAMS 0x0000000089800000, 0x0000000089800000| Complete 
| 152|0x0000000089800000, 0x0000000089900000, 0x0000000089900000|100%|HS|  |TAMS 0x0000000089900000, 0x0000000089900000| Complete 
| 153|0x0000000089900000, 0x0000000089a00000, 0x0000000089a00000|100%| O|  |TAMS 0x0000000089a00000, 0x0000000089a00000| Untracked 
| 154|0x0000000089a00000, 0x0000000089b00000, 0x0000000089b00000|100%| O|  |TAMS 0x0000000089b00000, 0x0000000089b00000| Untracked 
| 155|0x0000000089b00000, 0x0000000089c00000, 0x0000000089c00000|100%| O|  |TAMS 0x0000000089c00000, 0x0000000089c00000| Untracked 
| 156|0x0000000089c00000, 0x0000000089d00000, 0x0000000089d00000|100%| O|  |TAMS 0x0000000089d00000, 0x0000000089d00000| Untracked 
| 157|0x0000000089d00000, 0x0000000089e00000, 0x0000000089e00000|100%| O|  |TAMS 0x0000000089e00000, 0x0000000089e00000| Untracked 
| 158|0x0000000089e00000, 0x0000000089f00000, 0x0000000089f00000|100%|HS|  |TAMS 0x0000000089f00000, 0x0000000089f00000| Complete 
| 159|0x0000000089f00000, 0x000000008a000000, 0x000000008a000000|100%|HC|  |TAMS 0x000000008a000000, 0x000000008a000000| Complete 
| 160|0x000000008a000000, 0x000000008a100000, 0x000000008a100000|100%|HC|  |TAMS 0x000000008a100000, 0x000000008a100000| Complete 
| 161|0x000000008a100000, 0x000000008a200000, 0x000000008a200000|100%| O|  |TAMS 0x000000008a200000, 0x000000008a200000| Untracked 
| 162|0x000000008a200000, 0x000000008a300000, 0x000000008a300000|100%| O|  |TAMS 0x000000008a300000, 0x000000008a300000| Untracked 
| 163|0x000000008a300000, 0x000000008a400000, 0x000000008a400000|100%| O|  |TAMS 0x000000008a338800, 0x000000008a400000| Untracked 
| 164|0x000000008a400000, 0x000000008a500000, 0x000000008a500000|100%|HS|  |TAMS 0x000000008a400000, 0x000000008a500000| Complete 
| 165|0x000000008a500000, 0x000000008a600000, 0x000000008a600000|100%|HC|  |TAMS 0x000000008a500000, 0x000000008a600000| Complete 
| 166|0x000000008a600000, 0x000000008a700000, 0x000000008a700000|100%| O|  |TAMS 0x000000008a600000, 0x000000008a700000| Untracked 
| 167|0x000000008a700000, 0x000000008a800000, 0x000000008a800000|100%| O|  |TAMS 0x000000008a700000, 0x000000008a800000| Untracked 
| 168|0x000000008a800000, 0x000000008a900000, 0x000000008a900000|100%| O|  |TAMS 0x000000008a800000, 0x000000008a900000| Untracked 
| 169|0x000000008a900000, 0x000000008aa00000, 0x000000008aa00000|100%| O|  |TAMS 0x000000008a900000, 0x000000008aa00000| Untracked 
| 170|0x000000008aa00000, 0x000000008ab00000, 0x000000008ab00000|100%|HS|  |TAMS 0x000000008ab00000, 0x000000008ab00000| Complete 
| 171|0x000000008ab00000, 0x000000008ac00000, 0x000000008ac00000|100%|HC|  |TAMS 0x000000008ac00000, 0x000000008ac00000| Complete 
| 172|0x000000008ac00000, 0x000000008ad00000, 0x000000008ad00000|100%| O|  |TAMS 0x000000008ac00000, 0x000000008ad00000| Untracked 
| 173|0x000000008ad00000, 0x000000008ae00000, 0x000000008ae00000|100%| O|  |TAMS 0x000000008ad00000, 0x000000008ae00000| Untracked 
| 174|0x000000008ae00000, 0x000000008af00000, 0x000000008af00000|100%|HS|  |TAMS 0x000000008af00000, 0x000000008af00000| Complete 
| 175|0x000000008af00000, 0x000000008b000000, 0x000000008b000000|100%|HC|  |TAMS 0x000000008b000000, 0x000000008b000000| Complete 
| 176|0x000000008b000000, 0x000000008b100000, 0x000000008b100000|100%|HS|  |TAMS 0x000000008b000000, 0x000000008b100000| Complete 
| 177|0x000000008b100000, 0x000000008b200000, 0x000000008b200000|100%|HC|  |TAMS 0x000000008b100000, 0x000000008b200000| Complete 
| 178|0x000000008b200000, 0x000000008b300000, 0x000000008b300000|100%| O|  |TAMS 0x000000008b200000, 0x000000008b300000| Untracked 
| 179|0x000000008b300000, 0x000000008b400000, 0x000000008b400000|100%| O|  |TAMS 0x000000008b300000, 0x000000008b400000| Untracked 
| 180|0x000000008b400000, 0x000000008b500000, 0x000000008b500000|100%| O|  |TAMS 0x000000008b400000, 0x000000008b500000| Untracked 
| 181|0x000000008b500000, 0x000000008b600000, 0x000000008b600000|100%| O|  |TAMS 0x000000008b500000, 0x000000008b600000| Untracked 
| 182|0x000000008b600000, 0x000000008b700000, 0x000000008b700000|100%| O|  |TAMS 0x000000008b600000, 0x000000008b700000| Untracked 
| 183|0x000000008b700000, 0x000000008b800000, 0x000000008b800000|100%| O|  |TAMS 0x000000008b700000, 0x000000008b800000| Untracked 
| 184|0x000000008b800000, 0x000000008b900000, 0x000000008b900000|100%| O|  |TAMS 0x000000008b800000, 0x000000008b900000| Untracked 
| 185|0x000000008b900000, 0x000000008ba00000, 0x000000008ba00000|100%| O|  |TAMS 0x000000008b900000, 0x000000008ba00000| Untracked 
| 186|0x000000008ba00000, 0x000000008bb00000, 0x000000008bb00000|100%| O|  |TAMS 0x000000008ba00000, 0x000000008bb00000| Untracked 
| 187|0x000000008bb00000, 0x000000008bc00000, 0x000000008bc00000|100%| O|  |TAMS 0x000000008bb00000, 0x000000008bc00000| Untracked 
| 188|0x000000008bc00000, 0x000000008bd00000, 0x000000008bd00000|100%| O|  |TAMS 0x000000008bc00000, 0x000000008bd00000| Untracked 
| 189|0x000000008bd00000, 0x000000008bd8a600, 0x000000008be00000| 54%| O|  |TAMS 0x000000008bd00000, 0x000000008bd8a600| Untracked 
| 190|0x000000008be00000, 0x000000008be00000, 0x000000008bf00000|  0%| F|  |TAMS 0x000000008be00000, 0x000000008be00000| Untracked 
| 191|0x000000008bf00000, 0x000000008bf00000, 0x000000008c000000|  0%| F|  |TAMS 0x000000008bf00000, 0x000000008bf00000| Untracked 
| 192|0x000000008c000000, 0x000000008c000000, 0x000000008c100000|  0%| F|  |TAMS 0x000000008c000000, 0x000000008c000000| Untracked 
| 193|0x000000008c100000, 0x000000008c100000, 0x000000008c200000|  0%| F|  |TAMS 0x000000008c100000, 0x000000008c100000| Untracked 
| 194|0x000000008c200000, 0x000000008c200000, 0x000000008c300000|  0%| F|  |TAMS 0x000000008c200000, 0x000000008c200000| Untracked 
| 195|0x000000008c300000, 0x000000008c300000, 0x000000008c400000|  0%| F|  |TAMS 0x000000008c300000, 0x000000008c300000| Untracked 
| 196|0x000000008c400000, 0x000000008c400000, 0x000000008c500000|  0%| F|  |TAMS 0x000000008c400000, 0x000000008c400000| Untracked 
| 197|0x000000008c500000, 0x000000008c600000, 0x000000008c600000|100%|HS|  |TAMS 0x000000008c600000, 0x000000008c600000| Complete 
| 198|0x000000008c600000, 0x000000008c700000, 0x000000008c700000|100%|HC|  |TAMS 0x000000008c700000, 0x000000008c700000| Complete 
| 199|0x000000008c700000, 0x000000008c800000, 0x000000008c800000|100%|HC|  |TAMS 0x000000008c800000, 0x000000008c800000| Complete 
| 200|0x000000008c800000, 0x000000008c800000, 0x000000008c900000|  0%| F|  |TAMS 0x000000008c800000, 0x000000008c800000| Untracked 
| 201|0x000000008c900000, 0x000000008ca00000, 0x000000008ca00000|100%| O|  |TAMS 0x000000008ca00000, 0x000000008ca00000| Untracked 
| 202|0x000000008ca00000, 0x000000008cb00000, 0x000000008cb00000|100%| O|  |TAMS 0x000000008cb00000, 0x000000008cb00000| Untracked 
| 203|0x000000008cb00000, 0x000000008cc00000, 0x000000008cc00000|100%| O|  |TAMS 0x000000008cc00000, 0x000000008cc00000| Untracked 
| 204|0x000000008cc00000, 0x000000008cd00000, 0x000000008cd00000|100%| O|  |TAMS 0x000000008cd00000, 0x000000008cd00000| Untracked 
| 205|0x000000008cd00000, 0x000000008cd00000, 0x000000008ce00000|  0%| F|  |TAMS 0x000000008cd00000, 0x000000008cd00000| Untracked 
| 206|0x000000008ce00000, 0x000000008ce00000, 0x000000008cf00000|  0%| F|  |TAMS 0x000000008ce00000, 0x000000008ce00000| Untracked 
| 207|0x000000008cf00000, 0x000000008cf00000, 0x000000008d000000|  0%| F|  |TAMS 0x000000008cf00000, 0x000000008cf00000| Untracked 
| 208|0x000000008d000000, 0x000000008d000000, 0x000000008d100000|  0%| F|  |TAMS 0x000000008d000000, 0x000000008d000000| Untracked 
| 209|0x000000008d100000, 0x000000008d100000, 0x000000008d200000|  0%| F|  |TAMS 0x000000008d100000, 0x000000008d100000| Untracked 
| 210|0x000000008d200000, 0x000000008d200000, 0x000000008d300000|  0%| F|  |TAMS 0x000000008d200000, 0x000000008d200000| Untracked 
| 211|0x000000008d300000, 0x000000008d300000, 0x000000008d400000|  0%| F|  |TAMS 0x000000008d300000, 0x000000008d300000| Untracked 
| 212|0x000000008d400000, 0x000000008d400000, 0x000000008d500000|  0%| F|  |TAMS 0x000000008d400000, 0x000000008d400000| Untracked 
| 213|0x000000008d500000, 0x000000008d500000, 0x000000008d600000|  0%| F|  |TAMS 0x000000008d500000, 0x000000008d500000| Untracked 
| 214|0x000000008d600000, 0x000000008d600000, 0x000000008d700000|  0%| F|  |TAMS 0x000000008d600000, 0x000000008d600000| Untracked 
| 215|0x000000008d700000, 0x000000008d700000, 0x000000008d800000|  0%| F|  |TAMS 0x000000008d700000, 0x000000008d700000| Untracked 
| 216|0x000000008d800000, 0x000000008d800000, 0x000000008d900000|  0%| F|  |TAMS 0x000000008d800000, 0x000000008d800000| Untracked 
| 217|0x000000008d900000, 0x000000008d900000, 0x000000008da00000|  0%| F|  |TAMS 0x000000008d900000, 0x000000008d900000| Untracked 
| 218|0x000000008da00000, 0x000000008da00000, 0x000000008db00000|  0%| F|  |TAMS 0x000000008da00000, 0x000000008da00000| Untracked 
| 219|0x000000008db00000, 0x000000008db00000, 0x000000008dc00000|  0%| F|  |TAMS 0x000000008db00000, 0x000000008db00000| Untracked 
| 220|0x000000008dc00000, 0x000000008dc00000, 0x000000008dd00000|  0%| F|  |TAMS 0x000000008dc00000, 0x000000008dc00000| Untracked 
| 221|0x000000008dd00000, 0x000000008dd00000, 0x000000008de00000|  0%| F|  |TAMS 0x000000008dd00000, 0x000000008dd00000| Untracked 
| 222|0x000000008de00000, 0x000000008de00000, 0x000000008df00000|  0%| F|  |TAMS 0x000000008de00000, 0x000000008de00000| Untracked 
| 223|0x000000008df00000, 0x000000008df00000, 0x000000008e000000|  0%| F|  |TAMS 0x000000008df00000, 0x000000008df00000| Untracked 
| 224|0x000000008e000000, 0x000000008e000000, 0x000000008e100000|  0%| F|  |TAMS 0x000000008e000000, 0x000000008e000000| Untracked 
| 225|0x000000008e100000, 0x000000008e100000, 0x000000008e200000|  0%| F|  |TAMS 0x000000008e100000, 0x000000008e100000| Untracked 
| 226|0x000000008e200000, 0x000000008e200000, 0x000000008e300000|  0%| F|  |TAMS 0x000000008e200000, 0x000000008e200000| Untracked 
| 227|0x000000008e300000, 0x000000008e300000, 0x000000008e400000|  0%| F|  |TAMS 0x000000008e300000, 0x000000008e300000| Untracked 
| 228|0x000000008e400000, 0x000000008e400000, 0x000000008e500000|  0%| F|  |TAMS 0x000000008e400000, 0x000000008e400000| Untracked 
| 229|0x000000008e500000, 0x000000008e500000, 0x000000008e600000|  0%| F|  |TAMS 0x000000008e500000, 0x000000008e500000| Untracked 
| 230|0x000000008e600000, 0x000000008e600000, 0x000000008e700000|  0%| F|  |TAMS 0x000000008e600000, 0x000000008e600000| Untracked 
| 231|0x000000008e700000, 0x000000008e700000, 0x000000008e800000|  0%| F|  |TAMS 0x000000008e700000, 0x000000008e700000| Untracked 
| 232|0x000000008e800000, 0x000000008e800000, 0x000000008e900000|  0%| F|  |TAMS 0x000000008e800000, 0x000000008e800000| Untracked 
| 233|0x000000008e900000, 0x000000008e900000, 0x000000008ea00000|  0%| F|  |TAMS 0x000000008e900000, 0x000000008e900000| Untracked 
| 234|0x000000008ea00000, 0x000000008ea00000, 0x000000008eb00000|  0%| F|  |TAMS 0x000000008ea00000, 0x000000008ea00000| Untracked 
| 235|0x000000008eb00000, 0x000000008eb00000, 0x000000008ec00000|  0%| F|  |TAMS 0x000000008eb00000, 0x000000008eb00000| Untracked 
| 236|0x000000008ec00000, 0x000000008ec00000, 0x000000008ed00000|  0%| F|  |TAMS 0x000000008ec00000, 0x000000008ec00000| Untracked 
| 237|0x000000008ed00000, 0x000000008ee00000, 0x000000008ee00000|100%| S|CS|TAMS 0x000000008ed00000, 0x000000008ed00000| Complete 
| 238|0x000000008ee00000, 0x000000008ef00000, 0x000000008ef00000|100%| S|CS|TAMS 0x000000008ee00000, 0x000000008ee00000| Complete 
| 239|0x000000008ef00000, 0x000000008ef00000, 0x000000008f000000|  0%| F|  |TAMS 0x000000008ef00000, 0x000000008ef00000| Untracked 
| 240|0x000000008f000000, 0x000000008f000000, 0x000000008f100000|  0%| F|  |TAMS 0x000000008f000000, 0x000000008f000000| Untracked 
| 241|0x000000008f100000, 0x000000008f100000, 0x000000008f200000|  0%| F|  |TAMS 0x000000008f100000, 0x000000008f100000| Untracked 
| 242|0x000000008f200000, 0x000000008f200000, 0x000000008f300000|  0%| F|  |TAMS 0x000000008f200000, 0x000000008f200000| Untracked 
| 243|0x000000008f300000, 0x000000008f300000, 0x000000008f400000|  0%| F|  |TAMS 0x000000008f300000, 0x000000008f300000| Untracked 
| 244|0x000000008f400000, 0x000000008f400000, 0x000000008f500000|  0%| F|  |TAMS 0x000000008f400000, 0x000000008f400000| Untracked 
| 245|0x000000008f500000, 0x000000008f500000, 0x000000008f600000|  0%| F|  |TAMS 0x000000008f500000, 0x000000008f500000| Untracked 
| 246|0x000000008f600000, 0x000000008f600000, 0x000000008f700000|  0%| F|  |TAMS 0x000000008f600000, 0x000000008f600000| Untracked 
| 247|0x000000008f700000, 0x000000008f700000, 0x000000008f800000|  0%| F|  |TAMS 0x000000008f700000, 0x000000008f700000| Untracked 
| 248|0x000000008f800000, 0x000000008f800000, 0x000000008f900000|  0%| F|  |TAMS 0x000000008f800000, 0x000000008f800000| Untracked 
| 249|0x000000008f900000, 0x000000008f900000, 0x000000008fa00000|  0%| F|  |TAMS 0x000000008f900000, 0x000000008f900000| Untracked 
| 250|0x000000008fa00000, 0x000000008fa00000, 0x000000008fb00000|  0%| F|  |TAMS 0x000000008fa00000, 0x000000008fa00000| Untracked 
| 251|0x000000008fb00000, 0x000000008fb00000, 0x000000008fc00000|  0%| F|  |TAMS 0x000000008fb00000, 0x000000008fb00000| Untracked 

Card table byte_map: [0x00000233152c0000,0x00000233156c0000] _byte_map_base: 0x0000023314ec0000

Marking Bits (Prev, Next): (CMBitMap*) 0x00000233001a2160, (CMBitMap*) 0x00000233001a2128
 Prev Bits: [0x0000023317ac0000, 0x0000023319ac0000)
 Next Bits: [0x0000023315ac0000, 0x0000023317ac0000)

Polling page: 0x0000023300240000

Metaspace:

Usage:
  Non-class:     79.37 MB capacity,    78.07 MB ( 98%) used,     1.05 MB (  1%) free+waste,   254.63 KB ( <1%) overhead. 
      Class:     12.30 MB capacity,    11.55 MB ( 94%) used,   656.46 KB (  5%) free+waste,   113.38 KB ( <1%) overhead. 
       Both:     91.67 MB capacity,    89.62 MB ( 98%) used,     1.70 MB (  2%) free+waste,   368.00 KB ( <1%) overhead. 

Virtual space:
  Non-class space:       80.00 MB reserved,      79.70 MB (>99%) committed 
      Class space:        1.00 GB reserved,      12.50 MB (  1%) committed 
             Both:        1.08 GB reserved,      92.20 MB (  8%) committed 

Chunk freelists:
   Non-Class:  340.00 KB
       Class:  170.00 KB
        Both:  510.00 KB

MaxMetaspaceSize: 17179869184.00 GB
CompressedClassSpaceSize: 1.00 GB
Initial GC threshold: 20.80 MB
Current GC threshold: 153.67 MB
CDS: off

CodeHeap 'non-profiled nmethods': size=120000Kb used=6996Kb max_used=6996Kb free=113003Kb
 bounds [0x000002330cf30000, 0x000002330d610000, 0x0000023314460000]
CodeHeap 'profiled nmethods': size=120000Kb used=23678Kb max_used=23678Kb free=96321Kb
 bounds [0x0000023305a00000, 0x0000023307120000, 0x000002330cf30000]
CodeHeap 'non-nmethods': size=5760Kb used=2392Kb max_used=2446Kb free=3367Kb
 bounds [0x0000023305460000, 0x00000233056d0000, 0x0000023305a00000]
 total_blobs=11879 nmethods=10968 adapters=823
 compilation: enabled
              stopped_count=0, restarted_count=0
 full_count=0

Compilation events (20 events):
Event: 20.416 Thread 0x000002331ce44800 11064       3       com.android.tools.r8.internal.cn::a (73 bytes)
Event: 20.417 Thread 0x000002331ce44800 nmethod 11064 0x000002330711a310 code [0x000002330711a640, 0x000002330711b3f8]
Event: 20.458 Thread 0x000002331ce44800 11065       3       com.android.tools.r8.internal.cn::b (16 bytes)
Event: 20.458 Thread 0x000002331ce44800 nmethod 11065 0x000002330711b990 code [0x000002330711bba0, 0x000002330711be88]
Event: 20.513 Thread 0x000002331cdf4000 11066       4       com.android.tools.r8.graph.s0::a (20 bytes)
Event: 20.518 Thread 0x000002331cdf4000 nmethod 11066 0x000002330d603890 code [0x000002330d603a40, 0x000002330d603ca8]
Event: 20.518 Thread 0x000002331cdf4000 11067       4       com.android.tools.r8.graph.X0::h (62 bytes)
Event: 20.529 Thread 0x000002331cdf4000 nmethod 11067 0x000002330d603e10 code [0x000002330d603fc0, 0x000002330d6045f8]
Event: 20.530 Thread 0x000002331ce44800 11068       3       com.android.tools.r8.internal.bt::d (191 bytes)
Event: 20.531 Thread 0x000002331ce44800 nmethod 11068 0x000002330711c010 code [0x000002330711c2a0, 0x000002330711cf68]
Event: 20.551 Thread 0x000002331cdf4000 11069       4       com.android.tools.r8.internal.nL::a (34 bytes)
Event: 20.553 Thread 0x000002331cdf4000 nmethod 11069 0x000002330d604a10 code [0x000002330d604ba0, 0x000002330d604d18]
Event: 20.557 Thread 0x000002331ce44800 11070       3       com.android.tools.r8.internal.cn::c (41 bytes)
Event: 20.557 Thread 0x000002331ce44800 nmethod 11070 0x000002330711d410 code [0x000002330711d5c0, 0x000002330711d778]
Event: 20.605 Thread 0x000002331ce44800 11071       1       com.android.tools.r8.internal.ww::b (6 bytes)
Event: 20.606 Thread 0x000002331ce44800 nmethod 11071 0x000002330d604e10 code [0x000002330d604fc0, 0x000002330d605078]
Event: 20.630 Thread 0x000002331ce44800 11072       3       com.android.tools.r8.graph.X0::h (62 bytes)
Event: 20.630 Thread 0x000002331ce44800 nmethod 11072 0x000002330711d810 code [0x000002330711da60, 0x000002330711e408]
Event: 20.644 Thread 0x000002331ce44800 11073       3       com.android.tools.r8.internal.FJ::d (195 bytes)
Event: 20.645 Thread 0x000002331ce44800 nmethod 11073 0x000002330711e690 code [0x000002330711e920, 0x000002330711f5b8]

GC Heap History (20 events):
Event: 18.633 GC heap after
{Heap after GC invocations=17 (full 0):
 garbage-first heap   total 196608K, used 102665K [0x0000000080000000, 0x0000000100000000)
  region size 1024K, 2 young (2048K), 2 survivors (2048K)
 Metaspace       used 88445K, capacity 90758K, committed 90960K, reserved 1128448K
  class space    used 11437K, capacity 12304K, committed 12416K, reserved 1048576K
}
Event: 19.229 GC heap before
{Heap before GC invocations=18 (full 0):
 garbage-first heap   total 196608K, used 132361K [0x0000000080000000, 0x0000000100000000)
  region size 1024K, 22 young (22528K), 2 survivors (2048K)
 Metaspace       used 91475K, capacity 93514K, committed 94160K, reserved 1130496K
  class space    used 11785K, capacity 12564K, committed 12800K, reserved 1048576K
}
Event: 19.234 GC heap after
{Heap after GC invocations=19 (full 0):
 garbage-first heap   total 196608K, used 116847K [0x0000000080000000, 0x0000000100000000)
  region size 1024K, 5 young (5120K), 5 survivors (5120K)
 Metaspace       used 91475K, capacity 93514K, committed 94160K, reserved 1130496K
  class space    used 11785K, capacity 12564K, committed 12800K, reserved 1048576K
}
Event: 19.282 GC heap before
{Heap before GC invocations=19 (full 0):
 garbage-first heap   total 204800K, used 202863K [0x0000000080000000, 0x0000000100000000)
  region size 1024K, 20 young (20480K), 5 survivors (5120K)
 Metaspace       used 91483K, capacity 93514K, committed 94160K, reserved 1130496K
  class space    used 11785K, capacity 12564K, committed 12800K, reserved 1048576K
}
Event: 19.291 GC heap after
{Heap after GC invocations=20 (full 0):
 garbage-first heap   total 215040K, used 148273K [0x0000000080000000, 0x0000000100000000)
  region size 1024K, 6 young (6144K), 6 survivors (6144K)
 Metaspace       used 91483K, capacity 93514K, committed 94160K, reserved 1130496K
  class space    used 11785K, capacity 12564K, committed 12800K, reserved 1048576K
}
Event: 19.661 GC heap before
{Heap before GC invocations=21 (full 0):
 garbage-first heap   total 215040K, used 187185K [0x0000000080000000, 0x0000000100000000)
  region size 1024K, 34 young (34816K), 6 survivors (6144K)
 Metaspace       used 91766K, capacity 93810K, committed 94416K, reserved 1130496K
  class space    used 11828K, capacity 12598K, committed 12800K, reserved 1048576K
}
Event: 19.676 GC heap after
{Heap after GC invocations=22 (full 0):
 garbage-first heap   total 215040K, used 164134K [0x0000000080000000, 0x0000000100000000)
  region size 1024K, 5 young (5120K), 5 survivors (5120K)
 Metaspace       used 91766K, capacity 93810K, committed 94416K, reserved 1130496K
  class space    used 11828K, capacity 12598K, committed 12800K, reserved 1048576K
}
Event: 19.721 GC heap before
{Heap before GC invocations=22 (full 0):
 garbage-first heap   total 215040K, used 166182K [0x0000000080000000, 0x0000000100000000)
  region size 1024K, 8 young (8192K), 5 survivors (5120K)
 Metaspace       used 91766K, capacity 93810K, committed 94416K, reserved 1130496K
  class space    used 11828K, capacity 12598K, committed 12800K, reserved 1048576K
}
Event: 19.736 GC heap after
{Heap after GC invocations=23 (full 0):
 garbage-first heap   total 215040K, used 165700K [0x0000000080000000, 0x0000000100000000)
  region size 1024K, 2 young (2048K), 2 survivors (2048K)
 Metaspace       used 91766K, capacity 93810K, committed 94416K, reserved 1130496K
  class space    used 11828K, capacity 12598K, committed 12800K, reserved 1048576K
}
Event: 19.929 GC heap before
{Heap before GC invocations=23 (full 0):
 garbage-first heap   total 215040K, used 176964K [0x0000000080000000, 0x0000000100000000)
  region size 1024K, 13 young (13312K), 2 survivors (2048K)
 Metaspace       used 91767K, capacity 93810K, committed 94416K, reserved 1130496K
  class space    used 11828K, capacity 12598K, committed 12800K, reserved 1048576K
}
Event: 19.939 GC heap after
{Heap after GC invocations=24 (full 0):
 garbage-first heap   total 215040K, used 171736K [0x0000000080000000, 0x0000000100000000)
  region size 1024K, 2 young (2048K), 2 survivors (2048K)
 Metaspace       used 91767K, capacity 93810K, committed 94416K, reserved 1130496K
  class space    used 11828K, capacity 12598K, committed 12800K, reserved 1048576K
}
Event: 20.131 GC heap before
{Heap before GC invocations=25 (full 0):
 garbage-first heap   total 215040K, used 181976K [0x0000000080000000, 0x0000000100000000)
  region size 1024K, 11 young (11264K), 2 survivors (2048K)
 Metaspace       used 91767K, capacity 93810K, committed 94416K, reserved 1130496K
  class space    used 11828K, capacity 12598K, committed 12800K, reserved 1048576K
}
Event: 20.147 GC heap after
{Heap after GC invocations=26 (full 0):
 garbage-first heap   total 258048K, used 178176K [0x0000000080000000, 0x0000000100000000)
  region size 1024K, 2 young (2048K), 2 survivors (2048K)
 Metaspace       used 91767K, capacity 93810K, committed 94416K, reserved 1130496K
  class space    used 11828K, capacity 12598K, committed 12800K, reserved 1048576K
}
Event: 20.152 GC heap before
{Heap before GC invocations=26 (full 0):
 garbage-first heap   total 258048K, used 178176K [0x0000000080000000, 0x0000000100000000)
  region size 1024K, 3 young (3072K), 2 survivors (2048K)
 Metaspace       used 91767K, capacity 93810K, committed 94416K, reserved 1130496K
  class space    used 11828K, capacity 12598K, committed 12800K, reserved 1048576K
}
Event: 20.165 GC heap after
{Heap after GC invocations=27 (full 0):
 garbage-first heap   total 258048K, used 178871K [0x0000000080000000, 0x0000000100000000)
  region size 1024K, 1 young (1024K), 1 survivors (1024K)
 Metaspace       used 91767K, capacity 93810K, committed 94416K, reserved 1130496K
  class space    used 11828K, capacity 12598K, committed 12800K, reserved 1048576K
}
Event: 20.420 GC heap before
{Heap before GC invocations=27 (full 0):
 garbage-first heap   total 258048K, used 197303K [0x0000000080000000, 0x0000000100000000)
  region size 1024K, 18 young (18432K), 1 survivors (1024K)
 Metaspace       used 91769K, capacity 93874K, committed 94416K, reserved 1130496K
  class space    used 11828K, capacity 12598K, committed 12800K, reserved 1048576K
}
Event: 20.439 GC heap after
{Heap after GC invocations=28 (full 0):
 garbage-first heap   total 258048K, used 189341K [0x0000000080000000, 0x0000000100000000)
  region size 1024K, 3 young (3072K), 3 survivors (3072K)
 Metaspace       used 91769K, capacity 93874K, committed 94416K, reserved 1130496K
  class space    used 11828K, capacity 12598K, committed 12800K, reserved 1048576K
}
Event: 20.565 GC heap before
{Heap before GC invocations=29 (full 0):
 garbage-first heap   total 258048K, used 206749K [0x0000000080000000, 0x0000000100000000)
  region size 1024K, 18 young (18432K), 3 survivors (3072K)
 Metaspace       used 91769K, capacity 93874K, committed 94416K, reserved 1130496K
  class space    used 11828K, capacity 12598K, committed 12800K, reserved 1048576K
}
Event: 20.583 GC heap after
{Heap after GC invocations=30 (full 0):
 garbage-first heap   total 258048K, used 197632K [0x0000000080000000, 0x0000000100000000)
  region size 1024K, 3 young (3072K), 3 survivors (3072K)
 Metaspace       used 91769K, capacity 93874K, committed 94416K, reserved 1130496K
  class space    used 11828K, capacity 12598K, committed 12800K, reserved 1048576K
}
Event: 20.647 GC heap before
{Heap before GC invocations=30 (full 0):
 garbage-first heap   total 258048K, used 209920K [0x0000000080000000, 0x0000000100000000)
  region size 1024K, 16 young (16384K), 3 survivors (3072K)
 Metaspace       used 91769K, capacity 93874K, committed 94416K, reserved 1130496K
  class space    used 11828K, capacity 12598K, committed 12800K, reserved 1048576K
}

Deoptimization events (20 events):
Event: 20.562 Thread 0x000002331f644000 DEOPT PACKING pc=0x00000233070d2026 sp=0x000000baf47fd190
Event: 20.562 Thread 0x000002331f644000 DEOPT UNPACKING pc=0x00000233054aa95e sp=0x000000baf47fc840 mode 0
Event: 20.563 Thread 0x000002331f644000 DEOPT PACKING pc=0x00000233070d2026 sp=0x000000baf47fd190
Event: 20.563 Thread 0x000002331f644000 DEOPT UNPACKING pc=0x00000233054aa95e sp=0x000000baf47fc840 mode 0
Event: 20.584 Thread 0x000002331f644000 DEOPT PACKING pc=0x00000233070d2026 sp=0x000000baf47fd190
Event: 20.584 Thread 0x000002331f644000 DEOPT UNPACKING pc=0x00000233054aa95e sp=0x000000baf47fc840 mode 0
Event: 20.604 Thread 0x000002331f644000 DEOPT PACKING pc=0x00000233070d2026 sp=0x000000baf47fd190
Event: 20.604 Thread 0x000002331f644000 DEOPT UNPACKING pc=0x00000233054aa95e sp=0x000000baf47fc840 mode 0
Event: 20.605 Thread 0x000002331f644000 DEOPT PACKING pc=0x00000233070d2026 sp=0x000000baf47fd190
Event: 20.605 Thread 0x000002331f644000 DEOPT UNPACKING pc=0x00000233054aa95e sp=0x000000baf47fc840 mode 0
Event: 20.606 Thread 0x000002331f644000 DEOPT PACKING pc=0x00000233070d2026 sp=0x000000baf47fd190
Event: 20.606 Thread 0x000002331f644000 DEOPT UNPACKING pc=0x00000233054aa95e sp=0x000000baf47fc840 mode 0
Event: 20.607 Thread 0x000002331f644000 DEOPT PACKING pc=0x00000233070d2026 sp=0x000000baf47fd190
Event: 20.607 Thread 0x000002331f644000 DEOPT UNPACKING pc=0x00000233054aa95e sp=0x000000baf47fc840 mode 0
Event: 20.629 Thread 0x000002331f644000 Uncommon trap: trap_request=0xffffff4d fr.pc=0x000002330d604430 relative=0x0000000000000470
Event: 20.629 Thread 0x000002331f644000 Uncommon trap: reason=unstable_if action=reinterpret pc=0x000002330d604430 method=com.android.tools.r8.graph.c1.equals(Ljava/lang/Object;)Z @ 28 c2
Event: 20.629 Thread 0x000002331f644000 DEOPT PACKING pc=0x000002330d604430 sp=0x000000baf47fd230
Event: 20.629 Thread 0x000002331f644000 DEOPT UNPACKING pc=0x00000233054aa1af sp=0x000000baf47fd168 mode 2
Event: 20.640 Thread 0x000002331f644000 DEOPT PACKING pc=0x00000233070d2026 sp=0x000000baf47fd190
Event: 20.640 Thread 0x000002331f644000 DEOPT UNPACKING pc=0x00000233054aa95e sp=0x000000baf47fc840 mode 0

Classes redefined (0 events):
No events

Internal exceptions (20 events):
Event: 17.407 Thread 0x000002331f645000 Exception <a 'java/lang/NoSuchMethodError'{0x000000008a3451e0}: 'void java.lang.invoke.DirectMethodHandle$Holder.invokeVirtual(java.lang.Object, java.lang.Object)'> (0x000000008a3451e0) thrown at [./src/hotspot/share/interpreter/linkResolver.cpp, line 773]
Event: 17.498 Thread 0x000002331f645000 Exception <a 'sun/nio/fs/WindowsException'{0x000000008a1f3508}> (0x000000008a1f3508) thrown at [./src/hotspot/share/prims/jni.cpp, line 616]
Event: 17.499 Thread 0x000002331f645000 Exception <a 'sun/nio/fs/WindowsException'{0x000000008a1f6580}> (0x000000008a1f6580) thrown at [./src/hotspot/share/prims/jni.cpp, line 616]
Event: 17.499 Thread 0x000002331f645000 Exception <a 'sun/nio/fs/WindowsException'{0x000000008a1f6930}> (0x000000008a1f6930) thrown at [./src/hotspot/share/prims/jni.cpp, line 616]
Event: 17.499 Thread 0x000002331f645000 Exception <a 'sun/nio/fs/WindowsException'{0x000000008a1f77c0}> (0x000000008a1f77c0) thrown at [./src/hotspot/share/prims/jni.cpp, line 616]
Event: 17.499 Thread 0x000002331f645000 Exception <a 'sun/nio/fs/WindowsException'{0x000000008a1f7a60}> (0x000000008a1f7a60) thrown at [./src/hotspot/share/prims/jni.cpp, line 616]
Event: 17.499 Thread 0x000002331f645000 Exception <a 'sun/nio/fs/WindowsException'{0x000000008a1f88c0}> (0x000000008a1f88c0) thrown at [./src/hotspot/share/prims/jni.cpp, line 616]
Event: 17.517 Thread 0x000002331f645000 Exception <a 'java/lang/NoSuchMethodError'{0x0000000089f7c180}: <clinit>> (0x0000000089f7c180) thrown at [./src/hotspot/share/prims/jni.cpp, line 1366]
Event: 17.520 Thread 0x000002331f645000 Exception <a 'java/lang/NoSuchMethodError'{0x0000000089fafee8}: <clinit>> (0x0000000089fafee8) thrown at [./src/hotspot/share/prims/jni.cpp, line 1366]
Event: 17.523 Thread 0x000002331f645000 Exception <a 'java/lang/NoSuchMethodError'{0x0000000089fde470}: <clinit>> (0x0000000089fde470) thrown at [./src/hotspot/share/prims/jni.cpp, line 1366]
Event: 17.525 Thread 0x000002331f645000 Exception <a 'java/lang/NoSuchMethodError'{0x0000000089ff1248}: <clinit>> (0x0000000089ff1248) thrown at [./src/hotspot/share/prims/jni.cpp, line 1366]
Event: 18.935 Thread 0x000002331f644000 Exception <a 'sun/nio/fs/WindowsException'{0x000000008b4230c8}> (0x000000008b4230c8) thrown at [./src/hotspot/share/prims/jni.cpp, line 616]
Event: 18.945 Thread 0x000002331f645800 Exception <a 'java/lang/NoSuchMethodError'{0x000000008b45d528}: 'void java.lang.invoke.DirectMethodHandle$Holder.invokeStatic(java.lang.Object, long)'> (0x000000008b45d528) thrown at [./src/hotspot/share/interpreter/linkResolver.cpp, line 773]
Event: 18.946 Thread 0x000002331f645800 Exception <a 'java/lang/NoSuchMethodError'{0x000000008b4629e8}: 'java.lang.Object java.lang.invoke.DirectMethodHandle$Holder.invokeStatic(java.lang.Object, long)'> (0x000000008b4629e8) thrown at [./src/hotspot/share/interpreter/linkResolver.cpp, line 773]
Event: 18.949 Thread 0x000002331f645800 Exception <a 'java/lang/NoSuchMethodError'{0x000000008b4d0c08}: 'java.lang.Object java.lang.invoke.DirectMethodHandle$Holder.invokeStaticInit(java.lang.Object, java.lang.Object, long, java.lang.Object)'> (0x000000008b4d0c08) thrown at [./src/hotspot/share/interpreter/linkResolver.cpp, line 773]
Event: 18.949 Thread 0x000002331f645800 Exception <a 'java/lang/NoSuchMethodError'{0x000000008b4d6da0}: 'java.lang.Object java.lang.invoke.DirectMethodHandle$Holder.invokeStatic(java.lang.Object, java.lang.Object, long)'> (0x000000008b4d6da0) thrown at [./src/hotspot/share/interpreter/linkResolver.cpp, line 773]
Event: 18.950 Thread 0x000002331f645800 Exception <a 'java/lang/NoSuchMethodError'{0x000000008b4dd318}: 'java.lang.Object java.lang.invoke.Invokers$Holder.linkToTargetMethod(java.lang.Object, long, java.lang.Object)'> (0x000000008b4dd318) thrown at [./src/hotspot/share/interpreter/linkResolver.cpp, line 773]
Event: 19.018 Thread 0x000002331f644000 Exception <a 'java/lang/NoSuchMethodError'{0x000000008b2a7750}: 'java.lang.Object java.lang.invoke.DirectMethodHandle$Holder.newInvokeSpecial(java.lang.Object, int)'> (0x000000008b2a7750) thrown at [./src/hotspot/share/interpreter/linkResolver.cpp, line 773]
Event: 19.117 Thread 0x000002331f645800 Exception <a 'java/lang/NoSuchMethodError'{0x000000008ae534f0}: 'int java.lang.invoke.DirectMethodHandle$Holder.invokeSpecialIFC(java.lang.Object, java.lang.Object, java.lang.Object)'> (0x000000008ae534f0) thrown at [./src/hotspot/share/interpreter/linkResolver.cpp, line 773]
Event: 19.215 Thread 0x000002331f644000 Exception <a 'java/lang/NoSuchMethodError'{0x000000008abd7e10}: 'java.lang.Object java.lang.invoke.DirectMethodHandle$Holder.invokeStaticInit(java.lang.Object, java.lang.Object, java.lang.Object, java.lang.Object, java.lang.Object, java.lang.Object, java.lang.Object, java.lang.Object, java.lang.Object, java.lang.Object, java.lang.Object, java.lang.Object, java.lang.Object, java.lang.Object, java.lang.Object, java.lang.Object, java.lang.Object, java.lang.Object, int, java.lang.Object, java.lang.Object)'> (0

Events (20 events):
Event: 19.929 Executing VM operation: G1CollectForAllocation
Event: 19.939 Executing VM operation: G1CollectForAllocation done
Event: 19.951 Executing VM operation: CGC_Operation
Event: 19.987 Executing VM operation: CGC_Operation done
Event: 20.075 Executing VM operation: CGC_Operation
Event: 20.075 Executing VM operation: CGC_Operation done
Event: 20.131 Executing VM operation: G1CollectForAllocation
Event: 20.147 Executing VM operation: G1CollectForAllocation done
Event: 20.152 Executing VM operation: G1CollectForAllocation
Event: 20.165 Executing VM operation: G1CollectForAllocation done
Event: 20.384 Executing VM operation: CGC_Operation
Event: 20.399 Executing VM operation: CGC_Operation done
Event: 20.416 Thread 0x000002331f8fe800 Thread exited: 0x000002331f8fe800
Event: 20.419 Executing VM operation: G1CollectForAllocation
Event: 20.439 Executing VM operation: G1CollectForAllocation done
Event: 20.523 Executing VM operation: CGC_Operation
Event: 20.523 Executing VM operation: CGC_Operation done
Event: 20.564 Executing VM operation: G1CollectForAllocation
Event: 20.583 Executing VM operation: G1CollectForAllocation done
Event: 20.647 Executing VM operation: G1CollectForAllocation


Dynamic libraries:
0x00007ff6fa600000 - 0x00007ff6fa60a000 	F:\Android\Android Studio\jre\bin\java.exe
0x00007ffacb690000 - 0x00007ffacb888000 	C:\Windows\SYSTEM32\ntdll.dll
0x00007ffacb090000 - 0x00007ffacb14f000 	C:\Windows\System32\KERNEL32.DLL
0x00007ffac90d0000 - 0x00007ffac93a2000 	C:\Windows\System32\KERNELBASE.dll
0x00007ffac9510000 - 0x00007ffac9610000 	C:\Windows\System32\ucrtbase.dll
0x00007ffab6060000 - 0x00007ffab6079000 	F:\Android\Android Studio\jre\bin\jli.dll
0x00007ffa88ba0000 - 0x00007ffa88bb7000 	F:\Android\Android Studio\jre\bin\VCRUNTIME140.dll
0x00007ffac96d0000 - 0x00007ffac9871000 	C:\Windows\System32\USER32.dll
0x00007ffac96a0000 - 0x00007ffac96c2000 	C:\Windows\System32\win32u.dll
0x00007ffab2e30000 - 0x00007ffab30ca000 	C:\Windows\WinSxS\amd64_microsoft.windows.common-controls_6595b64144ccf1df_6.0.19041.1110_none_60b5254171f9507e\COMCTL32.dll
0x00007ffacaf90000 - 0x00007ffacafbb000 	C:\Windows\System32\GDI32.dll
0x00007ffacaae0000 - 0x00007ffacab7e000 	C:\Windows\System32\msvcrt.dll
0x00007ffac8e20000 - 0x00007ffac8f2f000 	C:\Windows\System32\gdi32full.dll
0x00007ffac8fe0000 - 0x00007ffac907d000 	C:\Windows\System32\msvcp_win.dll
0x00007ffac9cf0000 - 0x00007ffac9d22000 	C:\Windows\System32\IMM32.DLL
0x00007ffa85910000 - 0x00007ffa859ad000 	F:\Android\Android Studio\jre\bin\msvcp140.dll
0x00007ffa5bd50000 - 0x00007ffa5c852000 	F:\Android\Android Studio\jre\bin\server\jvm.dll
0x00007ffacaee0000 - 0x00007ffacaf8e000 	C:\Windows\System32\ADVAPI32.dll
0x00007ffac9880000 - 0x00007ffac991c000 	C:\Windows\System32\sechost.dll
0x00007ffac9920000 - 0x00007ffac9a45000 	C:\Windows\System32\RPCRT4.dll
0x00007ffacb3b0000 - 0x00007ffacb3b8000 	C:\Windows\System32\PSAPI.DLL
0x00007ffaa91e0000 - 0x00007ffaa91e9000 	C:\Windows\SYSTEM32\WSOCK32.dll
0x00007ffac48f0000 - 0x00007ffac4917000 	C:\Windows\SYSTEM32\WINMM.dll
0x00007ffac4100000 - 0x00007ffac410a000 	C:\Windows\SYSTEM32\VERSION.dll
0x00007ffaca9c0000 - 0x00007ffacaa2b000 	C:\Windows\System32\WS2_32.dll
0x00007ffac6c40000 - 0x00007ffac6c52000 	C:\Windows\SYSTEM32\kernel.appcore.dll
0x00007ffa83670000 - 0x00007ffa83681000 	F:\Android\Android Studio\jre\bin\verify.dll
0x00007ffac3590000 - 0x00007ffac3774000 	C:\Windows\SYSTEM32\DBGHELP.DLL
0x00007ffac16f0000 - 0x00007ffac1725000 	C:\Windows\SYSTEM32\dbgcore.DLL
0x00007ffac9610000 - 0x00007ffac9692000 	C:\Windows\System32\bcryptPrimitives.dll
0x00007ffa83640000 - 0x00007ffa83669000 	F:\Android\Android Studio\jre\bin\java.dll
0x00007ffa83630000 - 0x00007ffa8363b000 	F:\Android\Android Studio\jre\bin\jimage.dll
0x00007ffa83610000 - 0x00007ffa83628000 	F:\Android\Android Studio\jre\bin\zip.dll
0x00007ffac9d30000 - 0x00007ffaca474000 	C:\Windows\System32\SHELL32.dll
0x00007ffac6e40000 - 0x00007ffac75d2000 	C:\Windows\SYSTEM32\windows.storage.dll
0x00007ffacab80000 - 0x00007ffacaed5000 	C:\Windows\System32\combase.dll
0x00007ffac8700000 - 0x00007ffac8730000 	C:\Windows\SYSTEM32\Wldp.dll
0x00007ffacaa30000 - 0x00007ffacaadd000 	C:\Windows\System32\SHCORE.dll
0x00007ffacafc0000 - 0x00007ffacb015000 	C:\Windows\System32\shlwapi.dll
0x00007ffac8cc0000 - 0x00007ffac8cdf000 	C:\Windows\SYSTEM32\profapi.dll
0x00007ffa835f0000 - 0x00007ffa8360a000 	F:\Android\Android Studio\jre\bin\net.dll
0x00007ffac3440000 - 0x00007ffac354c000 	C:\Windows\SYSTEM32\WINHTTP.dll
0x00007ffac8460000 - 0x00007ffac84ca000 	C:\Windows\system32\mswsock.dll
0x00007ffa835d0000 - 0x00007ffa835e4000 	F:\Android\Android Studio\jre\bin\nio.dll
0x00007ffa88bc0000 - 0x00007ffa88be7000 	C:\Users\rita\.gradle\native\e1d6ef7f7dcc3fd88c89a11ec53ec762bb8ba0a96d01ffa2cd45eb1d1d8dd5c5\windows-amd64\native-platform.dll
0x00007ffa73450000 - 0x00007ffa73594000 	C:\Users\rita\.gradle\native\0d407fdbe67a94daf76414ababcb853783967236a71b16ec16e742cd7a986fd3\windows-amd64\native-platform-file-events.dll
0x00007ffa835c0000 - 0x00007ffa835ca000 	F:\Android\Android Studio\jre\bin\management.dll
0x00007ffa835b0000 - 0x00007ffa835bd000 	F:\Android\Android Studio\jre\bin\management_ext.dll
0x00007ffac8650000 - 0x00007ffac8668000 	C:\Windows\SYSTEM32\CRYPTSP.dll
0x00007ffac7d80000 - 0x00007ffac7db4000 	C:\Windows\system32\rsaenh.dll
0x00007ffac8d80000 - 0x00007ffac8da7000 	C:\Windows\System32\bcrypt.dll
0x00007ffac8c40000 - 0x00007ffac8c6e000 	C:\Windows\SYSTEM32\USERENV.dll
0x00007ffac8670000 - 0x00007ffac867c000 	C:\Windows\SYSTEM32\CRYPTBASE.dll
0x00007ffac8150000 - 0x00007ffac818b000 	C:\Windows\SYSTEM32\IPHLPAPI.DLL
0x00007ffacb080000 - 0x00007ffacb088000 	C:\Windows\System32\NSI.dll
0x00007ffac40b0000 - 0x00007ffac40c7000 	C:\Windows\SYSTEM32\dhcpcsvc6.DLL
0x00007ffac3f80000 - 0x00007ffac3f9d000 	C:\Windows\SYSTEM32\dhcpcsvc.DLL
0x00007ffac8190000 - 0x00007ffac825a000 	C:\Windows\SYSTEM32\DNSAPI.dll

dbghelp: loaded successfully - version: 4.0.5 - missing functions: none
symbol engine: initialized successfully - sym options: 0x614 - pdb path: .;F:\Android\Android Studio\jre\bin;C:\Windows\SYSTEM32;C:\Windows\WinSxS\amd64_microsoft.windows.common-controls_6595b64144ccf1df_6.0.19041.1110_none_60b5254171f9507e;F:\Android\Android Studio\jre\bin\server;C:\Users\rita\.gradle\native\e1d6ef7f7dcc3fd88c89a11ec53ec762bb8ba0a96d01ffa2cd45eb1d1d8dd5c5\windows-amd64;C:\Users\rita\.gradle\native\0d407fdbe67a94daf76414ababcb853783967236a71b16ec16e742cd7a986fd3\windows-amd64

VM Arguments:
jvm_args: --add-opens=java.base/java.util=ALL-UNNAMED --add-opens=java.base/java.lang=ALL-UNNAMED --add-opens=java.base/java.lang.invoke=ALL-UNNAMED --add-opens=java.base/java.util=ALL-UNNAMED --add-opens=java.prefs/java.util.prefs=ALL-UNNAMED --add-opens=java.prefs/java.util.prefs=ALL-UNNAMED --add-opens=java.base/java.nio.charset=ALL-UNNAMED --add-opens=java.base/java.net=ALL-UNNAMED --add-opens=java.base/java.util.concurrent.atomic=ALL-UNNAMED -Xmx2048m -Dfile.encoding=UTF-8 -Duser.country=RU -Duser.language=ru -Duser.variant 
java_command: org.gradle.launcher.daemon.bootstrap.GradleDaemon 7.4
java_class_path (initial): C:\Users\rita\.gradle\wrapper\dists\gradle-7.4-bin\c0gwcg53nkjbqw7r0h0umtfvt\gradle-7.4\lib\gradle-launcher-7.4.jar
Launcher Type: SUN_STANDARD

[Global flags]
     intx CICompilerCount                          = 4                                         {product} {ergonomic}
     uint ConcGCThreads                            = 2                                         {product} {ergonomic}
     uint G1ConcRefinementThreads                  = 8                                         {product} {ergonomic}
   size_t G1HeapRegionSize                         = 1048576                                   {product} {ergonomic}
    uintx GCDrainStackTargetSize                   = 64                                        {product} {ergonomic}
   size_t InitialHeapSize                          = 201326592                                 {product} {ergonomic}
   size_t MarkStackSize                            = 4194304                                   {product} {ergonomic}
   size_t MaxHeapSize                              = 2147483648                                {product} {command line}
   size_t MaxNewSize                               = 1287651328                                {product} {ergonomic}
   size_t MinHeapDeltaBytes                        = 1048576                                   {product} {ergonomic}
    uintx NonNMethodCodeHeapSize                   = 5836300                                {pd product} {ergonomic}
    uintx NonProfiledCodeHeapSize                  = 122910970                              {pd product} {ergonomic}
    uintx ProfiledCodeHeapSize                     = 122910970                              {pd product} {ergonomic}
    uintx ReservedCodeCacheSize                    = 251658240                              {pd product} {ergonomic}
     bool SegmentedCodeCache                       = true                                      {product} {ergonomic}
     bool UseCompressedClassPointers               = true                                 {lp64_product} {ergonomic}
     bool UseCompressedOops                        = true                                 {lp64_product} {ergonomic}
     bool UseG1GC                                  = true                                      {product} {ergonomic}
     bool UseLargePagesIndividualAllocation        = false                                  {pd product} {ergonomic}

Logging:
Log output configuration:
 #0: stdout all=warning uptime,level,tags
 #1: stderr all=off uptime,level,tags

Environment Variables:
JAVA_HOME=C:\Program Files\Java\jdk-17.0.2
PATH=C:\Program Files\Common Files\Oracle\Java\javapath;C:\Program Files (x86)\Common Files\Oracle\Java\javapath;C:\Windows\system32;C:\Windows;C:\Windows\System32\Wbem;C:\Windows\System32\WindowsPowerShell\v1.0\;C:\Windows\System32\OpenSSH\;F:\jdk\bin;C:\Program Files\dotnet\;C:\Program Files\Java\jdk-17.0.2\bin;C:\Program Files\Git\cmd;C:\Program Files\Microsoft SQL Server\Client SDK\ODBC\170\Tools\Binn\;C:\Program Files (x86)\Microsoft SQL Server\150\Tools\Binn\;C:\Program Files\Microsoft SQL Server\150\Tools\Binn\;C:\Program Files\Microsoft SQL Server\150\DTS\Binn\;C:\Users\rita\AppData\Local\Programs\Python\Python310\Scripts\;C:\Users\rita\AppData\Local\Programs\Python\Python310\;C:\Users\rita\AppData\Local\Microsoft\WindowsApps;F:\IntelliJ IDEA Community Edition 2021.3.1\bin;;F:\jdk\bin;C:\Users\rita\.dotnet\tools;C:\Program Files\Java\jdk-17.0.2\bin;;F:\JetBrains\PyCharm Community Edition 2022.2.2\bin;
USERNAME=rita
OS=Windows_NT
PROCESSOR_IDENTIFIER=Intel64 Family 6 Model 60 Stepping 3, GenuineIntel



---------------  S Y S T E M  ---------------

OS: Windows 10 , 64 bit Build 19041 (10.0.19041.2364)
OS uptime: 5 days 2:45 hours

CPU:total 8 (initial active 8) (4 cores per cpu, 2 threads per core) family 6 model 60 stepping 3 microcode 0x27, cmov, cx8, fxsr, mmx, sse, sse2, sse3, ssse3, sse4.1, sse4.2, popcnt, avx, avx2, aes, clmul, erms, lzcnt, ht, tsc, tscinvbit, bmi1, bmi2, fma

Memory: 4k page, system-wide physical 12208M (1432M free)
TotalPageFile size 16382M (AvailPageFile size 61M)
current process WorkingSet (physical memory assigned to process): 489M, peak: 521M
current process commit charge ("private bytes"): 555M, peak: 695M

vm_info: OpenJDK 64-Bit Server VM (11.0.13+0-b1751.21-8125866) for windows-amd64 JRE (11.0.13+0-b1751.21-8125866), built on Feb  2 2022 03:00:22 by "builder" with MS VC++ 14.0 (VS2015)

END.
