#
# There is insufficient memory for the Java Runtime Environment to continue.
# Native memory allocation (mmap) failed to map 132120576 bytes for Failed to commit area from 0x000000008fe00000 to 0x0000000097c00000 of length 132120576.
# Possible reasons:
#   The system is out of physical RAM or swap space
#   The process is running with CompressedOops enabled, and the Java Heap may be blocking the growth of the native heap
# Possible solutions:
#   Reduce memory load on the system
#   Increase physical memory or swap space
#   Check if swap backing store is full
#   Decrease Java heap size (-Xmx/-Xms)
#   Decrease number of Java threads
#   Decrease Java thread stack sizes (-Xss)
#   Set larger code cache with -XX:ReservedCodeCacheSize=
#   JVM is running with Unscaled Compressed Oops mode in which the Java heap is
#     placed in the first 4GB address space. The Java Heap base address is the
#     maximum limit for the native heap growth. Please use -XX:HeapBaseMinAddress
#     to set the Java Heap base and to place the Java Heap above 4GB virtual address.
# This output file may be truncated or incomplete.
#
#  Out of Memory Error (./src/hotspot/os/windows/os_windows.cpp:3619), pid=26252, tid=26532
#
# JRE version: OpenJDK Runtime Environment (11.0.13) (build 11.0.13+0-b1751.21-8125866)
# Java VM: OpenJDK 64-Bit Server VM (11.0.13+0-b1751.21-8125866, mixed mode, tiered, compressed oops, g1 gc, windows-amd64)
# No core dump will be written. Minidumps are not enabled by default on client versions of Windows
#

---------------  S U M M A R Y ------------

Command Line: --add-opens=java.base/java.util=ALL-UNNAMED --add-opens=java.base/java.lang=ALL-UNNAMED --add-opens=java.base/java.lang.invoke=ALL-UNNAMED --add-opens=java.base/java.util=ALL-UNNAMED --add-opens=java.prefs/java.util.prefs=ALL-UNNAMED --add-opens=java.prefs/java.util.prefs=ALL-UNNAMED --add-opens=java.base/java.nio.charset=ALL-UNNAMED --add-opens=java.base/java.net=ALL-UNNAMED --add-opens=java.base/java.util.concurrent.atomic=ALL-UNNAMED -Xmx2048m -Dfile.encoding=UTF-8 -Duser.country=RU -Duser.language=ru -Duser.variant org.gradle.launcher.daemon.bootstrap.GradleDaemon 7.4

Host: Intel(R) Core(TM) i7-4700MQ CPU @ 2.40GHz, 8 cores, 11G,  Windows 10 , 64 bit Build 19041 (10.0.19041.2364)
Time: Tue Dec 20 23:17:57 2022 Астраханское стандартное время elapsed time: 6451.941966 seconds (0d 1h 47m 31s)

---------------  T H R E A D  ---------------

Current thread (0x0000015755088800):  VMThread "VM Thread" [stack: 0x00000007f4800000,0x00000007f4900000] [id=26532]

Stack: [0x00000007f4800000,0x00000007f4900000]
[error occurred during error reporting (printing stack bounds), id 0xc0000005, EXCEPTION_ACCESS_VIOLATION (0xc0000005) at pc=0x000001573e70112d]

Native frames: (J=compiled Java code, j=interpreted, Vv=VM code, C=native code)
V  [jvm.dll+0x6100fa]
V  [jvm.dll+0x747090]
V  [jvm.dll+0x7486ad]
V  [jvm.dll+0x748ce5]
V  [jvm.dll+0x748c9b]
V  [jvm.dll+0x60f224]
V  [jvm.dll+0x60f9b8]
C  [ntdll.dll+0xa241f]
C  [ntdll.dll+0x514a4]
C  [ntdll.dll+0xa0f4e]
C  0x000001573e70112d

VM_Operation (0x00000007fdcfd4a0): G1CollectForAllocation, mode: safepoint, requested by thread 0x000001576247f800


---------------  P R O C E S S  ---------------

Threads class SMR info:
_java_thread_list=0x0000015758d54cc0, length=148, elements={
0x000001573abdd800, 0x00000157558d3000, 0x00000157558e0800, 0x000001575592c000,
0x000001575592f000, 0x0000015755930000, 0x0000015755094800, 0x0000015755099000,
0x00000157550a6800, 0x0000015755a85800, 0x000001575737f000, 0x0000015757d8e000,
0x0000015757aae000, 0x0000015757d53800, 0x0000015757d58000, 0x0000015757d53000,
0x0000015757d54800, 0x0000015757d58800, 0x0000015758a85000, 0x0000015758a87000,
0x0000015758a87800, 0x0000015758a8b000, 0x0000015758a8e000, 0x0000015759836800,
0x0000015759833000, 0x0000015759830800, 0x0000015759834000, 0x0000015759839800,
0x000001575983a800, 0x000001575e581800, 0x0000015756bb3800, 0x000001575e869000,
0x000001575e866000, 0x000001575e865000, 0x000001575e866800, 0x000001575e86a000,
0x000001575e864000, 0x000001575e86b800, 0x0000015755b90800, 0x000001575e86a800,
0x000001575e86c800, 0x000001575e86d000, 0x000001575e867800, 0x000001575e86e000,
0x000001575e868800, 0x000001575e871000, 0x000001575e86f800, 0x000001575e872000,
0x000001575e86f000, 0x000001575e873000, 0x000001575e57b800, 0x000001575e57d000,
0x000001575e580800, 0x000001575e582000, 0x000001575e57c800, 0x000001575e583000,
0x000001575e584000, 0x000001575e57e000, 0x000001575e584800, 0x000001575e57f000,
0x000001575e585800, 0x000001575e57f800, 0x000001575e58a800, 0x000001575e586000,
0x000001575e588000, 0x000001575e587000, 0x000001575e588800, 0x000001575e589800,
0x0000015756bad000, 0x0000015756bb2000, 0x0000015756bb2800, 0x0000015756bae000,
0x0000015756bb4800, 0x0000015756bb0000, 0x0000015756bae800, 0x0000015756bb5000,
0x0000015756baf800, 0x0000015756bb6000, 0x0000015756bb7000, 0x0000015756bb1000,
0x0000015756bbb000, 0x0000015756bbb800, 0x0000015756bba000, 0x0000015756bb8800,
0x0000015756bb7800, 0x0000015756bb9000, 0x0000015758a8b800, 0x0000015758a86000,
0x0000015758a8d800, 0x0000015758a90800, 0x0000015758a90000, 0x0000015758a8c800,
0x0000015758a8f000, 0x0000015758a91800, 0x0000015758a92000, 0x0000015758a93000,
0x0000015759831800, 0x0000015759832000, 0x000001575982d800, 0x000001575982e000,
0x000001575982f000, 0x0000015759830000, 0x000001575983b000, 0x000001575983c000,
0x0000015759838000, 0x0000015759839000, 0x0000015757d59800, 0x0000015757d55800,
0x0000015757d56000, 0x0000015757d57000, 0x000001575b196000, 0x000001575b197000,
0x000001575b199800, 0x000001575b195000, 0x000001575b197800, 0x000001575b198800,
0x000001575b193800, 0x000001575b19a000, 0x000001575b194800, 0x000001575b19c800,
0x000001575b19d800, 0x000001575b1a0000, 0x000001575b19f000, 0x000001575b19b000,
0x000001575b1a0800, 0x0000015757268000, 0x000001575b1a1800, 0x000001575b19b800,
0x000001575b19e000, 0x000001575b1a2800, 0x000001576247d000, 0x0000015762483800,
0x0000015762482800, 0x0000015762482000, 0x0000015762481000, 0x000001576247d800,
0x0000015762484800, 0x000001576247e800, 0x0000015762485000, 0x000001576247f800,
0x0000015762480000, 0x0000015762487800, 0x0000015762488800, 0x0000015762489000,
0x000001576248a000, 0x000001576248b000, 0x000001576248b800, 0x0000015762486000
}

Java Threads: ( => current thread )
  0x000001573abdd800 JavaThread "main" [_thread_blocked, id=20164, stack(0x00000007f4200000,0x00000007f4300000)]
  0x00000157558d3000 JavaThread "Reference Handler" daemon [_thread_blocked, id=21480, stack(0x00000007f4900000,0x00000007f4a00000)]
  0x00000157558e0800 JavaThread "Finalizer" daemon [_thread_blocked, id=19072, stack(0x00000007f4a00000,0x00000007f4b00000)]
  0x000001575592c000 JavaThread "Signal Dispatcher" daemon [_thread_blocked, id=15192, stack(0x00000007f4b00000,0x00000007f4c00000)]
  0x000001575592f000 JavaThread "Attach Listener" daemon [_thread_blocked, id=15880, stack(0x00000007f4c00000,0x00000007f4d00000)]
  0x0000015755930000 JavaThread "Service Thread" daemon [_thread_blocked, id=25608, stack(0x00000007f4d00000,0x00000007f4e00000)]
  0x0000015755094800 JavaThread "C2 CompilerThread0" daemon [_thread_blocked, id=13432, stack(0x00000007f4e00000,0x00000007f4f00000)]
  0x0000015755099000 JavaThread "C1 CompilerThread0" daemon [_thread_blocked, id=28104, stack(0x00000007f4f00000,0x00000007f5000000)]
  0x00000157550a6800 JavaThread "Sweeper thread" daemon [_thread_blocked, id=18044, stack(0x00000007f5000000,0x00000007f5100000)]
  0x0000015755a85800 JavaThread "Common-Cleaner" daemon [_thread_blocked, id=5400, stack(0x00000007f5100000,0x00000007f5200000)]
  0x000001575737f000 JavaThread "Daemon health stats" [_thread_blocked, id=27636, stack(0x00000007f5800000,0x00000007f5900000)]
  0x0000015757d8e000 JavaThread "Incoming local TCP Connector on port 51189" [_thread_in_native, id=12808, stack(0x00000007f5300000,0x00000007f5400000)]
  0x0000015757aae000 JavaThread "Daemon periodic checks" [_thread_blocked, id=19244, stack(0x00000007f5900000,0x00000007f5a00000)]
  0x0000015757d53800 JavaThread "Cache worker for journal cache (C:\Users\rita\.gradle\caches\journal-1)" [_thread_blocked, id=12292, stack(0x00000007f6100000,0x00000007f6200000)]
  0x0000015757d58000 JavaThread "File lock request listener" [_thread_in_native, id=23580, stack(0x00000007f6200000,0x00000007f6300000)]
  0x0000015757d53000 JavaThread "Cache worker for file hash cache (C:\Users\rita\.gradle\caches\7.4\fileHashes)" [_thread_blocked, id=7476, stack(0x00000007f6300000,0x00000007f6400000)]
  0x0000015757d54800 JavaThread "File watcher server" daemon [_thread_blocked, id=27908, stack(0x00000007f6a00000,0x00000007f6b00000)]
  0x0000015757d58800 JavaThread "File watcher consumer" daemon [_thread_blocked, id=26508, stack(0x00000007f6b00000,0x00000007f6c00000)]
  0x0000015758a85000 JavaThread "Cache worker for execution history cache (C:\Users\rita\.gradle\caches\7.4\executionHistory)" [_thread_blocked, id=15908, stack(0x00000007f7000000,0x00000007f7100000)]
  0x0000015758a87000 JavaThread "jar transforms" [_thread_blocked, id=24924, stack(0x00000007f7100000,0x00000007f7200000)]
  0x0000015758a87800 JavaThread "Cache worker for file content cache (C:\Users\rita\.gradle\caches\7.4\fileContent)" [_thread_blocked, id=23252, stack(0x00000007f7200000,0x00000007f7300000)]
  0x0000015758a8b000 JavaThread "jar transforms Thread 2" [_thread_blocked, id=10796, stack(0x00000007f7300000,0x00000007f7400000)]
  0x0000015758a8e000 JavaThread "jar transforms Thread 3" [_thread_blocked, id=21300, stack(0x00000007f7500000,0x00000007f7600000)]
  0x0000015759836800 JavaThread "jar transforms Thread 4" [_thread_blocked, id=18844, stack(0x00000007fc700000,0x00000007fc800000)]
  0x0000015759833000 JavaThread "jar transforms Thread 5" [_thread_blocked, id=16064, stack(0x00000007fc800000,0x00000007fc900000)]
  0x0000015759830800 JavaThread "jar transforms Thread 6" [_thread_blocked, id=17588, stack(0x00000007fc900000,0x00000007fca00000)]
  0x0000015759834000 JavaThread "jar transforms Thread 7" [_thread_blocked, id=20496, stack(0x00000007fca00000,0x00000007fcb00000)]
  0x0000015759839800 JavaThread "jar transforms Thread 8" [_thread_blocked, id=12920, stack(0x00000007fcb00000,0x00000007fcc00000)]
  0x000001575983a800 JavaThread "Memory manager" [_thread_blocked, id=6508, stack(0x00000007fcc00000,0x00000007fcd00000)]
  0x000001575e581800 JavaThread "Cache worker for Java compile cache (C:\Users\rita\.gradle\caches\7.4\javaCompile)" [_thread_blocked, id=23192, stack(0x00000007fd700000,0x00000007fd800000)]
  0x0000015756bb3800 JavaThread "ForkJoinPool.commonPool-worker-5" daemon [_thread_blocked, id=17912, stack(0x00000007fe800000,0x00000007fe900000)]
  0x000001575e869000 JavaThread "Daemon Thread 3" [_thread_blocked, id=21960, stack(0x00000007f4000000,0x00000007f4100000)]
  0x000001575e866000 JavaThread "Handler for socket connection from /127.0.0.1:51189 to /127.0.0.1:62582" [_thread_in_native, id=13672, stack(0x00000007f4100000,0x00000007f4200000)]
  0x000001575e865000 JavaThread "Cancel handler" [_thread_blocked, id=25240, stack(0x00000007f5700000,0x00000007f5800000)]
  0x000001575e866800 JavaThread "Daemon worker Thread 3" [_thread_blocked, id=20328, stack(0x00000007f5a00000,0x00000007f5b00000)]
  0x000001575e86a000 JavaThread "Asynchronous log dispatcher for DefaultDaemonConnection: socket connection from /127.0.0.1:51189 to /127.0.0.1:62582" [_thread_blocked, id=15464, stack(0x00000007f5b00000,0x00000007f5c00000)]
  0x000001575e864000 JavaThread "Stdin handler" [_thread_blocked, id=24524, stack(0x00000007f5c00000,0x00000007f5d00000)]
  0x000001575e86b800 JavaThread "Daemon client event forwarder" [_thread_blocked, id=1668, stack(0x00000007f5d00000,0x00000007f5e00000)]
  0x0000015755b90800 JavaThread "C2 CompilerThread1" daemon [_thread_blocked, id=20824, stack(0x00000007f5e00000,0x00000007f5f00000)]
  0x000001575e86a800 JavaThread "Cache worker for checksums cache (F:\MobileDevelopment\Bank\.gradle\7.4\checksums)" [_thread_blocked, id=25852, stack(0x00000007f6900000,0x00000007f6a00000)]
  0x000001575e86c800 JavaThread "Cache worker for cache directory md-rule (C:\Users\rita\.gradle\caches\7.4\md-rule)" [_thread_blocked, id=10740, stack(0x00000007f6c00000,0x00000007f6d00000)]
  0x000001575e86d000 JavaThread "Cache worker for file hash cache (F:\MobileDevelopment\Bank\.gradle\7.4\fileHashes)" [_thread_blocked, id=19020, stack(0x00000007f6d00000,0x00000007f6e00000)]
  0x000001575e867800 JavaThread "Cache worker for cache directory md-supplier (C:\Users\rita\.gradle\caches\7.4\md-supplier)" [_thread_blocked, id=20652, stack(0x00000007f6e00000,0x00000007f6f00000)]
  0x000001575e86e000 JavaThread "Cache worker for dependencies-accessors (F:\MobileDevelopment\Bank\.gradle\7.4\dependencies-accessors)" [_thread_blocked, id=3984, stack(0x00000007f6f00000,0x00000007f7000000)]
  0x000001575e868800 JavaThread "Cache worker for Build Output Cleanup Cache (F:\MobileDevelopment\Bank\.gradle\buildOutputCleanup)" [_thread_blocked, id=26556, stack(0x00000007f7400000,0x00000007f7500000)]
  0x000001575e871000 JavaThread "Unconstrained build operations" [_thread_blocked, id=22080, stack(0x00000007f7600000,0x00000007f7700000)]
  0x000001575e86f800 JavaThread "Unconstrained build operations Thread 2" [_thread_blocked, id=19484, stack(0x00000007f7700000,0x00000007f7800000)]
  0x000001575e872000 JavaThread "Unconstrained build operations Thread 3" [_thread_blocked, id=26172, stack(0x00000007f7800000,0x00000007f7900000)]
  0x000001575e86f000 JavaThread "Unconstrained build operations Thread 4" [_thread_blocked, id=20272, stack(0x00000007f7900000,0x00000007f7a00000)]
  0x000001575e873000 JavaThread "Unconstrained build operations Thread 5" [_thread_blocked, id=23936, stack(0x00000007f7a00000,0x00000007f7b00000)]
  0x000001575e57b800 JavaThread "Unconstrained build operations Thread 6" [_thread_blocked, id=26072, stack(0x00000007f7b00000,0x00000007f7c00000)]
  0x000001575e57d000 JavaThread "Unconstrained build operations Thread 7" [_thread_blocked, id=24208, stack(0x00000007f7c00000,0x00000007f7d00000)]
  0x000001575e580800 JavaThread "Unconstrained build operations Thread 8" [_thread_blocked, id=23688, stack(0x00000007f7d00000,0x00000007f7e00000)]
  0x000001575e582000 JavaThread "Unconstrained build operations Thread 9" [_thread_blocked, id=15636, stack(0x00000007f7e00000,0x00000007f7f00000)]
  0x000001575e57c800 JavaThread "Unconstrained build operations Thread 10" [_thread_blocked, id=9456, stack(0x00000007f7f00000,0x00000007f8000000)]
  0x000001575e583000 JavaThread "Unconstrained build operations Thread 11" [_thread_blocked, id=8056, stack(0x00000007f8000000,0x00000007f8100000)]
  0x000001575e584000 JavaThread "Unconstrained build operations Thread 12" [_thread_blocked, id=17208, stack(0x00000007f8100000,0x00000007f8200000)]
  0x000001575e57e000 JavaThread "Unconstrained build operations Thread 13" [_thread_blocked, id=16504, stack(0x00000007f8200000,0x00000007f8300000)]
  0x000001575e584800 JavaThread "Unconstrained build operations Thread 14" [_thread_blocked, id=17132, stack(0x00000007f8300000,0x00000007f8400000)]
  0x000001575e57f000 JavaThread "Unconstrained build operations Thread 15" [_thread_blocked, id=20348, stack(0x00000007f8400000,0x00000007f8500000)]
  0x000001575e585800 JavaThread "Unconstrained build operations Thread 16" [_thread_blocked, id=21336, stack(0x00000007f8500000,0x00000007f8600000)]
  0x000001575e57f800 JavaThread "Unconstrained build operations Thread 17" [_thread_blocked, id=9532, stack(0x00000007f8600000,0x00000007f8700000)]
  0x000001575e58a800 JavaThread "Unconstrained build operations Thread 18" [_thread_blocked, id=12804, stack(0x00000007f8700000,0x00000007f8800000)]
  0x000001575e586000 JavaThread "Unconstrained build operations Thread 19" [_thread_blocked, id=6432, stack(0x00000007f8800000,0x00000007f8900000)]
  0x000001575e588000 JavaThread "Unconstrained build operations Thread 20" [_thread_blocked, id=22084, stack(0x00000007f8900000,0x00000007f8a00000)]
  0x000001575e587000 JavaThread "Unconstrained build operations Thread 21" [_thread_blocked, id=28452, stack(0x00000007f8a00000,0x00000007f8b00000)]
  0x000001575e588800 JavaThread "Unconstrained build operations Thread 22" [_thread_blocked, id=23876, stack(0x00000007f8b00000,0x00000007f8c00000)]
  0x000001575e589800 JavaThread "Unconstrained build operations Thread 23" [_thread_blocked, id=9700, stack(0x00000007f8c00000,0x00000007f8d00000)]
  0x0000015756bad000 JavaThread "Unconstrained build operations Thread 24" [_thread_blocked, id=2852, stack(0x00000007f8d00000,0x00000007f8e00000)]
  0x0000015756bb2000 JavaThread "Unconstrained build operations Thread 25" [_thread_blocked, id=15256, stack(0x00000007f8e00000,0x00000007f8f00000)]
  0x0000015756bb2800 JavaThread "Unconstrained build operations Thread 26" [_thread_blocked, id=27340, stack(0x00000007f8f00000,0x00000007f9000000)]
  0x0000015756bae000 JavaThread "Unconstrained build operations Thread 27" [_thread_blocked, id=1996, stack(0x00000007f9000000,0x00000007f9100000)]
  0x0000015756bb4800 JavaThread "Unconstrained build operations Thread 28" [_thread_blocked, id=18620, stack(0x00000007f9100000,0x00000007f9200000)]
  0x0000015756bb0000 JavaThread "Unconstrained build operations Thread 29" [_thread_blocked, id=6936, stack(0x00000007f9200000,0x00000007f9300000)]
  0x0000015756bae800 JavaThread "Unconstrained build operations Thread 30" [_thread_blocked, id=5332, stack(0x00000007f9300000,0x00000007f9400000)]
  0x0000015756bb5000 JavaThread "Unconstrained build operations Thread 31" [_thread_blocked, id=20452, stack(0x00000007f9400000,0x00000007f9500000)]
  0x0000015756baf800 JavaThread "Unconstrained build operations Thread 32" [_thread_blocked, id=21612, stack(0x00000007f9500000,0x00000007f9600000)]
  0x0000015756bb6000 JavaThread "Unconstrained build operations Thread 33" [_thread_blocked, id=20148, stack(0x00000007f9600000,0x00000007f9700000)]
  0x0000015756bb7000 JavaThread "Unconstrained build operations Thread 34" [_thread_blocked, id=10084, stack(0x00000007f9700000,0x00000007f9800000)]
  0x0000015756bb1000 JavaThread "Unconstrained build operations Thread 35" [_thread_blocked, id=19712, stack(0x00000007f9800000,0x00000007f9900000)]
  0x0000015756bbb000 JavaThread "Unconstrained build operations Thread 36" [_thread_blocked, id=16280, stack(0x00000007f9900000,0x00000007f9a00000)]
  0x0000015756bbb800 JavaThread "Unconstrained build operations Thread 37" [_thread_blocked, id=22124, stack(0x00000007f9a00000,0x00000007f9b00000)]
  0x0000015756bba000 JavaThread "Unconstrained build operations Thread 38" [_thread_blocked, id=24068, stack(0x00000007f9b00000,0x00000007f9c00000)]
  0x0000015756bb8800 JavaThread "Unconstrained build operations Thread 39" [_thread_blocked, id=25972, stack(0x00000007f9c00000,0x00000007f9d00000)]
  0x0000015756bb7800 JavaThread "Unconstrained build operations Thread 40" [_thread_blocked, id=26088, stack(0x00000007f9d00000,0x00000007f9e00000)]
  0x0000015756bb9000 JavaThread "Unconstrained build operations Thread 41" [_thread_blocked, id=24472, stack(0x00000007f9e00000,0x00000007f9f00000)]
  0x0000015758a8b800 JavaThread "Unconstrained build operations Thread 42" [_thread_blocked, id=16112, stack(0x00000007f9f00000,0x00000007fa000000)]
  0x0000015758a86000 JavaThread "Unconstrained build operations Thread 43" [_thread_blocked, id=15136, stack(0x00000007fa000000,0x00000007fa100000)]
  0x0000015758a8d800 JavaThread "Unconstrained build operations Thread 44" [_thread_blocked, id=16776, stack(0x00000007fa100000,0x00000007fa200000)]
  0x0000015758a90800 JavaThread "Unconstrained build operations Thread 45" [_thread_blocked, id=23204, stack(0x00000007fa200000,0x00000007fa300000)]
  0x0000015758a90000 JavaThread "Unconstrained build operations Thread 46" [_thread_blocked, id=19988, stack(0x00000007fa300000,0x00000007fa400000)]
  0x0000015758a8c800 JavaThread "Unconstrained build operations Thread 47" [_thread_blocked, id=24204, stack(0x00000007fa400000,0x00000007fa500000)]
  0x0000015758a8f000 JavaThread "Unconstrained build operations Thread 48" [_thread_blocked, id=19444, stack(0x00000007fa500000,0x00000007fa600000)]
  0x0000015758a91800 JavaThread "Unconstrained build operations Thread 49" [_thread_blocked, id=18260, stack(0x00000007fa600000,0x00000007fa700000)]
  0x0000015758a92000 JavaThread "Unconstrained build operations Thread 50" [_thread_blocked, id=22908, stack(0x00000007fa700000,0x00000007fa800000)]
  0x0000015758a93000 JavaThread "Unconstrained build operations Thread 51" [_thread_blocked, id=18520, stack(0x00000007fa800000,0x00000007fa900000)]
  0x0000015759831800 JavaThread "Unconstrained build operations Thread 52" [_thread_blocked, id=22900, stack(0x00000007fa900000,0x00000007faa00000)]
  0x0000015759832000 JavaThread "Unconstrained build operations Thread 53" [_thread_blocked, id=18536, stack(0x00000007faa00000,0x00000007fab00000)]
  0x000001575982d800 JavaThread "Unconstrained build operations Thread 54" [_thread_blocked, id=12696, stack(0x00000007fab00000,0x00000007fac00000)]
  0x000001575982e000 JavaThread "Unconstrained build operations Thread 55" [_thread_blocked, id=18672, stack(0x00000007fac00000,0x00000007fad00000)]
  0x000001575982f000 JavaThread "Unconstrained build operations Thread 56" [_thread_blocked, id=21216, stack(0x00000007fad00000,0x00000007fae00000)]
  0x0000015759830000 JavaThread "Unconstrained build operations Thread 57" [_thread_blocked, id=20560, stack(0x00000007fae00000,0x00000007faf00000)]
  0x000001575983b000 JavaThread "Unconstrained build operations Thread 58" [_thread_blocked, id=1396, stack(0x00000007faf00000,0x00000007fb000000)]
  0x000001575983c000 JavaThread "Unconstrained build operations Thread 59" [_thread_blocked, id=24484, stack(0x00000007fb000000,0x00000007fb100000)]
  0x0000015759838000 JavaThread "Unconstrained build operations Thread 60" [_thread_blocked, id=23392, stack(0x00000007fb100000,0x00000007fb200000)]
  0x0000015759839000 JavaThread "Unconstrained build operations Thread 61" [_thread_blocked, id=2996, stack(0x00000007fb200000,0x00000007fb300000)]
  0x0000015757d59800 JavaThread "Unconstrained build operations Thread 62" [_thread_blocked, id=6360, stack(0x00000007fb300000,0x00000007fb400000)]
  0x0000015757d55800 JavaThread "Unconstrained build operations Thread 63" [_thread_blocked, id=13880, stack(0x00000007fb400000,0x00000007fb500000)]
  0x0000015757d56000 JavaThread "Unconstrained build operations Thread 64" [_thread_blocked, id=25040, stack(0x00000007fb500000,0x00000007fb600000)]
  0x0000015757d57000 JavaThread "Unconstrained build operations Thread 65" [_thread_blocked, id=4108, stack(0x00000007fb600000,0x00000007fb700000)]
  0x000001575b196000 JavaThread "Unconstrained build operations Thread 66" [_thread_blocked, id=26920, stack(0x00000007fb700000,0x00000007fb800000)]
  0x000001575b197000 JavaThread "Unconstrained build operations Thread 67" [_thread_blocked, id=25024, stack(0x00000007fb800000,0x00000007fb900000)]
  0x000001575b199800 JavaThread "Unconstrained build operations Thread 68" [_thread_blocked, id=21312, stack(0x00000007fb900000,0x00000007fba00000)]
  0x000001575b195000 JavaThread "Unconstrained build operations Thread 69" [_thread_blocked, id=20432, stack(0x00000007fba00000,0x00000007fbb00000)]
  0x000001575b197800 JavaThread "Unconstrained build operations Thread 70" [_thread_blocked, id=10064, stack(0x00000007fbb00000,0x00000007fbc00000)]
  0x000001575b198800 JavaThread "Unconstrained build operations Thread 71" [_thread_blocked, id=21000, stack(0x00000007fbc00000,0x00000007fbd00000)]
  0x000001575b193800 JavaThread "Unconstrained build operations Thread 72" [_thread_blocked, id=18136, stack(0x00000007fbd00000,0x00000007fbe00000)]
  0x000001575b19a000 JavaThread "Unconstrained build operations Thread 73" [_thread_blocked, id=13328, stack(0x00000007fbe00000,0x00000007fbf00000)]
  0x000001575b194800 JavaThread "Unconstrained build operations Thread 74" [_thread_blocked, id=26464, stack(0x00000007fbf00000,0x00000007fc000000)]
  0x000001575b19c800 JavaThread "Unconstrained build operations Thread 75" [_thread_blocked, id=18928, stack(0x00000007fc000000,0x00000007fc100000)]
  0x000001575b19d800 JavaThread "Unconstrained build operations Thread 76" [_thread_blocked, id=16684, stack(0x00000007fc100000,0x00000007fc200000)]
  0x000001575b1a0000 JavaThread "Unconstrained build operations Thread 77" [_thread_blocked, id=7724, stack(0x00000007fc200000,0x00000007fc300000)]
  0x000001575b19f000 JavaThread "Unconstrained build operations Thread 78" [_thread_blocked, id=26940, stack(0x00000007fc300000,0x00000007fc400000)]
  0x000001575b19b000 JavaThread "Unconstrained build operations Thread 79" [_thread_blocked, id=25796, stack(0x00000007fc400000,0x00000007fc500000)]
  0x000001575b1a0800 JavaThread "Unconstrained build operations Thread 80" [_thread_blocked, id=2932, stack(0x00000007fc500000,0x00000007fc600000)]
  0x0000015757268000 JavaThread "C2 CompilerThread2" daemon [_thread_blocked, id=18600, stack(0x00000007fc600000,0x00000007fc700000)]
  0x000001575b1a1800 JavaThread "build event listener" [_thread_blocked, id=16344, stack(0x00000007fcd00000,0x00000007fce00000)]
  0x000001575b19b800 JavaThread "included builds" [_thread_blocked, id=21576, stack(0x00000007fce00000,0x00000007fcf00000)]
  0x000001575b19e000 JavaThread "Execution worker for ':'" [_thread_blocked, id=27716, stack(0x00000007fcf00000,0x00000007fd000000)]
  0x000001575b1a2800 JavaThread "Execution worker for ':' Thread 2" [_thread_blocked, id=27804, stack(0x00000007fd000000,0x00000007fd100000)]
  0x000001576247d000 JavaThread "Execution worker for ':' Thread 3" [_thread_blocked, id=20944, stack(0x00000007fd100000,0x00000007fd200000)]
  0x0000015762483800 JavaThread "Execution worker for ':' Thread 4" [_thread_blocked, id=9892, stack(0x00000007fd200000,0x00000007fd300000)]
  0x0000015762482800 JavaThread "Execution worker for ':' Thread 5" [_thread_blocked, id=16180, stack(0x00000007fd300000,0x00000007fd400000)]
  0x0000015762482000 JavaThread "Execution worker for ':' Thread 6" [_thread_blocked, id=13936, stack(0x00000007fd400000,0x00000007fd500000)]
  0x0000015762481000 JavaThread "Execution worker for ':' Thread 7" [_thread_blocked, id=1928, stack(0x00000007fd500000,0x00000007fd600000)]
  0x000001576247d800 JavaThread "Cache worker for execution history cache (F:\MobileDevelopment\Bank\.gradle\7.4\executionHistory)" [_thread_blocked, id=12592, stack(0x00000007fd600000,0x00000007fd700000)]
  0x0000015762484800 JavaThread "WorkerExecutor Queue" [_thread_blocked, id=16212, stack(0x00000007fd800000,0x00000007fd900000)]
  0x000001576247e800 JavaThread "WorkerExecutor Queue Thread 2" [_thread_blocked, id=17376, stack(0x00000007fd900000,0x00000007fda00000)]
  0x0000015762485000 JavaThread "WorkerExecutor Queue Thread 3" [_thread_blocked, id=25440, stack(0x00000007fda00000,0x00000007fdb00000)]
  0x000001576247f800 JavaThread "WorkerExecutor Queue Thread 4" [_thread_blocked, id=13652, stack(0x00000007fdc00000,0x00000007fdd00000)]
  0x0000015762480000 JavaThread "WorkerExecutor Queue Thread 5" [_thread_blocked, id=13972, stack(0x00000007fdd00000,0x00000007fde00000)]
  0x0000015762487800 JavaThread "WorkerExecutor Queue Thread 6" [_thread_blocked, id=20352, stack(0x00000007fde00000,0x00000007fdf00000)]
  0x0000015762488800 JavaThread "WorkerExecutor Queue Thread 7" [_thread_blocked, id=24988, stack(0x00000007fdf00000,0x00000007fe000000)]
  0x0000015762489000 JavaThread "WorkerExecutor Queue Thread 8" [_thread_blocked, id=8584, stack(0x00000007fe000000,0x00000007fe100000)]
  0x000001576248a000 JavaThread "WorkerExecutor Queue Thread 9" [_thread_blocked, id=26496, stack(0x00000007fe100000,0x00000007fe200000)]
  0x000001576248b000 JavaThread "pool-9-thread-1" [_thread_blocked, id=13684, stack(0x00000007fe200000,0x00000007fe300000)]
  0x000001576248b800 JavaThread "stderr" [_thread_in_native, id=15036, stack(0x00000007fe300000,0x00000007fe400000)]
  0x0000015762486000 JavaThread "stdout" [_thread_in_native, id=28236, stack(0x00000007fe400000,0x00000007fe500000)]

Other Threads:
=>0x0000015755088800 VMThread "VM Thread" [stack: 0x00000007f4800000,0x00000007f4900000] [id=26532]
  0x0000015755ab4000 WatcherThread [stack: 0x00000007f5200000,0x00000007f5300000] [id=26744]
  0x000001573abf6800 GCTaskThread "GC Thread#0" [stack: 0x00000007f4300000,0x00000007f4400000] [id=16972]
  0x0000015755e1a000 GCTaskThread "GC Thread#1" [stack: 0x00000007f5400000,0x00000007f5500000] [id=10380]
  0x00000157567d9000 GCTaskThread "GC Thread#2" [stack: 0x00000007f5500000,0x00000007f5600000] [id=26424]
  0x000001575601e800 GCTaskThread "GC Thread#3" [stack: 0x00000007f5600000,0x00000007f5700000] [id=25292]
  0x00000157581d2000 GCTaskThread "GC Thread#4" [stack: 0x00000007f6400000,0x00000007f6500000] [id=13120]
  0x0000015757a0b000 GCTaskThread "GC Thread#5" [stack: 0x00000007f6500000,0x00000007f6600000] [id=19452]
  0x0000015757f8e000 GCTaskThread "GC Thread#6" [stack: 0x00000007f6600000,0x00000007f6700000] [id=13892]
  0x0000015757349800 GCTaskThread "GC Thread#7" [stack: 0x00000007f6700000,0x00000007f6800000] [id=23084]
  0x000001573ac29000 ConcurrentGCThread "G1 Main Marker" [stack: 0x00000007f4400000,0x00000007f4500000] [id=14236]
  0x000001573ac2a000 ConcurrentGCThread "G1 Conc#0" [stack: 0x00000007f4500000,0x00000007f4600000] [id=1312]
  0x0000015757c72000 ConcurrentGCThread "G1 Conc#1" [stack: 0x00000007f6800000,0x00000007f6900000] [id=25376]
  0x0000015754ef0800 ConcurrentGCThread "G1 Refine#0" [stack: 0x00000007f4600000,0x00000007f4700000] [id=9508]
  0x000001575d1bd800 ConcurrentGCThread "G1 Refine#1" [stack: 0x00000007f5f00000,0x00000007f6000000] [id=13588]
  0x0000015760634800 ConcurrentGCThread "G1 Refine#2" [stack: 0x00000007f6000000,0x00000007f6100000] [id=13968]
  0x00000157604cd000 ConcurrentGCThread "G1 Refine#3" [stack: 0x00000007fe500000,0x00000007fe600000] [id=14820]
  0x0000015754ef1800 ConcurrentGCThread "G1 Young RemSet Sampling" [stack: 0x00000007f4700000,0x00000007f4800000] [id=22716]

Threads with active compile tasks:
C2 CompilerThread26452050 19095       4       com.android.tools.r8.dex.i::l (2158 bytes)

VM state:at safepoint (normal execution)

VM Mutex/Monitor currently owned by a thread:  ([mutex/lock_event])
[0x000001573abda5d0] Threads_lock - owner thread: 0x0000015755088800
[0x000001573abda270] Heap_lock - owner thread: 0x000001576247f800

Heap address: 0x0000000080000000, size: 2048 MB, Compressed Oops mode: 32-bit
Narrow klass base: 0x0000000000000000, Narrow klass shift: 3
Compressed class space size: 1073741824 Address: 0x0000000100000000

Heap:
 garbage-first heap   total 389120K, used 229117K [0x0000000080000000, 0x0000000100000000)
  region size 1024K, 2 young (2048K), 2 survivors (2048K)
 Metaspace       used 124528K, capacity 127832K, committed 129376K, reserved 1161216K
  class space    used 15770K, capacity 17031K, committed 17688K, reserved 1048576K
Heap Regions: E=young(eden), S=young(survivor), O=old, HS=humongous(starts), HC=humongous(continues), CS=collection set, F=free, A=archive, TAMS=top-at-mark-start (previous, next)
|   0|0x0000000080000000, 0x0000000080100000, 0x0000000080100000|100%| O|  |TAMS 0x0000000080100000, 0x0000000080100000| Untracked 
|   1|0x0000000080100000, 0x0000000080200000, 0x0000000080200000|100%| O|  |TAMS 0x0000000080200000, 0x0000000080200000| Untracked 
|   2|0x0000000080200000, 0x0000000080300000, 0x0000000080300000|100%| O|  |TAMS 0x0000000080300000, 0x0000000080300000| Untracked 
|   3|0x0000000080300000, 0x0000000080400000, 0x0000000080400000|100%|HS|  |TAMS 0x0000000080400000, 0x0000000080400000| Complete 
|   4|0x0000000080400000, 0x0000000080500000, 0x0000000080500000|100%|HC|  |TAMS 0x0000000080500000, 0x0000000080500000| Complete 
|   5|0x0000000080500000, 0x0000000080600000, 0x0000000080600000|100%|HC|  |TAMS 0x0000000080600000, 0x0000000080600000| Complete 
|   6|0x0000000080600000, 0x0000000080700000, 0x0000000080700000|100%| O|  |TAMS 0x0000000080700000, 0x0000000080700000| Untracked 
|   7|0x0000000080700000, 0x0000000080800000, 0x0000000080800000|100%| O|  |TAMS 0x0000000080800000, 0x0000000080800000| Untracked 
|   8|0x0000000080800000, 0x0000000080900000, 0x0000000080900000|100%| O|  |TAMS 0x0000000080900000, 0x0000000080900000| Untracked 
|   9|0x0000000080900000, 0x0000000080a00000, 0x0000000080a00000|100%| O|  |TAMS 0x0000000080a00000, 0x0000000080a00000| Untracked 
|  10|0x0000000080a00000, 0x0000000080b00000, 0x0000000080b00000|100%| O|  |TAMS 0x0000000080b00000, 0x0000000080b00000| Untracked 
|  11|0x0000000080b00000, 0x0000000080c00000, 0x0000000080c00000|100%| O|  |TAMS 0x0000000080c00000, 0x0000000080c00000| Untracked 
|  12|0x0000000080c00000, 0x0000000080d00000, 0x0000000080d00000|100%| O|  |TAMS 0x0000000080d00000, 0x0000000080d00000| Untracked 
|  13|0x0000000080d00000, 0x0000000080e00000, 0x0000000080e00000|100%| O|  |TAMS 0x0000000080e00000, 0x0000000080e00000| Untracked 
|  14|0x0000000080e00000, 0x0000000080f00000, 0x0000000080f00000|100%| O|  |TAMS 0x0000000080f00000, 0x0000000080f00000| Untracked 
|  15|0x0000000080f00000, 0x0000000081000000, 0x0000000081000000|100%| O|  |TAMS 0x0000000081000000, 0x0000000081000000| Untracked 
|  16|0x0000000081000000, 0x0000000081100000, 0x0000000081100000|100%| O|  |TAMS 0x0000000081100000, 0x0000000081100000| Untracked 
|  17|0x0000000081100000, 0x0000000081200000, 0x0000000081200000|100%|HS|  |TAMS 0x0000000081200000, 0x0000000081200000| Complete 
|  18|0x0000000081200000, 0x0000000081300000, 0x0000000081300000|100%|HS|  |TAMS 0x0000000081300000, 0x0000000081300000| Complete 
|  19|0x0000000081300000, 0x0000000081400000, 0x0000000081400000|100%| O|  |TAMS 0x0000000081400000, 0x0000000081400000| Untracked 
|  20|0x0000000081400000, 0x0000000081500000, 0x0000000081500000|100%| O|  |TAMS 0x0000000081500000, 0x0000000081500000| Untracked 
|  21|0x0000000081500000, 0x0000000081600000, 0x0000000081600000|100%| O|  |TAMS 0x0000000081600000, 0x0000000081600000| Untracked 
|  22|0x0000000081600000, 0x0000000081700000, 0x0000000081700000|100%| O|  |TAMS 0x0000000081700000, 0x0000000081700000| Untracked 
|  23|0x0000000081700000, 0x0000000081800000, 0x0000000081800000|100%| O|  |TAMS 0x0000000081800000, 0x0000000081800000| Untracked 
|  24|0x0000000081800000, 0x0000000081900000, 0x0000000081900000|100%| O|  |TAMS 0x0000000081900000, 0x0000000081900000| Untracked 
|  25|0x0000000081900000, 0x0000000081a00000, 0x0000000081a00000|100%|HS|  |TAMS 0x0000000081a00000, 0x0000000081a00000| Complete 
|  26|0x0000000081a00000, 0x0000000081b00000, 0x0000000081b00000|100%|HC|  |TAMS 0x0000000081b00000, 0x0000000081b00000| Complete 
|  27|0x0000000081b00000, 0x0000000081c00000, 0x0000000081c00000|100%| O|  |TAMS 0x0000000081c00000, 0x0000000081c00000| Untracked 
|  28|0x0000000081c00000, 0x0000000081d00000, 0x0000000081d00000|100%| O|  |TAMS 0x0000000081d00000, 0x0000000081d00000| Untracked 
|  29|0x0000000081d00000, 0x0000000081e00000, 0x0000000081e00000|100%| O|  |TAMS 0x0000000081e00000, 0x0000000081e00000| Untracked 
|  30|0x0000000081e00000, 0x0000000081f00000, 0x0000000081f00000|100%| O|  |TAMS 0x0000000081f00000, 0x0000000081f00000| Untracked 
|  31|0x0000000081f00000, 0x0000000082000000, 0x0000000082000000|100%| O|  |TAMS 0x0000000082000000, 0x0000000082000000| Untracked 
|  32|0x0000000082000000, 0x0000000082100000, 0x0000000082100000|100%| O|  |TAMS 0x0000000082100000, 0x0000000082100000| Untracked 
|  33|0x0000000082100000, 0x0000000082200000, 0x0000000082200000|100%| O|  |TAMS 0x0000000082200000, 0x0000000082200000| Untracked 
|  34|0x0000000082200000, 0x0000000082300000, 0x0000000082300000|100%| O|  |TAMS 0x0000000082300000, 0x0000000082300000| Untracked 
|  35|0x0000000082300000, 0x0000000082400000, 0x0000000082400000|100%| O|  |TAMS 0x0000000082400000, 0x0000000082400000| Untracked 
|  36|0x0000000082400000, 0x0000000082500000, 0x0000000082500000|100%| O|  |TAMS 0x0000000082500000, 0x0000000082500000| Untracked 
|  37|0x0000000082500000, 0x0000000082600000, 0x0000000082600000|100%| O|  |TAMS 0x0000000082600000, 0x0000000082600000| Untracked 
|  38|0x0000000082600000, 0x0000000082700000, 0x0000000082700000|100%| O|  |TAMS 0x0000000082700000, 0x0000000082700000| Untracked 
|  39|0x0000000082700000, 0x0000000082800000, 0x0000000082800000|100%| O|  |TAMS 0x0000000082800000, 0x0000000082800000| Untracked 
|  40|0x0000000082800000, 0x0000000082900000, 0x0000000082900000|100%| O|  |TAMS 0x0000000082900000, 0x0000000082900000| Untracked 
|  41|0x0000000082900000, 0x0000000082a00000, 0x0000000082a00000|100%| O|  |TAMS 0x0000000082a00000, 0x0000000082a00000| Untracked 
|  42|0x0000000082a00000, 0x0000000082b00000, 0x0000000082b00000|100%| O|  |TAMS 0x0000000082b00000, 0x0000000082b00000| Untracked 
|  43|0x0000000082b00000, 0x0000000082c00000, 0x0000000082c00000|100%| O|  |TAMS 0x0000000082c00000, 0x0000000082c00000| Untracked 
|  44|0x0000000082c00000, 0x0000000082d00000, 0x0000000082d00000|100%| O|  |TAMS 0x0000000082d00000, 0x0000000082d00000| Untracked 
|  45|0x0000000082d00000, 0x0000000082e00000, 0x0000000082e00000|100%| O|  |TAMS 0x0000000082e00000, 0x0000000082e00000| Untracked 
|  46|0x0000000082e00000, 0x0000000082f00000, 0x0000000082f00000|100%| O|  |TAMS 0x0000000082f00000, 0x0000000082f00000| Untracked 
|  47|0x0000000082f00000, 0x0000000083000000, 0x0000000083000000|100%| O|  |TAMS 0x0000000082f00000, 0x0000000083000000| Untracked 
|  48|0x0000000083000000, 0x0000000083100000, 0x0000000083100000|100%|HS|  |TAMS 0x0000000083100000, 0x0000000083100000| Complete 
|  49|0x0000000083100000, 0x0000000083200000, 0x0000000083200000|100%|HC|  |TAMS 0x0000000083200000, 0x0000000083200000| Complete 
|  50|0x0000000083200000, 0x0000000083300000, 0x0000000083300000|100%| O|  |TAMS 0x0000000083300000, 0x0000000083300000| Untracked 
|  51|0x0000000083300000, 0x0000000083400000, 0x0000000083400000|100%|HS|  |TAMS 0x0000000083400000, 0x0000000083400000| Complete 
|  52|0x0000000083400000, 0x0000000083500000, 0x0000000083500000|100%| O|  |TAMS 0x0000000083500000, 0x0000000083500000| Untracked 
|  53|0x0000000083500000, 0x0000000083600000, 0x0000000083600000|100%| O|  |TAMS 0x0000000083600000, 0x0000000083600000| Untracked 
|  54|0x0000000083600000, 0x0000000083700000, 0x0000000083700000|100%|HS|  |TAMS 0x0000000083700000, 0x0000000083700000| Complete 
|  55|0x0000000083700000, 0x0000000083800000, 0x0000000083800000|100%| O|  |TAMS 0x0000000083800000, 0x0000000083800000| Untracked 
|  56|0x0000000083800000, 0x0000000083900000, 0x0000000083900000|100%| O|  |TAMS 0x0000000083900000, 0x0000000083900000| Untracked 
|  57|0x0000000083900000, 0x0000000083a00000, 0x0000000083a00000|100%| O|  |TAMS 0x0000000083a00000, 0x0000000083a00000| Untracked 
|  58|0x0000000083a00000, 0x0000000083b00000, 0x0000000083b00000|100%| O|  |TAMS 0x0000000083b00000, 0x0000000083b00000| Untracked 
|  59|0x0000000083b00000, 0x0000000083c00000, 0x0000000083c00000|100%| O|  |TAMS 0x0000000083c00000, 0x0000000083c00000| Untracked 
|  60|0x0000000083c00000, 0x0000000083d00000, 0x0000000083d00000|100%|HS|  |TAMS 0x0000000083d00000, 0x0000000083d00000| Complete 
|  61|0x0000000083d00000, 0x0000000083e00000, 0x0000000083e00000|100%| O|  |TAMS 0x0000000083e00000, 0x0000000083e00000| Untracked 
|  62|0x0000000083e00000, 0x0000000083f00000, 0x0000000083f00000|100%|HS|  |TAMS 0x0000000083f00000, 0x0000000083f00000| Complete 
|  63|0x0000000083f00000, 0x0000000084000000, 0x0000000084000000|100%| O|  |TAMS 0x0000000084000000, 0x0000000084000000| Untracked 
|  64|0x0000000084000000, 0x0000000084100000, 0x0000000084100000|100%| O|  |TAMS 0x0000000084100000, 0x0000000084100000| Untracked 
|  65|0x0000000084100000, 0x0000000084200000, 0x0000000084200000|100%| O|  |TAMS 0x0000000084200000, 0x0000000084200000| Untracked 
|  66|0x0000000084200000, 0x0000000084300000, 0x0000000084300000|100%|HS|  |TAMS 0x0000000084300000, 0x0000000084300000| Complete 
|  67|0x0000000084300000, 0x0000000084400000, 0x0000000084400000|100%| O|  |TAMS 0x0000000084400000, 0x0000000084400000| Untracked 
|  68|0x0000000084400000, 0x0000000084500000, 0x0000000084500000|100%| O|  |TAMS 0x0000000084500000, 0x0000000084500000| Untracked 
|  69|0x0000000084500000, 0x0000000084600000, 0x0000000084600000|100%| O|  |TAMS 0x0000000084600000, 0x0000000084600000| Untracked 
|  70|0x0000000084600000, 0x0000000084700000, 0x0000000084700000|100%|HS|  |TAMS 0x0000000084700000, 0x0000000084700000| Complete 
|  71|0x0000000084700000, 0x0000000084800000, 0x0000000084800000|100%|HC|  |TAMS 0x0000000084800000, 0x0000000084800000| Complete 
|  72|0x0000000084800000, 0x0000000084900000, 0x0000000084900000|100%| O|  |TAMS 0x0000000084900000, 0x0000000084900000| Untracked 
|  73|0x0000000084900000, 0x0000000084a00000, 0x0000000084a00000|100%| O|  |TAMS 0x0000000084a00000, 0x0000000084a00000| Untracked 
|  74|0x0000000084a00000, 0x0000000084b00000, 0x0000000084b00000|100%| O|  |TAMS 0x0000000084b00000, 0x0000000084b00000| Untracked 
|  75|0x0000000084b00000, 0x0000000084c00000, 0x0000000084c00000|100%| O|  |TAMS 0x0000000084c00000, 0x0000000084c00000| Untracked 
|  76|0x0000000084c00000, 0x0000000084d00000, 0x0000000084d00000|100%| O|  |TAMS 0x0000000084d00000, 0x0000000084d00000| Untracked 
|  77|0x0000000084d00000, 0x0000000084e00000, 0x0000000084e00000|100%| O|  |TAMS 0x0000000084e00000, 0x0000000084e00000| Untracked 
|  78|0x0000000084e00000, 0x0000000084f00000, 0x0000000084f00000|100%| O|  |TAMS 0x0000000084f00000, 0x0000000084f00000| Untracked 
|  79|0x0000000084f00000, 0x0000000085000000, 0x0000000085000000|100%| O|  |TAMS 0x0000000085000000, 0x0000000085000000| Untracked 
|  80|0x0000000085000000, 0x0000000085100000, 0x0000000085100000|100%|HS|  |TAMS 0x0000000085100000, 0x0000000085100000| Complete 
|  81|0x0000000085100000, 0x0000000085200000, 0x0000000085200000|100%|HC|  |TAMS 0x0000000085200000, 0x0000000085200000| Complete 
|  82|0x0000000085200000, 0x0000000085300000, 0x0000000085300000|100%| O|  |TAMS 0x0000000085300000, 0x0000000085300000| Untracked 
|  83|0x0000000085300000, 0x0000000085400000, 0x0000000085400000|100%| O|  |TAMS 0x0000000085400000, 0x0000000085400000| Untracked 
|  84|0x0000000085400000, 0x0000000085500000, 0x0000000085500000|100%| O|  |TAMS 0x0000000085500000, 0x0000000085500000| Untracked 
|  85|0x0000000085500000, 0x0000000085600000, 0x0000000085600000|100%| O|  |TAMS 0x0000000085600000, 0x0000000085600000| Untracked 
|  86|0x0000000085600000, 0x0000000085700000, 0x0000000085700000|100%| O|  |TAMS 0x0000000085700000, 0x0000000085700000| Untracked 
|  87|0x0000000085700000, 0x0000000085800000, 0x0000000085800000|100%|HS|  |TAMS 0x0000000085800000, 0x0000000085800000| Complete 
|  88|0x0000000085800000, 0x0000000085900000, 0x0000000085900000|100%|HC|  |TAMS 0x0000000085900000, 0x0000000085900000| Complete 
|  89|0x0000000085900000, 0x0000000085a00000, 0x0000000085a00000|100%|HS|  |TAMS 0x0000000085a00000, 0x0000000085a00000| Complete 
|  90|0x0000000085a00000, 0x0000000085b00000, 0x0000000085b00000|100%|HC|  |TAMS 0x0000000085b00000, 0x0000000085b00000| Complete 
|  91|0x0000000085b00000, 0x0000000085c00000, 0x0000000085c00000|100%|HS|  |TAMS 0x0000000085c00000, 0x0000000085c00000| Complete 
|  92|0x0000000085c00000, 0x0000000085d00000, 0x0000000085d00000|100%| O|  |TAMS 0x0000000085d00000, 0x0000000085d00000| Untracked 
|  93|0x0000000085d00000, 0x0000000085e00000, 0x0000000085e00000|100%|HS|  |TAMS 0x0000000085e00000, 0x0000000085e00000| Complete 
|  94|0x0000000085e00000, 0x0000000085f00000, 0x0000000085f00000|100%|HC|  |TAMS 0x0000000085f00000, 0x0000000085f00000| Complete 
|  95|0x0000000085f00000, 0x0000000086000000, 0x0000000086000000|100%| O|  |TAMS 0x0000000086000000, 0x0000000086000000| Untracked 
|  96|0x0000000086000000, 0x0000000086100000, 0x0000000086100000|100%| O|  |TAMS 0x0000000086100000, 0x0000000086100000| Untracked 
|  97|0x0000000086100000, 0x0000000086200000, 0x0000000086200000|100%| O|  |TAMS 0x0000000086200000, 0x0000000086200000| Untracked 
|  98|0x0000000086200000, 0x0000000086300000, 0x0000000086300000|100%| O|  |TAMS 0x0000000086300000, 0x0000000086300000| Untracked 
|  99|0x0000000086300000, 0x0000000086400000, 0x0000000086400000|100%|HS|  |TAMS 0x0000000086400000, 0x0000000086400000| Complete 
| 100|0x0000000086400000, 0x0000000086500000, 0x0000000086500000|100%|HC|  |TAMS 0x0000000086500000, 0x0000000086500000| Complete 
| 101|0x0000000086500000, 0x0000000086600000, 0x0000000086600000|100%|HC|  |TAMS 0x0000000086600000, 0x0000000086600000| Complete 
| 102|0x0000000086600000, 0x0000000086700000, 0x0000000086700000|100%|HC|  |TAMS 0x0000000086700000, 0x0000000086700000| Complete 
| 103|0x0000000086700000, 0x0000000086800000, 0x0000000086800000|100%|HC|  |TAMS 0x0000000086800000, 0x0000000086800000| Complete 
| 104|0x0000000086800000, 0x0000000086900000, 0x0000000086900000|100%| O|  |TAMS 0x0000000086900000, 0x0000000086900000| Untracked 
| 105|0x0000000086900000, 0x0000000086a00000, 0x0000000086a00000|100%| O|  |TAMS 0x0000000086a00000, 0x0000000086a00000| Untracked 
| 106|0x0000000086a00000, 0x0000000086b00000, 0x0000000086b00000|100%| O|  |TAMS 0x0000000086b00000, 0x0000000086b00000| Untracked 
| 107|0x0000000086b00000, 0x0000000086c00000, 0x0000000086c00000|100%|HS|  |TAMS 0x0000000086c00000, 0x0000000086c00000| Complete 
| 108|0x0000000086c00000, 0x0000000086d00000, 0x0000000086d00000|100%|HC|  |TAMS 0x0000000086d00000, 0x0000000086d00000| Complete 
| 109|0x0000000086d00000, 0x0000000086e00000, 0x0000000086e00000|100%|HC|  |TAMS 0x0000000086e00000, 0x0000000086e00000| Complete 
| 110|0x0000000086e00000, 0x0000000086f00000, 0x0000000086f00000|100%|HS|  |TAMS 0x0000000086f00000, 0x0000000086f00000| Complete 
| 111|0x0000000086f00000, 0x0000000087000000, 0x0000000087000000|100%| O|  |TAMS 0x0000000087000000, 0x0000000087000000| Untracked 
| 112|0x0000000087000000, 0x0000000087100000, 0x0000000087100000|100%| O|  |TAMS 0x0000000087100000, 0x0000000087100000| Untracked 
| 113|0x0000000087100000, 0x0000000087200000, 0x0000000087200000|100%| O|  |TAMS 0x0000000087200000, 0x0000000087200000| Untracked 
| 114|0x0000000087200000, 0x0000000087300000, 0x0000000087300000|100%| O|  |TAMS 0x0000000087300000, 0x0000000087300000| Untracked 
| 115|0x0000000087300000, 0x0000000087400000, 0x0000000087400000|100%| O|  |TAMS 0x0000000087400000, 0x0000000087400000| Untracked 
| 116|0x0000000087400000, 0x0000000087500000, 0x0000000087500000|100%| O|  |TAMS 0x0000000087500000, 0x0000000087500000| Untracked 
| 117|0x0000000087500000, 0x0000000087600000, 0x0000000087600000|100%| O|  |TAMS 0x0000000087600000, 0x0000000087600000| Untracked 
| 118|0x0000000087600000, 0x0000000087700000, 0x0000000087700000|100%| O|  |TAMS 0x0000000087700000, 0x0000000087700000| Untracked 
| 119|0x0000000087700000, 0x0000000087800000, 0x0000000087800000|100%| O|  |TAMS 0x0000000087800000, 0x0000000087800000| Untracked 
| 120|0x0000000087800000, 0x0000000087900000, 0x0000000087900000|100%| O|  |TAMS 0x0000000087900000, 0x0000000087900000| Untracked 
| 121|0x0000000087900000, 0x0000000087a00000, 0x0000000087a00000|100%| O|  |TAMS 0x0000000087a00000, 0x0000000087a00000| Untracked 
| 122|0x0000000087a00000, 0x0000000087b00000, 0x0000000087b00000|100%| O|  |TAMS 0x0000000087b00000, 0x0000000087b00000| Untracked 
| 123|0x0000000087b00000, 0x0000000087c00000, 0x0000000087c00000|100%| O|  |TAMS 0x0000000087b11e00, 0x0000000087c00000| Untracked 
| 124|0x0000000087c00000, 0x0000000087d00000, 0x0000000087d00000|100%| O|  |TAMS 0x0000000087d00000, 0x0000000087d00000| Untracked 
| 125|0x0000000087d00000, 0x0000000087e00000, 0x0000000087e00000|100%| O|  |TAMS 0x0000000087e00000, 0x0000000087e00000| Untracked 
| 126|0x0000000087e00000, 0x0000000087f00000, 0x0000000087f00000|100%| O|  |TAMS 0x0000000087f00000, 0x0000000087f00000| Untracked 
| 127|0x0000000087f00000, 0x0000000088000000, 0x0000000088000000|100%| O|  |TAMS 0x0000000088000000, 0x0000000088000000| Untracked 
| 128|0x0000000088000000, 0x0000000088100000, 0x0000000088100000|100%| O|  |TAMS 0x0000000088100000, 0x0000000088100000| Untracked 
| 129|0x0000000088100000, 0x0000000088200000, 0x0000000088200000|100%| O|  |TAMS 0x0000000088200000, 0x0000000088200000| Untracked 
| 130|0x0000000088200000, 0x0000000088300000, 0x0000000088300000|100%|HS|  |TAMS 0x0000000088300000, 0x0000000088300000| Complete 
| 131|0x0000000088300000, 0x0000000088400000, 0x0000000088400000|100%|HC|  |TAMS 0x0000000088400000, 0x0000000088400000| Complete 
| 132|0x0000000088400000, 0x0000000088500000, 0x0000000088500000|100%|HC|  |TAMS 0x0000000088500000, 0x0000000088500000| Complete 
| 133|0x0000000088500000, 0x0000000088600000, 0x0000000088600000|100%|HS|  |TAMS 0x0000000088600000, 0x0000000088600000| Complete 
| 134|0x0000000088600000, 0x0000000088700000, 0x0000000088700000|100%|HC|  |TAMS 0x0000000088700000, 0x0000000088700000| Complete 
| 135|0x0000000088700000, 0x0000000088800000, 0x0000000088800000|100%|HC|  |TAMS 0x0000000088800000, 0x0000000088800000| Complete 
| 136|0x0000000088800000, 0x0000000088900000, 0x0000000088900000|100%|HS|  |TAMS 0x0000000088900000, 0x0000000088900000| Complete 
| 137|0x0000000088900000, 0x0000000088a00000, 0x0000000088a00000|100%|HS|  |TAMS 0x0000000088900000, 0x0000000088a00000| Complete 
| 138|0x0000000088a00000, 0x0000000088b00000, 0x0000000088b00000|100%| O|  |TAMS 0x0000000088b00000, 0x0000000088b00000| Untracked 
| 139|0x0000000088b00000, 0x0000000088c00000, 0x0000000088c00000|100%|HS|  |TAMS 0x0000000088c00000, 0x0000000088c00000| Complete 
| 140|0x0000000088c00000, 0x0000000088d00000, 0x0000000088d00000|100%|HC|  |TAMS 0x0000000088d00000, 0x0000000088d00000| Complete 
| 141|0x0000000088d00000, 0x0000000088e00000, 0x0000000088e00000|100%| O|  |TAMS 0x0000000088e00000, 0x0000000088e00000| Untracked 
| 142|0x0000000088e00000, 0x0000000088f00000, 0x0000000088f00000|100%| O|  |TAMS 0x0000000088f00000, 0x0000000088f00000| Untracked 
| 143|0x0000000088f00000, 0x0000000089000000, 0x0000000089000000|100%| O|  |TAMS 0x0000000089000000, 0x0000000089000000| Untracked 
| 144|0x0000000089000000, 0x0000000089100000, 0x0000000089100000|100%|HS|  |TAMS 0x0000000089100000, 0x0000000089100000| Complete 
| 145|0x0000000089100000, 0x0000000089200000, 0x0000000089200000|100%|HC|  |TAMS 0x0000000089200000, 0x0000000089200000| Complete 
| 146|0x0000000089200000, 0x0000000089300000, 0x0000000089300000|100%| O|  |TAMS 0x0000000089300000, 0x0000000089300000| Untracked 
| 147|0x0000000089300000, 0x0000000089400000, 0x0000000089400000|100%|HS|  |TAMS 0x0000000089300000, 0x0000000089400000| Complete 
| 148|0x0000000089400000, 0x0000000089500000, 0x0000000089500000|100%| O|  |TAMS 0x0000000089400000, 0x0000000089500000| Untracked 
| 149|0x0000000089500000, 0x0000000089600000, 0x0000000089600000|100%|HS|  |TAMS 0x0000000089600000, 0x0000000089600000| Complete 
| 150|0x0000000089600000, 0x0000000089700000, 0x0000000089700000|100%|HC|  |TAMS 0x0000000089700000, 0x0000000089700000| Complete 
| 151|0x0000000089700000, 0x0000000089800000, 0x0000000089800000|100%|HS|  |TAMS 0x0000000089700000, 0x0000000089800000| Complete 
| 152|0x0000000089800000, 0x0000000089900000, 0x0000000089900000|100%|HC|  |TAMS 0x0000000089800000, 0x0000000089900000| Complete 
| 153|0x0000000089900000, 0x0000000089a00000, 0x0000000089a00000|100%| O|  |TAMS 0x0000000089900000, 0x0000000089a00000| Untracked 
| 154|0x0000000089a00000, 0x0000000089b00000, 0x0000000089b00000|100%| O|  |TAMS 0x0000000089a00000, 0x0000000089b00000| Untracked 
| 155|0x0000000089b00000, 0x0000000089c00000, 0x0000000089c00000|100%| O|  |TAMS 0x0000000089b00000, 0x0000000089c00000| Untracked 
| 156|0x0000000089c00000, 0x0000000089d00000, 0x0000000089d00000|100%| O|  |TAMS 0x0000000089c00000, 0x0000000089d00000| Untracked 
| 157|0x0000000089d00000, 0x0000000089e00000, 0x0000000089e00000|100%| O|  |TAMS 0x0000000089d00000, 0x0000000089e00000| Untracked 
| 158|0x0000000089e00000, 0x0000000089f00000, 0x0000000089f00000|100%| O|  |TAMS 0x0000000089e00000, 0x0000000089f00000| Untracked 
| 159|0x0000000089f00000, 0x000000008a000000, 0x000000008a000000|100%| O|  |TAMS 0x0000000089f00000, 0x000000008a000000| Untracked 
| 160|0x000000008a000000, 0x000000008a100000, 0x000000008a100000|100%| O|  |TAMS 0x000000008a000000, 0x000000008a100000| Untracked 
| 161|0x000000008a100000, 0x000000008a200000, 0x000000008a200000|100%| O|  |TAMS 0x000000008a100000, 0x000000008a200000| Untracked 
| 162|0x000000008a200000, 0x000000008a300000, 0x000000008a300000|100%|HS|  |TAMS 0x000000008a300000, 0x000000008a300000| Complete 
| 163|0x000000008a300000, 0x000000008a400000, 0x000000008a400000|100%|HC|  |TAMS 0x000000008a400000, 0x000000008a400000| Complete 
| 164|0x000000008a400000, 0x000000008a500000, 0x000000008a500000|100%|HC|  |TAMS 0x000000008a500000, 0x000000008a500000| Complete 
| 165|0x000000008a500000, 0x000000008a600000, 0x000000008a600000|100%|HC|  |TAMS 0x000000008a600000, 0x000000008a600000| Complete 
| 166|0x000000008a600000, 0x000000008a700000, 0x000000008a700000|100%|HC|  |TAMS 0x000000008a700000, 0x000000008a700000| Complete 
| 167|0x000000008a700000, 0x000000008a800000, 0x000000008a800000|100%| O|  |TAMS 0x000000008a700000, 0x000000008a800000| Untracked 
| 168|0x000000008a800000, 0x000000008a900000, 0x000000008a900000|100%| O|  |TAMS 0x000000008a800000, 0x000000008a900000| Untracked 
| 169|0x000000008a900000, 0x000000008aa00000, 0x000000008aa00000|100%| O|  |TAMS 0x000000008a900000, 0x000000008aa00000| Untracked 
| 170|0x000000008aa00000, 0x000000008ab00000, 0x000000008ab00000|100%|HS|  |TAMS 0x000000008ab00000, 0x000000008ab00000| Complete 
| 171|0x000000008ab00000, 0x000000008ac00000, 0x000000008ac00000|100%|HC|  |TAMS 0x000000008ac00000, 0x000000008ac00000| Complete 
| 172|0x000000008ac00000, 0x000000008ad00000, 0x000000008ad00000|100%| O|  |TAMS 0x000000008ac00000, 0x000000008ad00000| Untracked 
| 173|0x000000008ad00000, 0x000000008ae00000, 0x000000008ae00000|100%| O|  |TAMS 0x000000008ad00000, 0x000000008ae00000| Untracked 
| 174|0x000000008ae00000, 0x000000008af00000, 0x000000008af00000|100%| O|  |TAMS 0x000000008ae00000, 0x000000008af00000| Untracked 
| 175|0x000000008af00000, 0x000000008b000000, 0x000000008b000000|100%| O|  |TAMS 0x000000008af00000, 0x000000008b000000| Untracked 
| 176|0x000000008b000000, 0x000000008b100000, 0x000000008b100000|100%| O|  |TAMS 0x000000008b000000, 0x000000008b100000| Untracked 
| 177|0x000000008b100000, 0x000000008b200000, 0x000000008b200000|100%| O|  |TAMS 0x000000008b100000, 0x000000008b200000| Untracked 
| 178|0x000000008b200000, 0x000000008b300000, 0x000000008b300000|100%| O|  |TAMS 0x000000008b200000, 0x000000008b300000| Untracked 
| 179|0x000000008b300000, 0x000000008b400000, 0x000000008b400000|100%| O|  |TAMS 0x000000008b300000, 0x000000008b400000| Untracked 
| 180|0x000000008b400000, 0x000000008b500000, 0x000000008b500000|100%|HS|  |TAMS 0x000000008b400000, 0x000000008b500000| Complete 
| 181|0x000000008b500000, 0x000000008b600000, 0x000000008b600000|100%|HC|  |TAMS 0x000000008b500000, 0x000000008b600000| Complete 
| 182|0x000000008b600000, 0x000000008b700000, 0x000000008b700000|100%| O|  |TAMS 0x000000008b600000, 0x000000008b700000| Untracked 
| 183|0x000000008b700000, 0x000000008b800000, 0x000000008b800000|100%| O|  |TAMS 0x000000008b700000, 0x000000008b800000| Untracked 
| 184|0x000000008b800000, 0x000000008b900000, 0x000000008b900000|100%|HS|  |TAMS 0x000000008b900000, 0x000000008b900000| Complete 
| 185|0x000000008b900000, 0x000000008ba00000, 0x000000008ba00000|100%|HC|  |TAMS 0x000000008ba00000, 0x000000008ba00000| Complete 
| 186|0x000000008ba00000, 0x000000008bb00000, 0x000000008bb00000|100%|HC|  |TAMS 0x000000008bb00000, 0x000000008bb00000| Complete 
| 187|0x000000008bb00000, 0x000000008bc00000, 0x000000008bc00000|100%| O|  |TAMS 0x000000008bb00000, 0x000000008bc00000| Untracked 
| 188|0x000000008bc00000, 0x000000008bd00000, 0x000000008bd00000|100%| O|  |TAMS 0x000000008bc00000, 0x000000008bd00000| Untracked 
| 189|0x000000008bd00000, 0x000000008be00000, 0x000000008be00000|100%|HS|  |TAMS 0x000000008be00000, 0x000000008be00000| Complete 
| 190|0x000000008be00000, 0x000000008bf00000, 0x000000008bf00000|100%|HC|  |TAMS 0x000000008bf00000, 0x000000008bf00000| Complete 
| 191|0x000000008bf00000, 0x000000008c000000, 0x000000008c000000|100%| O|  |TAMS 0x000000008bf00000, 0x000000008c000000| Untracked 
| 192|0x000000008c000000, 0x000000008c100000, 0x000000008c100000|100%| O|  |TAMS 0x000000008c000000, 0x000000008c100000| Untracked 
| 193|0x000000008c100000, 0x000000008c200000, 0x000000008c200000|100%|HS|  |TAMS 0x000000008c200000, 0x000000008c200000| Complete 
| 194|0x000000008c200000, 0x000000008c300000, 0x000000008c300000|100%|HC|  |TAMS 0x000000008c300000, 0x000000008c300000| Complete 
| 195|0x000000008c300000, 0x000000008c400000, 0x000000008c400000|100%| O|  |TAMS 0x000000008c300000, 0x000000008c400000| Untracked 
| 196|0x000000008c400000, 0x000000008c500000, 0x000000008c500000|100%| O|  |TAMS 0x000000008c400000, 0x000000008c500000| Untracked 
| 197|0x000000008c500000, 0x000000008c600000, 0x000000008c600000|100%| O|  |TAMS 0x000000008c500000, 0x000000008c599c00| Untracked 
| 198|0x000000008c600000, 0x000000008c700000, 0x000000008c700000|100%| O|  |TAMS 0x000000008c600000, 0x000000008c600000| Untracked 
| 199|0x000000008c700000, 0x000000008c800000, 0x000000008c800000|100%| O|  |TAMS 0x000000008c700000, 0x000000008c700000| Untracked 
| 200|0x000000008c800000, 0x000000008c900000, 0x000000008c900000|100%| O|  |TAMS 0x000000008c800000, 0x000000008c800000| Untracked 
| 201|0x000000008c900000, 0x000000008ca00000, 0x000000008ca00000|100%|HS|  |TAMS 0x000000008ca00000, 0x000000008ca00000| Complete 
| 202|0x000000008ca00000, 0x000000008cb00000, 0x000000008cb00000|100%|HC|  |TAMS 0x000000008cb00000, 0x000000008cb00000| Complete 
| 203|0x000000008cb00000, 0x000000008cc00000, 0x000000008cc00000|100%|HC|  |TAMS 0x000000008cc00000, 0x000000008cc00000| Complete 
| 204|0x000000008cc00000, 0x000000008cd00000, 0x000000008cd00000|100%| O|  |TAMS 0x000000008cc00000, 0x000000008cc00000| Untracked 
| 205|0x000000008cd00000, 0x000000008ce00000, 0x000000008ce00000|100%|HS|  |TAMS 0x000000008cd00000, 0x000000008cd00000| Complete 
| 206|0x000000008ce00000, 0x000000008cf00000, 0x000000008cf00000|100%|HS|  |TAMS 0x000000008ce00000, 0x000000008ce00000| Complete 
| 207|0x000000008cf00000, 0x000000008d000000, 0x000000008d000000|100%|HC|  |TAMS 0x000000008cf00000, 0x000000008cf00000| Complete 
| 208|0x000000008d000000, 0x000000008d100000, 0x000000008d100000|100%|HC|  |TAMS 0x000000008d000000, 0x000000008d000000| Complete 
| 209|0x000000008d100000, 0x000000008d200000, 0x000000008d200000|100%| O|  |TAMS 0x000000008d100000, 0x000000008d100000| Untracked 
| 210|0x000000008d200000, 0x000000008d300000, 0x000000008d300000|100%| O|  |TAMS 0x000000008d200000, 0x000000008d200000| Untracked 
| 211|0x000000008d300000, 0x000000008d400000, 0x000000008d400000|100%| O|  |TAMS 0x000000008d300000, 0x000000008d300000| Untracked 
| 212|0x000000008d400000, 0x000000008d500000, 0x000000008d500000|100%| O|  |TAMS 0x000000008d400000, 0x000000008d400000| Untracked 
| 213|0x000000008d500000, 0x000000008d5bf600, 0x000000008d600000| 74%| O|  |TAMS 0x000000008d500000, 0x000000008d500000| Untracked 
| 214|0x000000008d600000, 0x000000008d600000, 0x000000008d700000|  0%| F|  |TAMS 0x000000008d600000, 0x000000008d600000| Untracked 
| 215|0x000000008d700000, 0x000000008d700000, 0x000000008d800000|  0%| F|  |TAMS 0x000000008d700000, 0x000000008d700000| Untracked 
| 216|0x000000008d800000, 0x000000008d800000, 0x000000008d900000|  0%| F|  |TAMS 0x000000008d800000, 0x000000008d800000| Untracked 
| 217|0x000000008d900000, 0x000000008d900000, 0x000000008da00000|  0%| F|  |TAMS 0x000000008d900000, 0x000000008d900000| Untracked 
| 218|0x000000008da00000, 0x000000008da00000, 0x000000008db00000|  0%| F|  |TAMS 0x000000008da00000, 0x000000008da00000| Untracked 
| 219|0x000000008db00000, 0x000000008db00000, 0x000000008dc00000|  0%| F|  |TAMS 0x000000008db00000, 0x000000008db00000| Untracked 
| 220|0x000000008dc00000, 0x000000008dc00000, 0x000000008dd00000|  0%| F|  |TAMS 0x000000008dc00000, 0x000000008dc00000| Untracked 
| 221|0x000000008dd00000, 0x000000008dd00000, 0x000000008de00000|  0%| F|  |TAMS 0x000000008dd00000, 0x000000008dd00000| Untracked 
| 222|0x000000008de00000, 0x000000008de00000, 0x000000008df00000|  0%| F|  |TAMS 0x000000008de00000, 0x000000008de00000| Untracked 
| 223|0x000000008df00000, 0x000000008df00000, 0x000000008e000000|  0%| F|  |TAMS 0x000000008df00000, 0x000000008df00000| Untracked 
| 224|0x000000008e000000, 0x000000008e000000, 0x000000008e100000|  0%| F|  |TAMS 0x000000008e000000, 0x000000008e000000| Untracked 
| 225|0x000000008e100000, 0x000000008e100000, 0x000000008e200000|  0%| F|  |TAMS 0x000000008e100000, 0x000000008e100000| Untracked 
| 226|0x000000008e200000, 0x000000008e200000, 0x000000008e300000|  0%| F|  |TAMS 0x000000008e200000, 0x000000008e200000| Untracked 
| 227|0x000000008e300000, 0x000000008e300000, 0x000000008e400000|  0%| F|  |TAMS 0x000000008e300000, 0x000000008e300000| Untracked 
| 228|0x000000008e400000, 0x000000008e400000, 0x000000008e500000|  0%| F|  |TAMS 0x000000008e400000, 0x000000008e400000| Untracked 
| 229|0x000000008e500000, 0x000000008e500000, 0x000000008e600000|  0%| F|  |TAMS 0x000000008e500000, 0x000000008e500000| Untracked 
| 230|0x000000008e600000, 0x000000008e600000, 0x000000008e700000|  0%| F|  |TAMS 0x000000008e600000, 0x000000008e600000| Untracked 
| 231|0x000000008e700000, 0x000000008e700000, 0x000000008e800000|  0%| F|  |TAMS 0x000000008e700000, 0x000000008e700000| Untracked 
| 232|0x000000008e800000, 0x000000008e900000, 0x000000008e900000|100%| S|CS|TAMS 0x000000008e800000, 0x000000008e800000| Complete 
| 233|0x000000008e900000, 0x000000008ea00000, 0x000000008ea00000|100%| S|CS|TAMS 0x000000008e900000, 0x000000008e900000| Complete 
| 234|0x000000008ea00000, 0x000000008ea00000, 0x000000008eb00000|  0%| F|  |TAMS 0x000000008ea00000, 0x000000008ea00000| Untracked 
| 235|0x000000008eb00000, 0x000000008eb00000, 0x000000008ec00000|  0%| F|  |TAMS 0x000000008eb00000, 0x000000008eb00000| Untracked 
| 236|0x000000008ec00000, 0x000000008ec00000, 0x000000008ed00000|  0%| F|  |TAMS 0x000000008ec00000, 0x000000008ec00000| Untracked 
| 237|0x000000008ed00000, 0x000000008ee00000, 0x000000008ee00000|100%|HS|  |TAMS 0x000000008ee00000, 0x000000008ee00000| Complete 
| 238|0x000000008ee00000, 0x000000008ef00000, 0x000000008ef00000|100%|HC|  |TAMS 0x000000008ef00000, 0x000000008ef00000| Complete 
| 239|0x000000008ef00000, 0x000000008f000000, 0x000000008f000000|100%|HC|  |TAMS 0x000000008f000000, 0x000000008f000000| Complete 
| 240|0x000000008f000000, 0x000000008f000000, 0x000000008f100000|  0%| F|  |TAMS 0x000000008f000000, 0x000000008f000000| Untracked 
| 241|0x000000008f100000, 0x000000008f100000, 0x000000008f200000|  0%| F|  |TAMS 0x000000008f100000, 0x000000008f100000| Untracked 
| 242|0x000000008f200000, 0x000000008f200000, 0x000000008f300000|  0%| F|  |TAMS 0x000000008f200000, 0x000000008f200000| Untracked 
| 243|0x000000008f300000, 0x000000008f300000, 0x000000008f400000|  0%| F|  |TAMS 0x000000008f300000, 0x000000008f300000| Untracked 
| 244|0x000000008f400000, 0x000000008f400000, 0x000000008f500000|  0%| F|  |TAMS 0x000000008f400000, 0x000000008f400000| Untracked 
| 245|0x000000008f500000, 0x000000008f500000, 0x000000008f600000|  0%| F|  |TAMS 0x000000008f500000, 0x000000008f500000| Untracked 
| 246|0x000000008f600000, 0x000000008f600000, 0x000000008f700000|  0%| F|  |TAMS 0x000000008f600000, 0x000000008f600000| Untracked 
| 247|0x000000008f700000, 0x000000008f700000, 0x000000008f800000|  0%| F|  |TAMS 0x000000008f700000, 0x000000008f700000| Untracked 
| 248|0x000000008f800000, 0x000000008f800000, 0x000000008f900000|  0%| F|  |TAMS 0x000000008f800000, 0x000000008f800000| Untracked 
| 249|0x000000008f900000, 0x000000008fa00000, 0x000000008fa00000|100%| O|  |TAMS 0x000000008fa00000, 0x000000008fa00000| Untracked 
| 250|0x000000008fa00000, 0x000000008fb00000, 0x000000008fb00000|100%| O|  |TAMS 0x000000008fb00000, 0x000000008fb00000| Untracked 
| 251|0x000000008fb00000, 0x000000008fc00000, 0x000000008fc00000|100%| O|  |TAMS 0x000000008fc00000, 0x000000008fc00000| Untracked 
| 252|0x000000008fc00000, 0x000000008fd00000, 0x000000008fd00000|100%| O|  |TAMS 0x000000008fd00000, 0x000000008fd00000| Untracked 
| 253|0x000000008fd00000, 0x000000008fe00000, 0x000000008fe00000|100%| O|  |TAMS 0x000000008fe00000, 0x000000008fe00000| Untracked 

Card table byte_map: [0x000001574de30000,0x000001574e230000] _byte_map_base: 0x000001574da30000

Marking Bits (Prev, Next): (CMBitMap*) 0x000001573ac1ff88, (CMBitMap*) 0x000001573ac1ffc0
 Prev Bits: [0x000001574e630000, 0x0000015750630000)
 Next Bits: [0x0000015750630000, 0x0000015752630000)

Polling page: 0x000001573a3c0000

Metaspace:

Usage:
  Non-class:    108.20 MB capacity,   106.21 MB ( 98%) used,     1.59 MB (  1%) free+waste,   413.38 KB ( <1%) overhead. 
      Class:     16.63 MB capacity,    15.40 MB ( 93%) used,     1.05 MB (  6%) free+waste,   184.81 KB (  1%) overhead. 
       Both:    124.84 MB capacity,   121.61 MB ( 97%) used,     2.64 MB (  2%) free+waste,   598.19 KB ( <1%) overhead. 

Virtual space:
  Non-class space:      110.00 MB reserved,     109.07 MB (>99%) committed 
      Class space:        1.00 GB reserved,      17.27 MB (  2%) committed 
             Both:        1.11 GB reserved,     126.34 MB ( 11%) committed 

Chunk freelists:
   Non-Class:  887.00 KB
       Class:  569.00 KB
        Both:  1.42 MB

MaxMetaspaceSize: 17179869184.00 GB
CompressedClassSpaceSize: 1.00 GB
Initial GC threshold: 20.80 MB
Current GC threshold: 210.57 MB
CDS: off

CodeHeap 'non-profiled nmethods': size=120000Kb used=12760Kb max_used=12760Kb free=107239Kb
 bounds [0x00000157461d0000, 0x0000015746e50000, 0x000001574d700000]
CodeHeap 'profiled nmethods': size=120000Kb used=39705Kb max_used=39705Kb free=80295Kb
 bounds [0x000001573eca0000, 0x0000015741370000, 0x00000157461d0000]
CodeHeap 'non-nmethods': size=5760Kb used=2452Kb max_used=2523Kb free=3307Kb
 bounds [0x000001573e700000, 0x000001573e990000, 0x000001573eca0000]
 total_blobs=18998 nmethods=18009 adapters=900
 compilation: enabled
              stopped_count=0, restarted_count=0
 full_count=0

Compilation events (20 events):
Event: 6451.709 Thread 0x0000015755099000 19088   !   3       com.android.tools.r8.internal.nb::a (104 bytes)
Event: 6451.709 Thread 0x0000015755099000 nmethod 19088 0x0000015741362c90 code [0x0000015741362e80, 0x00000157413633d8]
Event: 6451.717 Thread 0x0000015755099000 19090       3       java.util.TimSort::mergeLo (659 bytes)
Event: 6451.717 Thread 0x0000015755b90800 nmethod 19006% 0x0000015746e39110 code [0x0000015746e39720, 0x0000015746e40188]
Event: 6451.719 Thread 0x0000015755099000 nmethod 19090 0x0000015741363590 code [0x0000015741363920, 0x0000015741365c78]
Event: 6451.719 Thread 0x0000015755099000 19089       3       java.util.TimSort::mergeCollapse (134 bytes)
Event: 6451.720 Thread 0x0000015755099000 nmethod 19089 0x0000015741366410 code [0x0000015741366600, 0x0000015741366b28]
Event: 6451.724 Thread 0x0000015755094800 19091       4       com.android.tools.r8.internal.nL::e (33 bytes)
Event: 6451.725 Thread 0x0000015757268000 19092       4       com.android.tools.r8.internal.nL::d (33 bytes)
Event: 6451.725 Thread 0x0000015755b90800 19093       4       com.android.tools.r8.internal.nL::a (34 bytes)
Event: 6451.726 Thread 0x0000015755094800 nmethod 19091 0x0000015746e44a10 code [0x0000015746e44ba0, 0x0000015746e44c38]
Event: 6451.726 Thread 0x0000015755094800 19094       4       com.android.tools.r8.graph.s0::a (31 bytes)
Event: 6451.726 Thread 0x0000015757268000 nmethod 19092 0x0000015746e44d10 code [0x0000015746e44ea0, 0x0000015746e44f38]
Event: 6451.727 Thread 0x0000015755b90800 nmethod 19093 0x0000015746e45010 code [0x0000015746e451a0, 0x0000015746e45318]
Event: 6451.728 Thread 0x0000015757268000 19095       4       com.android.tools.r8.dex.i::l (2158 bytes)
Event: 6451.729 Thread 0x0000015755b90800 19096   !   4       java.io.BufferedWriter::write (55 bytes)
Event: 6451.743 Thread 0x0000015755b90800 nmethod 19096 0x0000015746e45410 code [0x0000015746e455a0, 0x0000015746e458b8]
Event: 6451.743 Thread 0x0000015755094800 nmethod 19094 0x0000015746e45a90 code [0x0000015746e45c60, 0x0000015746e46118]
Event: 6451.765 Thread 0x0000015755099000 19097       3       com.android.tools.r8.internal.FJ::d (195 bytes)
Event: 6451.766 Thread 0x0000015755099000 nmethod 19097 0x0000015741366d90 code [0x0000015741367020, 0x0000015741367cb8]

GC Heap History (20 events):
Event: 6449.825 GC heap after
{Heap after GC invocations=35 (full 0):
 garbage-first heap   total 236544K, used 112406K [0x0000000080000000, 0x0000000100000000)
  region size 1024K, 2 young (2048K), 2 survivors (2048K)
 Metaspace       used 123266K, capacity 126478K, committed 128224K, reserved 1161216K
  class space    used 15649K, capacity 16901K, committed 17560K, reserved 1048576K
}
Event: 6450.524 GC heap before
{Heap before GC invocations=35 (full 0):
 garbage-first heap   total 236544K, used 156438K [0x0000000080000000, 0x0000000100000000)
  region size 1024K, 47 young (48128K), 2 survivors (2048K)
 Metaspace       used 123945K, capacity 127252K, committed 129120K, reserved 1161216K
  class space    used 15718K, capacity 16975K, committed 17688K, reserved 1048576K
}
Event: 6450.533 GC heap after
{Heap after GC invocations=36 (full 0):
 garbage-first heap   total 236544K, used 114716K [0x0000000080000000, 0x0000000100000000)
  region size 1024K, 4 young (4096K), 4 survivors (4096K)
 Metaspace       used 123945K, capacity 127252K, committed 129120K, reserved 1161216K
  class space    used 15718K, capacity 16975K, committed 17688K, reserved 1048576K
}
Event: 6450.965 GC heap before
{Heap before GC invocations=37 (full 0):
 garbage-first heap   total 245760K, used 243740K [0x0000000080000000, 0x0000000100000000)
  region size 1024K, 31 young (31744K), 4 survivors (4096K)
 Metaspace       used 124356K, capacity 127685K, committed 129376K, reserved 1161216K
  class space    used 15751K, capacity 17020K, committed 17688K, reserved 1048576K
}
Event: 6450.979 GC heap after
{Heap after GC invocations=38 (full 0):
 garbage-first heap   total 260096K, used 176278K [0x0000000080000000, 0x0000000100000000)
  region size 1024K, 8 young (8192K), 8 survivors (8192K)
 Metaspace       used 124356K, capacity 127685K, committed 129376K, reserved 1161216K
  class space    used 15751K, capacity 17020K, committed 17688K, reserved 1048576K
}
Event: 6450.997 GC heap before
{Heap before GC invocations=38 (full 0):
 garbage-first heap   total 260096K, used 181398K [0x0000000080000000, 0x0000000100000000)
  region size 1024K, 12 young (12288K), 8 survivors (8192K)
 Metaspace       used 124404K, capacity 127749K, committed 129376K, reserved 1161216K
  class space    used 15755K, capacity 17020K, committed 17688K, reserved 1048576K
}
Event: 6451.007 GC heap after
{Heap after GC invocations=39 (full 0):
 garbage-first heap   total 260096K, used 171854K [0x0000000080000000, 0x0000000100000000)
  region size 1024K, 2 young (2048K), 2 survivors (2048K)
 Metaspace       used 124404K, capacity 127749K, committed 129376K, reserved 1161216K
  class space    used 15755K, capacity 17020K, committed 17688K, reserved 1048576K
}
Event: 6451.207 GC heap before
{Heap before GC invocations=39 (full 0):
 garbage-first heap   total 260096K, used 196430K [0x0000000080000000, 0x0000000100000000)
  region size 1024K, 28 young (28672K), 2 survivors (2048K)
 Metaspace       used 124481K, capacity 127835K, committed 129376K, reserved 1161216K
  class space    used 15765K, capacity 17029K, committed 17688K, reserved 1048576K
}
Event: 6451.230 GC heap after
{Heap after GC invocations=40 (full 0):
 garbage-first heap   total 260096K, used 182343K [0x0000000080000000, 0x0000000100000000)
  region size 1024K, 5 young (5120K), 5 survivors (5120K)
 Metaspace       used 124481K, capacity 127835K, committed 129376K, reserved 1161216K
  class space    used 15765K, capacity 17029K, committed 17688K, reserved 1048576K
}
Event: 6451.448 GC heap before
{Heap before GC invocations=40 (full 0):
 garbage-first heap   total 260096K, used 212039K [0x0000000080000000, 0x0000000100000000)
  region size 1024K, 31 young (31744K), 5 survivors (5120K)
 Metaspace       used 124469K, capacity 127817K, committed 129376K, reserved 1161216K
  class space    used 15763K, capacity 17026K, committed 17688K, reserved 1048576K
}
Event: 6451.489 GC heap after
{Heap after GC invocations=41 (full 0):
 garbage-first heap   total 260096K, used 197913K [0x0000000080000000, 0x0000000100000000)
  region size 1024K, 4 young (4096K), 4 survivors (4096K)
 Metaspace       used 124469K, capacity 127817K, committed 129376K, reserved 1161216K
  class space    used 15763K, capacity 17026K, committed 17688K, reserved 1048576K
}
Event: 6451.591 GC heap before
{Heap before GC invocations=42 (full 0):
 garbage-first heap   total 260096K, used 215321K [0x0000000080000000, 0x0000000100000000)
  region size 1024K, 21 young (21504K), 4 survivors (4096K)
 Metaspace       used 124469K, capacity 127817K, committed 129376K, reserved 1161216K
  class space    used 15763K, capacity 17026K, committed 17688K, reserved 1048576K
}
Event: 6451.620 GC heap after
{Heap after GC invocations=43 (full 0):
 garbage-first heap   total 260096K, used 206189K [0x0000000080000000, 0x0000000100000000)
  region size 1024K, 3 young (3072K), 3 survivors (3072K)
 Metaspace       used 124469K, capacity 127817K, committed 129376K, reserved 1161216K
  class space    used 15763K, capacity 17026K, committed 17688K, reserved 1048576K
}
Event: 6451.678 GC heap before
{Heap before GC invocations=43 (full 0):
 garbage-first heap   total 260096K, used 216429K [0x0000000080000000, 0x0000000100000000)
  region size 1024K, 12 young (12288K), 3 survivors (3072K)
 Metaspace       used 124505K, capacity 127818K, committed 129376K, reserved 1161216K
  class space    used 15766K, capacity 17026K, committed 17688K, reserved 1048576K
}
Event: 6451.693 GC heap after
{Heap after GC invocations=44 (full 0):
 garbage-first heap   total 260096K, used 211627K [0x0000000080000000, 0x0000000100000000)
  region size 1024K, 2 young (2048K), 2 survivors (2048K)
 Metaspace       used 124505K, capacity 127818K, committed 129376K, reserved 1161216K
  class space    used 15766K, capacity 17026K, committed 17688K, reserved 1048576K
}
Event: 6451.730 GC heap before
{Heap before GC invocations=44 (full 0):
 garbage-first heap   total 260096K, used 220843K [0x0000000080000000, 0x0000000100000000)
  region size 1024K, 12 young (12288K), 2 survivors (2048K)
 Metaspace       used 124527K, capacity 127832K, committed 129376K, reserved 1161216K
  class space    used 15770K, capacity 17031K, committed 17688K, reserved 1048576K
}
Event: 6451.742 GC heap after
{Heap after GC invocations=45 (full 0):
 garbage-first heap   total 260096K, used 215655K [0x0000000080000000, 0x0000000100000000)
  region size 1024K, 2 young (2048K), 2 survivors (2048K)
 Metaspace       used 124527K, capacity 127832K, committed 129376K, reserved 1161216K
  class space    used 15770K, capacity 17031K, committed 17688K, reserved 1048576K
}
Event: 6451.788 GC heap before
{Heap before GC invocations=45 (full 0):
 garbage-first heap   total 260096K, used 224871K [0x0000000080000000, 0x0000000100000000)
  region size 1024K, 12 young (12288K), 2 survivors (2048K)
 Metaspace       used 124528K, capacity 127832K, committed 129376K, reserved 1161216K
  class space    used 15770K, capacity 17031K, committed 17688K, reserved 1048576K
}
Event: 6451.800 GC heap after
{Heap after GC invocations=46 (full 0):
 garbage-first heap   total 260096K, used 219941K [0x0000000080000000, 0x0000000100000000)
  region size 1024K, 2 young (2048K), 2 survivors (2048K)
 Metaspace       used 124528K, capacity 127832K, committed 129376K, reserved 1161216K
  class space    used 15770K, capacity 17031K, committed 17688K, reserved 1048576K
}
Event: 6451.864 GC heap before
{Heap before GC invocations=46 (full 0):
 garbage-first heap   total 260096K, used 233253K [0x0000000080000000, 0x0000000100000000)
  region size 1024K, 12 young (12288K), 2 survivors (2048K)
 Metaspace       used 124528K, capacity 127832K, committed 129376K, reserved 1161216K
  class space    used 15770K, capacity 17031K, committed 17688K, reserved 1048576K
}

Deoptimization events (20 events):
Event: 6451.726 Thread 0x0000015762480000 Uncommon trap: trap_request=0xffffffde fr.pc=0x0000015746bd8f2c relative=0x000000000000058c
Event: 6451.726 Thread 0x0000015762480000 Uncommon trap: reason=class_check action=maybe_recompile pc=0x0000015746bd8f2c method=java.io.BufferedOutputStream.write([BII)V @ 20 c2
Event: 6451.726 Thread 0x0000015762480000 DEOPT PACKING pc=0x0000015746bd8f2c sp=0x00000007fddfd460
Event: 6451.726 Thread 0x0000015762480000 DEOPT UNPACKING pc=0x000001573e74a1af sp=0x00000007fddfd3f8 mode 2
Event: 6451.728 Thread 0x000001576247f800 DEOPT PACKING pc=0x0000015740eae15e sp=0x00000007fdcfd590
Event: 6451.729 Thread 0x000001576247f800 DEOPT UNPACKING pc=0x000001573e74a95e sp=0x00000007fdcfcc40 mode 0
Event: 6451.729 Thread 0x000001576247f800 DEOPT PACKING pc=0x0000015740eae15e sp=0x00000007fdcfd590
Event: 6451.729 Thread 0x000001576247f800 DEOPT UNPACKING pc=0x000001573e74a95e sp=0x00000007fdcfcc40 mode 0
Event: 6451.743 Thread 0x000001576247f800 DEOPT PACKING pc=0x0000015740eae15e sp=0x00000007fdcfd590
Event: 6451.743 Thread 0x000001576247f800 DEOPT UNPACKING pc=0x000001573e74a95e sp=0x00000007fdcfcc40 mode 0
Event: 6451.744 Thread 0x000001576247f800 DEOPT PACKING pc=0x0000015740eae15e sp=0x00000007fdcfd590
Event: 6451.744 Thread 0x000001576247f800 DEOPT UNPACKING pc=0x000001573e74a95e sp=0x00000007fdcfcc40 mode 0
Event: 6451.775 Thread 0x000001576247f800 DEOPT PACKING pc=0x0000015740eae15e sp=0x00000007fdcfd590
Event: 6451.775 Thread 0x000001576247f800 DEOPT UNPACKING pc=0x000001573e74a95e sp=0x00000007fdcfcc40 mode 0
Event: 6451.782 Thread 0x000001576247f800 DEOPT PACKING pc=0x0000015740eae15e sp=0x00000007fdcfd590
Event: 6451.782 Thread 0x000001576247f800 DEOPT UNPACKING pc=0x000001573e74a95e sp=0x00000007fdcfcc40 mode 0
Event: 6451.861 Thread 0x000001576247f800 DEOPT PACKING pc=0x0000015740eae15e sp=0x00000007fdcfd590
Event: 6451.861 Thread 0x000001576247f800 DEOPT UNPACKING pc=0x000001573e74a95e sp=0x00000007fdcfcc40 mode 0
Event: 6451.863 Thread 0x000001576247f800 DEOPT PACKING pc=0x0000015740eae15e sp=0x00000007fdcfd590
Event: 6451.863 Thread 0x000001576247f800 DEOPT UNPACKING pc=0x000001573e74a95e sp=0x00000007fdcfcc40 mode 0

Classes redefined (0 events):
No events

Internal exceptions (20 events):
Event: 6450.664 Thread 0x000001575b19b800 Exception <a 'java/lang/NoSuchMethodError'{0x000000008e6799c8}: <clinit>> (0x000000008e6799c8) thrown at [./src/hotspot/share/prims/jni.cpp, line 1366]
Event: 6450.664 Thread 0x000001575b19b800 Exception <a 'java/lang/NoSuchMethodError'{0x000000008e67b200}: <clinit>> (0x000000008e67b200) thrown at [./src/hotspot/share/prims/jni.cpp, line 1366]
Event: 6450.664 Thread 0x000001575b19b800 Exception <a 'java/lang/NoSuchMethodError'{0x000000008e67e0a8}: <clinit>> (0x000000008e67e0a8) thrown at [./src/hotspot/share/prims/jni.cpp, line 1366]
Event: 6450.681 Thread 0x000001575b19b800 Exception <a 'java/lang/NoSuchMethodError'{0x000000008e5e7f28}: <clinit>> (0x000000008e5e7f28) thrown at [./src/hotspot/share/prims/jni.cpp, line 1366]
Event: 6450.681 Thread 0x000001575b19b800 Exception <a 'java/lang/NoSuchMethodError'{0x000000008e5e9408}: <clinit>> (0x000000008e5e9408) thrown at [./src/hotspot/share/prims/jni.cpp, line 1366]
Event: 6450.823 Thread 0x000001575b19b800 Exception <a 'sun/nio/fs/WindowsException'{0x000000008e265650}> (0x000000008e265650) thrown at [./src/hotspot/share/prims/jni.cpp, line 616]
Event: 6450.823 Thread 0x000001575b19b800 Exception <a 'sun/nio/fs/WindowsException'{0x000000008e266788}> (0x000000008e266788) thrown at [./src/hotspot/share/prims/jni.cpp, line 616]
Event: 6450.824 Thread 0x000001575b19b800 Exception <a 'sun/nio/fs/WindowsException'{0x000000008e266ae8}> (0x000000008e266ae8) thrown at [./src/hotspot/share/prims/jni.cpp, line 616]
Event: 6450.824 Thread 0x000001575b19b800 Exception <a 'sun/nio/fs/WindowsException'{0x000000008e267c20}> (0x000000008e267c20) thrown at [./src/hotspot/share/prims/jni.cpp, line 616]
Event: 6450.824 Thread 0x000001575b19b800 Exception <a 'sun/nio/fs/WindowsException'{0x000000008e267eb0}> (0x000000008e267eb0) thrown at [./src/hotspot/share/prims/jni.cpp, line 616]
Event: 6450.824 Thread 0x000001575b19b800 Exception <a 'sun/nio/fs/WindowsException'{0x000000008e268fb8}> (0x000000008e268fb8) thrown at [./src/hotspot/share/prims/jni.cpp, line 616]
Event: 6450.843 Thread 0x000001575b19b800 Exception <a 'java/lang/NoSuchMethodError'{0x000000008e0db040}: <clinit>> (0x000000008e0db040) thrown at [./src/hotspot/share/prims/jni.cpp, line 1366]
Event: 6450.851 Thread 0x000001575b19b800 Exception <a 'java/lang/NoSuchMethodError'{0x000000008df5d4a0}: <clinit>> (0x000000008df5d4a0) thrown at [./src/hotspot/share/prims/jni.cpp, line 1366]
Event: 6450.853 Thread 0x000001575b19b800 Exception <a 'java/lang/NoSuchMethodError'{0x000000008df71670}: <clinit>> (0x000000008df71670) thrown at [./src/hotspot/share/prims/jni.cpp, line 1366]
Event: 6450.915 Thread 0x000001576247f800 Exception <a 'sun/nio/fs/WindowsException'{0x000000008dc21ff8}> (0x000000008dc21ff8) thrown at [./src/hotspot/share/prims/jni.cpp, line 616]
Event: 6451.034 Thread 0x0000015762480000 Exception <a 'java/lang/NoSuchMethodError'{0x000000008f500e10}: 'void java.lang.invoke.DirectMethodHandle$Holder.invokeStatic(java.lang.Object, long)'> (0x000000008f500e10) thrown at [./src/hotspot/share/interpreter/linkResolver.cpp, line 773]
Event: 6451.039 Thread 0x0000015762480000 Exception <a 'java/lang/NoSuchMethodError'{0x000000008f5517e0}: 'java.lang.Object java.lang.invoke.DirectMethodHandle$Holder.invokeStaticInit(java.lang.Object, java.lang.Object, long, java.lang.Object)'> (0x000000008f5517e0) thrown at [./src/hotspot/share/interpreter/linkResolver.cpp, line 773]
Event: 6451.041 Thread 0x0000015762480000 Exception <a 'java/lang/NoSuchMethodError'{0x000000008f59d540}: 'java.lang.Object java.lang.invoke.DirectMethodHandle$Holder.invokeStatic(java.lang.Object, java.lang.Object, long)'> (0x000000008f59d540) thrown at [./src/hotspot/share/interpreter/linkResolver.cpp, line 773]
Event: 6451.063 Thread 0x0000015762480000 Exception <a 'java/lang/NoSuchMethodError'{0x000000008f5e9608}: 'java.lang.Object java.lang.invoke.Invokers$Holder.linkToTargetMethod(java.lang.Object, long, java.lang.Object)'> (0x000000008f5e9608) thrown at [./src/hotspot/share/interpreter/linkResolver.cpp, line 773]
Event: 6451.724 Thread 0x0000015762480000 Exception <a 'java/lang/NoSuchMethodError'{0x000000008f0aafe0}: 'int java.lang.invoke.DirectMethodHandle$Holder.invokeSpecialIFC(java.lang.Object, java.lang.Object, java.lang.Object)'> (0x000000008f0aafe0) thrown at [./src/hotspot/share/interpreter/linkResolver.cpp, line 773]

Events (20 events):
Event: 6451.640 loading class com/android/builder/internal/aapt/v2/Aapt2DaemonUtil done
Event: 6451.641 loading class com/android/builder/internal/aapt/AaptException
Event: 6451.641 loading class com/android/builder/internal/aapt/AaptException done
Event: 6451.641 loading class com/android/builder/internal/aapt/v2/AaptV2CommandBuilder
Event: 6451.641 loading class com/android/builder/internal/aapt/v2/AaptV2CommandBuilder done
Event: 6451.643 loading class com/android/builder/internal/aapt/v2/AaptV2CommandBuilder$makeLinkCommand$$inlined$sortedBy$1
Event: 6451.643 loading class com/android/builder/internal/aapt/v2/AaptV2CommandBuilder$makeLinkCommand$$inlined$sortedBy$1 done
Event: 6451.677 Executing VM operation: G1CollectForAllocation
Event: 6451.693 Executing VM operation: G1CollectForAllocation done
Event: 6451.722 loading class com/android/builder/internal/aapt/AaptUtils
Event: 6451.722 loading class com/android/builder/internal/aapt/AaptUtils done
Event: 6451.723 loading class com/google/common/collect/Iterables$4
Event: 6451.723 loading class com/google/common/collect/Iterables$4 done
Event: 6451.724 Executing VM operation: RevokeBias
Event: 6451.725 Executing VM operation: RevokeBias done
Event: 6451.730 Executing VM operation: G1CollectForAllocation
Event: 6451.742 Executing VM operation: G1CollectForAllocation done
Event: 6451.788 Executing VM operation: G1CollectForAllocation
Event: 6451.800 Executing VM operation: G1CollectForAllocation done
Event: 6451.864 Executing VM operation: G1CollectForAllocation


Dynamic libraries:
0x00007ff6fa600000 - 0x00007ff6fa60a000 	F:\Android\Android Studio\jre\bin\java.exe
0x00007ffacb690000 - 0x00007ffacb888000 	C:\Windows\SYSTEM32\ntdll.dll
0x00007ffacb090000 - 0x00007ffacb14f000 	C:\Windows\System32\KERNEL32.DLL
0x00007ffac90d0000 - 0x00007ffac93a2000 	C:\Windows\System32\KERNELBASE.dll
0x00007ffac9510000 - 0x00007ffac9610000 	C:\Windows\System32\ucrtbase.dll
0x00007ffa88ba0000 - 0x00007ffa88bb7000 	F:\Android\Android Studio\jre\bin\VCRUNTIME140.dll
0x00007ffa610c0000 - 0x00007ffa610d9000 	F:\Android\Android Studio\jre\bin\jli.dll
0x00007ffac96d0000 - 0x00007ffac9871000 	C:\Windows\System32\USER32.dll
0x00007ffab2e30000 - 0x00007ffab30ca000 	C:\Windows\WinSxS\amd64_microsoft.windows.common-controls_6595b64144ccf1df_6.0.19041.1110_none_60b5254171f9507e\COMCTL32.dll
0x00007ffac96a0000 - 0x00007ffac96c2000 	C:\Windows\System32\win32u.dll
0x00007ffacaae0000 - 0x00007ffacab7e000 	C:\Windows\System32\msvcrt.dll
0x00007ffacaf90000 - 0x00007ffacafbb000 	C:\Windows\System32\GDI32.dll
0x00007ffac8e20000 - 0x00007ffac8f2f000 	C:\Windows\System32\gdi32full.dll
0x00007ffac8fe0000 - 0x00007ffac907d000 	C:\Windows\System32\msvcp_win.dll
0x00007ffac9cf0000 - 0x00007ffac9d22000 	C:\Windows\System32\IMM32.DLL
0x00007ffa5f130000 - 0x00007ffa5f1cd000 	F:\Android\Android Studio\jre\bin\msvcp140.dll
0x00007ffa5bd50000 - 0x00007ffa5c852000 	F:\Android\Android Studio\jre\bin\server\jvm.dll
0x00007ffacaee0000 - 0x00007ffacaf8e000 	C:\Windows\System32\ADVAPI32.dll
0x00007ffac9880000 - 0x00007ffac991c000 	C:\Windows\System32\sechost.dll
0x00007ffac9920000 - 0x00007ffac9a45000 	C:\Windows\System32\RPCRT4.dll
0x00007ffacb3b0000 - 0x00007ffacb3b8000 	C:\Windows\System32\PSAPI.DLL
0x00007ffac48f0000 - 0x00007ffac4917000 	C:\Windows\SYSTEM32\WINMM.dll
0x00007ffaa91e0000 - 0x00007ffaa91e9000 	C:\Windows\SYSTEM32\WSOCK32.dll
0x00007ffac4100000 - 0x00007ffac410a000 	C:\Windows\SYSTEM32\VERSION.dll
0x00007ffaca9c0000 - 0x00007ffacaa2b000 	C:\Windows\System32\WS2_32.dll
0x00007ffac6c40000 - 0x00007ffac6c52000 	C:\Windows\SYSTEM32\kernel.appcore.dll
0x00007ffa83670000 - 0x00007ffa83681000 	F:\Android\Android Studio\jre\bin\verify.dll
0x00007ffac3590000 - 0x00007ffac3774000 	C:\Windows\SYSTEM32\DBGHELP.DLL
0x00007ffac16f0000 - 0x00007ffac1725000 	C:\Windows\SYSTEM32\dbgcore.DLL
0x00007ffac9610000 - 0x00007ffac9692000 	C:\Windows\System32\bcryptPrimitives.dll
0x00007ffa83640000 - 0x00007ffa83669000 	F:\Android\Android Studio\jre\bin\java.dll
0x00007ffa83630000 - 0x00007ffa8363b000 	F:\Android\Android Studio\jre\bin\jimage.dll
0x00007ffa83610000 - 0x00007ffa83628000 	F:\Android\Android Studio\jre\bin\zip.dll
0x00007ffac9d30000 - 0x00007ffaca474000 	C:\Windows\System32\SHELL32.dll
0x00007ffac6e40000 - 0x00007ffac75d2000 	C:\Windows\SYSTEM32\windows.storage.dll
0x00007ffacab80000 - 0x00007ffacaed5000 	C:\Windows\System32\combase.dll
0x00007ffac8700000 - 0x00007ffac8730000 	C:\Windows\SYSTEM32\Wldp.dll
0x00007ffacaa30000 - 0x00007ffacaadd000 	C:\Windows\System32\SHCORE.dll
0x00007ffacafc0000 - 0x00007ffacb015000 	C:\Windows\System32\shlwapi.dll
0x00007ffac8cc0000 - 0x00007ffac8cdf000 	C:\Windows\SYSTEM32\profapi.dll
0x00007ffa835f0000 - 0x00007ffa8360a000 	F:\Android\Android Studio\jre\bin\net.dll
0x00007ffac3440000 - 0x00007ffac354c000 	C:\Windows\SYSTEM32\WINHTTP.dll
0x00007ffac8460000 - 0x00007ffac84ca000 	C:\Windows\system32\mswsock.dll
0x00007ffa835d0000 - 0x00007ffa835e4000 	F:\Android\Android Studio\jre\bin\nio.dll
0x00007ffa88bc0000 - 0x00007ffa88be7000 	C:\Users\rita\.gradle\native\e1d6ef7f7dcc3fd88c89a11ec53ec762bb8ba0a96d01ffa2cd45eb1d1d8dd5c5\windows-amd64\native-platform.dll
0x00007ffa5efe0000 - 0x00007ffa5f124000 	C:\Users\rita\.gradle\native\0d407fdbe67a94daf76414ababcb853783967236a71b16ec16e742cd7a986fd3\windows-amd64\native-platform-file-events.dll
0x00007ffa835c0000 - 0x00007ffa835ca000 	F:\Android\Android Studio\jre\bin\management.dll
0x00007ffa835b0000 - 0x00007ffa835bd000 	F:\Android\Android Studio\jre\bin\management_ext.dll
0x00007ffac8650000 - 0x00007ffac8668000 	C:\Windows\SYSTEM32\CRYPTSP.dll
0x00007ffac7d80000 - 0x00007ffac7db4000 	C:\Windows\system32\rsaenh.dll
0x00007ffac8d80000 - 0x00007ffac8da7000 	C:\Windows\System32\bcrypt.dll
0x00007ffac8c40000 - 0x00007ffac8c6e000 	C:\Windows\SYSTEM32\USERENV.dll
0x00007ffac8670000 - 0x00007ffac867c000 	C:\Windows\SYSTEM32\CRYPTBASE.dll
0x00007ffac8150000 - 0x00007ffac818b000 	C:\Windows\SYSTEM32\IPHLPAPI.DLL
0x00007ffacb080000 - 0x00007ffacb088000 	C:\Windows\System32\NSI.dll
0x00007ffac40b0000 - 0x00007ffac40c7000 	C:\Windows\SYSTEM32\dhcpcsvc6.DLL
0x00007ffac3f80000 - 0x00007ffac3f9d000 	C:\Windows\SYSTEM32\dhcpcsvc.DLL
0x00007ffac8190000 - 0x00007ffac825a000 	C:\Windows\SYSTEM32\DNSAPI.dll
0x00007ffa60890000 - 0x00007ffa608b7000 	F:\Android\Android Studio\jre\bin\sunec.dll
0x00007ffac7ea0000 - 0x00007ffac7ed3000 	C:\Windows\SYSTEM32\ntmarta.dll

dbghelp: loaded successfully - version: 4.0.5 - missing functions: none
symbol engine: initialized successfully - sym options: 0x614 - pdb path: .;F:\Android\Android Studio\jre\bin;C:\Windows\SYSTEM32;C:\Windows\WinSxS\amd64_microsoft.windows.common-controls_6595b64144ccf1df_6.0.19041.1110_none_60b5254171f9507e;F:\Android\Android Studio\jre\bin\server;C:\Users\rita\.gradle\native\e1d6ef7f7dcc3fd88c89a11ec53ec762bb8ba0a96d01ffa2cd45eb1d1d8dd5c5\windows-amd64;C:\Users\rita\.gradle\native\0d407fdbe67a94daf76414ababcb853783967236a71b16ec16e742cd7a986fd3\windows-amd64

VM Arguments:
jvm_args: --add-opens=java.base/java.util=ALL-UNNAMED --add-opens=java.base/java.lang=ALL-UNNAMED --add-opens=java.base/java.lang.invoke=ALL-UNNAMED --add-opens=java.base/java.util=ALL-UNNAMED --add-opens=java.prefs/java.util.prefs=ALL-UNNAMED --add-opens=java.prefs/java.util.prefs=ALL-UNNAMED --add-opens=java.base/java.nio.charset=ALL-UNNAMED --add-opens=java.base/java.net=ALL-UNNAMED --add-opens=java.base/java.util.concurrent.atomic=ALL-UNNAMED -Xmx2048m -Dfile.encoding=UTF-8 -Duser.country=RU -Duser.language=ru -Duser.variant 
java_command: org.gradle.launcher.daemon.bootstrap.GradleDaemon 7.4
java_class_path (initial): C:\Users\rita\.gradle\wrapper\dists\gradle-7.4-bin\c0gwcg53nkjbqw7r0h0umtfvt\gradle-7.4\lib\gradle-launcher-7.4.jar
Launcher Type: SUN_STANDARD

[Global flags]
     intx CICompilerCount                          = 4                                         {product} {ergonomic}
     uint ConcGCThreads                            = 2                                         {product} {ergonomic}
     uint G1ConcRefinementThreads                  = 8                                         {product} {ergonomic}
   size_t G1HeapRegionSize                         = 1048576                                   {product} {ergonomic}
    uintx GCDrainStackTargetSize                   = 64                                        {product} {ergonomic}
   size_t InitialHeapSize                          = 201326592                                 {product} {ergonomic}
   size_t MarkStackSize                            = 4194304                                   {product} {ergonomic}
   size_t MaxHeapSize                              = 2147483648                                {product} {command line}
   size_t MaxNewSize                               = 1287651328                                {product} {ergonomic}
   size_t MinHeapDeltaBytes                        = 1048576                                   {product} {ergonomic}
    uintx NonNMethodCodeHeapSize                   = 5836300                                {pd product} {ergonomic}
    uintx NonProfiledCodeHeapSize                  = 122910970                              {pd product} {ergonomic}
    uintx ProfiledCodeHeapSize                     = 122910970                              {pd product} {ergonomic}
    uintx ReservedCodeCacheSize                    = 251658240                              {pd product} {ergonomic}
     bool SegmentedCodeCache                       = true                                      {product} {ergonomic}
     bool UseCompressedClassPointers               = true                                 {lp64_product} {ergonomic}
     bool UseCompressedOops                        = true                                 {lp64_product} {ergonomic}
     bool UseG1GC                                  = true                                      {product} {ergonomic}
     bool UseLargePagesIndividualAllocation        = false                                  {pd product} {ergonomic}

Logging:
Log output configuration:
 #0: stdout all=warning uptime,level,tags
 #1: stderr all=off uptime,level,tags

Environment Variables:
JAVA_HOME=C:\Program Files\Java\jdk-17.0.2
PATH=C:\Program Files\Common Files\Oracle\Java\javapath;C:\Program Files (x86)\Common Files\Oracle\Java\javapath;C:\Windows\system32;C:\Windows;C:\Windows\System32\Wbem;C:\Windows\System32\WindowsPowerShell\v1.0\;C:\Windows\System32\OpenSSH\;F:\jdk\bin;C:\Program Files\dotnet\;C:\Program Files\Java\jdk-17.0.2\bin;C:\Program Files\Git\cmd;C:\Program Files\Microsoft SQL Server\Client SDK\ODBC\170\Tools\Binn\;C:\Program Files (x86)\Microsoft SQL Server\150\Tools\Binn\;C:\Program Files\Microsoft SQL Server\150\Tools\Binn\;C:\Program Files\Microsoft SQL Server\150\DTS\Binn\;C:\Users\rita\AppData\Local\Programs\Python\Python310\Scripts\;C:\Users\rita\AppData\Local\Programs\Python\Python310\;C:\Users\rita\AppData\Local\Microsoft\WindowsApps;F:\IntelliJ IDEA Community Edition 2021.3.1\bin;;F:\jdk\bin;C:\Users\rita\.dotnet\tools;C:\Program Files\Java\jdk-17.0.2\bin;;F:\JetBrains\PyCharm Community Edition 2022.2.2\bin;
USERNAME=rita
OS=Windows_NT
PROCESSOR_IDENTIFIER=Intel64 Family 6 Model 60 Stepping 3, GenuineIntel



---------------  S Y S T E M  ---------------

OS: Windows 10 , 64 bit Build 19041 (10.0.19041.2364)
OS uptime: 5 days 2:44 hours

CPU:total 8 (initial active 8) (4 cores per cpu, 2 threads per core) family 6 model 60 stepping 3 microcode 0x27, cmov, cx8, fxsr, mmx, sse, sse2, sse3, ssse3, sse4.1, sse4.2, popcnt, avx, avx2, aes, clmul, erms, lzcnt, ht, tsc, tscinvbit, bmi1, bmi2, fma

Memory: 4k page, system-wide physical 12208M (1424M free)
TotalPageFile size 16382M (AvailPageFile size 63M)
current process WorkingSet (physical memory assigned to process): 568M, peak: 589M
current process commit charge ("private bytes"): 652M, peak: 777M

vm_info: OpenJDK 64-Bit Server VM (11.0.13+0-b1751.21-8125866) for windows-amd64 JRE (11.0.13+0-b1751.21-8125866), built on Feb  2 2022 03:00:22 by "builder" with MS VC++ 14.0 (VS2015)

END.
